Using pre-set license
Built from '2022.3/staging' branch; Version is '2022.3.8f1 (b5eafc012955) revision 11922172'; Using compiler version '192829333'; Build Type 'Release'
OS: 'Windows 10  (10.0.19045) 64bit Enterprise' Language: 'en' Physical Memory: 32467 MB
BatchMode: 1, IsHumanControllingUs: 0, StartBugReporterOnCrash: 0, Is64bit: 1, IsPro: 1

COMMAND LINE ARGUMENTS:
C:\Program Files\Unity\Hub\Editor\2022.3.8f1\Editor\Unity.exe
-adb2
-batchMode
-noUpm
-name
AssetImportWorker8
-projectPath
C:/Users/chenyufe/Documents/Rekordny_Github/RacerGame
-logFile
Logs/AssetImportWorker8.log
-srvPort
54047
Successfully changed project path to: C:/Users/chenyufe/Documents/Rekordny_Github/RacerGame
C:/Users/chenyufe/Documents/Rekordny_Github/RacerGame
[UnityMemory] Configuration Parameters - Can be set up in boot.config
    "memorysetup-bucket-allocator-granularity=16"
    "memorysetup-bucket-allocator-bucket-count=8"
    "memorysetup-bucket-allocator-block-size=33554432"
    "memorysetup-bucket-allocator-block-count=8"
    "memorysetup-main-allocator-block-size=16777216"
    "memorysetup-thread-allocator-block-size=16777216"
    "memorysetup-gfx-main-allocator-block-size=16777216"
    "memorysetup-gfx-thread-allocator-block-size=16777216"
    "memorysetup-cache-allocator-block-size=4194304"
    "memorysetup-typetree-allocator-block-size=2097152"
    "memorysetup-profiler-bucket-allocator-granularity=16"
    "memorysetup-profiler-bucket-allocator-bucket-count=8"
    "memorysetup-profiler-bucket-allocator-block-size=33554432"
    "memorysetup-profiler-bucket-allocator-block-count=8"
    "memorysetup-profiler-allocator-block-size=16777216"
    "memorysetup-profiler-editor-allocator-block-size=1048576"
    "memorysetup-temp-allocator-size-main=16777216"
    "memorysetup-job-temp-allocator-block-size=2097152"
    "memorysetup-job-temp-allocator-block-size-background=1048576"
    "memorysetup-job-temp-allocator-reduction-small-platforms=262144"
    "memorysetup-allocator-temp-initial-block-size-main=262144"
    "memorysetup-allocator-temp-initial-block-size-worker=262144"
    "memorysetup-temp-allocator-size-background-worker=32768"
    "memorysetup-temp-allocator-size-job-worker=262144"
    "memorysetup-temp-allocator-size-preload-manager=33554432"
    "memorysetup-temp-allocator-size-nav-mesh-worker=65536"
    "memorysetup-temp-allocator-size-audio-worker=65536"
    "memorysetup-temp-allocator-size-cloud-worker=32768"
    "memorysetup-temp-allocator-size-gi-baking-worker=262144"
    "memorysetup-temp-allocator-size-gfx=262144"
Player connection [10668] Host "[IP] 142.55.42.89 [Port] 0 [Flags] 2 [Guid] 1536844553 [EditorId] 1536844553 [Version] 1048832 [Id] WindowsEditor(7,oa-s142-23) [Debug] 1 [PackageName] WindowsEditor [ProjectName] Editor" joined multi-casting on [225.0.0.222:54997]...

Player connection [10668] Host "[IP] 142.55.42.89 [Port] 0 [Flags] 2 [Guid] 1536844553 [EditorId] 1536844553 [Version] 1048832 [Id] WindowsEditor(7,oa-s142-23) [Debug] 1 [PackageName] WindowsEditor [ProjectName] Editor" joined alternative multi-casting on [225.0.0.222:34997]...

[Physics::Module] Initialized MultithreadedJobDispatcher with 23 workers.
Refreshing native plugins compatible for Editor in 9.04 ms, found 2 plugins.
Preloading 0 native plugins for Editor in 0.00 ms.
Initialize engine version: 2022.3.8f1 (b5eafc012955)
[Subsystems] Discovering subsystems at path C:/Program Files/Unity/Hub/Editor/2022.3.8f1/Editor/Data/Resources/UnitySubsystems
[Subsystems] Discovering subsystems at path C:/Users/chenyufe/Documents/Rekordny_Github/RacerGame/Assets
GfxDevice: creating device client; threaded=0; jobified=0
Direct3D:
    Version:  Direct3D 11.0 [level 11.1]
    Renderer: NVIDIA GeForce GTX 1080 Ti (ID=0x1b06)
    Vendor:   NVIDIA
    VRAM:     11120 MB
    Driver:   31.0.15.3713
Initialize mono
Mono path[0] = 'C:/Program Files/Unity/Hub/Editor/2022.3.8f1/Editor/Data/Managed'
Mono path[1] = 'C:/Program Files/Unity/Hub/Editor/2022.3.8f1/Editor/Data/MonoBleedingEdge/lib/mono/unityjit-win32'
Mono config path = 'C:/Program Files/Unity/Hub/Editor/2022.3.8f1/Editor/Data/MonoBleedingEdge/etc'
Using monoOptions --debugger-agent=transport=dt_socket,embedding=1,server=y,suspend=n,address=127.0.0.1:56752
Begin MonoManager ReloadAssembly
Registering precompiled unity dll's ...
Register platform support module: C:/Program Files/Unity/Hub/Editor/2022.3.8f1/Editor/Data/PlaybackEngines/WebGLSupport/UnityEditor.WebGL.Extensions.dll
Register platform support module: C:/Program Files/Unity/Hub/Editor/2022.3.8f1/Editor/Data/PlaybackEngines/AndroidPlayer/UnityEditor.Android.Extensions.dll
Register platform support module: C:/Program Files/Unity/Hub/Editor/2022.3.8f1/Editor/Data/PlaybackEngines/WindowsStandaloneSupport/UnityEditor.WindowsStandalone.Extensions.dll
Registered in 0.023377 seconds.
- Loaded All Assemblies, in  0.553 seconds
Native extension for WindowsStandalone target not found
Native extension for Android target not found
Android Extension - Scanning For ADB Devices 1051 ms
Native extension for WebGL target not found
Mono: successfully reloaded assembly
- Finished resetting the current domain, in  1.508 seconds
Domain Reload Profiling: 2058ms
	BeginReloadAssembly (168ms)
		ExecutionOrderSort (0ms)
		DisableScriptedObjects (0ms)
		BackupInstance (0ms)
		ReleaseScriptingObjects (0ms)
		CreateAndSetChildDomain (1ms)
	RebuildCommonClasses (47ms)
	RebuildNativeTypeToScriptingClass (18ms)
	initialDomainReloadingComplete (95ms)
	LoadAllAssembliesAndSetupDomain (222ms)
		LoadAssemblies (166ms)
		RebuildTransferFunctionScriptingTraits (0ms)
		AnalyzeDomain (218ms)
			TypeCache.Refresh (216ms)
				TypeCache.ScanAssembly (197ms)
			ScanForSourceGeneratedMonoScriptInfo (1ms)
			ResolveRequiredComponents (1ms)
	FinalizeReload (1509ms)
		ReleaseScriptCaches (0ms)
		RebuildScriptCaches (0ms)
		SetupLoadedEditorAssemblies (1431ms)
			LogAssemblyErrors (0ms)
			InitializePlatformSupportModulesInManaged (1228ms)
			SetLoadedEditorAssemblies (4ms)
			RefreshPlugins (0ms)
			BeforeProcessingInitializeOnLoad (3ms)
			ProcessInitializeOnLoadAttributes (133ms)
			ProcessInitializeOnLoadMethodAttributes (63ms)
			AfterProcessingInitializeOnLoad (0ms)
			EditorAssembliesLoaded (0ms)
		ExecutionOrderSort2 (0ms)
		AwakeInstancesAfterBackupRestoration (0ms)
========================================================================
Worker process is ready to serve import requests
Begin MonoManager ReloadAssembly
- Loaded All Assemblies, in  0.725 seconds
Refreshing native plugins compatible for Editor in 3.69 ms, found 2 plugins.
Native extension for WindowsStandalone target not found
Native extension for Android target not found
Native extension for WebGL target not found
Package Manager log level set to [2]
[Package Manager] Server::EnsureServerProcessIsRunning -- launch failed, reason: Unity was launched with the -noUpm command-line argument
[Package Manager] UpmClient::Send -- Unable to send message (not connected to UPM process).
[Package Manager] Cannot connect to Unity Package Manager local server
Mono: successfully reloaded assembly
- Finished resetting the current domain, in  0.774 seconds
Domain Reload Profiling: 1495ms
	BeginReloadAssembly (226ms)
		ExecutionOrderSort (0ms)
		DisableScriptedObjects (8ms)
		BackupInstance (0ms)
		ReleaseScriptingObjects (0ms)
		CreateAndSetChildDomain (32ms)
	RebuildCommonClasses (49ms)
	RebuildNativeTypeToScriptingClass (18ms)
	initialDomainReloadingComplete (60ms)
	LoadAllAssembliesAndSetupDomain (368ms)
		LoadAssemblies (372ms)
		RebuildTransferFunctionScriptingTraits (0ms)
		AnalyzeDomain (136ms)
			TypeCache.Refresh (119ms)
				TypeCache.ScanAssembly (97ms)
			ScanForSourceGeneratedMonoScriptInfo (12ms)
			ResolveRequiredComponents (5ms)
	FinalizeReload (775ms)
		ReleaseScriptCaches (0ms)
		RebuildScriptCaches (0ms)
		SetupLoadedEditorAssemblies (534ms)
			LogAssemblyErrors (0ms)
			InitializePlatformSupportModulesInManaged (38ms)
			SetLoadedEditorAssemblies (4ms)
			RefreshPlugins (0ms)
			BeforeProcessingInitializeOnLoad (71ms)
			ProcessInitializeOnLoadAttributes (384ms)
			ProcessInitializeOnLoadMethodAttributes (25ms)
			AfterProcessingInitializeOnLoad (14ms)
			EditorAssembliesLoaded (0ms)
		ExecutionOrderSort2 (0ms)
		AwakeInstancesAfterBackupRestoration (13ms)
Launched and connected shader compiler UnityShaderCompiler.exe after 0.11 seconds
Refreshing native plugins compatible for Editor in 3.62 ms, found 2 plugins.
Preloading 0 native plugins for Editor in 0.00 ms.
Unloading 1574 Unused Serialized files (Serialized files now loaded: 0)
Unloading 34 unused Assets / (129.8 KB). Loaded Objects now: 2045.
Memory consumption went from 91.5 MB to 91.4 MB.
Total: 3.898200 ms (FindLiveObjects: 0.204700 ms CreateObjectMapping: 0.059100 ms MarkObjects: 3.454300 ms  DeleteObjects: 0.179300 ms)

AssetImportParameters requested are different than current active one (requested -> active):
  custom:video-decoder-webm-vp8: 9c59270c3fd7afecdb556c50c9e8de78 -> 
  custom:SearchIndexIgnoredProperties: e643bd26f0fe6173181afceb89e7c659 -> 
  custom:container-demuxer-ogg: 62fdf1f143b41e24485cea50d1cbac27 -> 
  custom:AudioImporter_EditorPlatform: d09bf68614088b80899f8185d706f6e7 -> 
  custom:video-decoder-ogg-theora: a1e56fd34408186e4bbccfd4996cb3dc -> 
  custom:framework-win-MediaFoundation: 216162199b28c13a410421893ffa2e32 -> 
  custom:video-encoder-webm-vp8: eb34c28f22e8b96e1ab97ce403110664 -> 
  custom:audio-decoder-ogg-vorbis: bf7c407c2cedff20999df2af8eb42d56 -> 
  custom:CustomObjectIndexerAttribute: 756ad292c208cfabdd7b50bc23989ffe -> 
  custom:container-demuxer-webm: 4f35f7cbe854078d1ac9338744f61a02 -> 
  custom:audio-encoder-webm-vorbis: bf7c407c2cedff20999df2af8eb42d56 -> 
  custom:container-muxer-webm: aa71ff27fc2769a1b78a27578f13a17b -> 
========================================================================
Received Import Request.
  Time since last request: 60949.108329 seconds.
  path: Assets/Models/OBJ format/astronautB.obj
  artifactKey: Guid(d3101e05487292a4a9fa56829edb9fd7) Importer(815301076,1909f56bfc062723c751e8b465ee728b)
Start importing Assets/Models/OBJ format/astronautB.obj using Guid(d3101e05487292a4a9fa56829edb9fd7) Importer(815301076,1909f56bfc062723c751e8b465ee728b)  -> (artifact id: '3048d33994e4635c0241a63ef2b3f226') in 0.256514 seconds
Number of updated asset objects reloaded before import = 0
Number of asset objects unloaded after import = 39
========================================================================
Received Import Request.
  Time since last request: 0.000027 seconds.
  path: Assets/Models/OBJ format/gate_complex.obj
  artifactKey: Guid(e942ae5929fd5674cb7ff8703d1f4cb3) Importer(815301076,1909f56bfc062723c751e8b465ee728b)
Start importing Assets/Models/OBJ format/gate_complex.obj using Guid(e942ae5929fd5674cb7ff8703d1f4cb3) Importer(815301076,1909f56bfc062723c751e8b465ee728b)  -> (artifact id: '35dbedabe9117637190a395f56b9db19') in 0.048278 seconds
Number of updated asset objects reloaded before import = 0
Number of asset objects unloaded after import = 13
========================================================================
Received Import Request.
  Time since last request: 0.000030 seconds.
  path: Assets/Models/OBJ format/corridor_roof.obj
  artifactKey: Guid(816db9cbcdce57b49b1ff2869e4c5d6f) Importer(815301076,1909f56bfc062723c751e8b465ee728b)
Start importing Assets/Models/OBJ format/corridor_roof.obj using Guid(816db9cbcdce57b49b1ff2869e4c5d6f) Importer(815301076,1909f56bfc062723c751e8b465ee728b)  -> (artifact id: '8a3c86fc859d083dd2cc76002e886d90') in 0.034364 seconds
Number of updated asset objects reloaded before import = 0
Number of asset objects unloaded after import = 11
========================================================================
Received Import Request.
  Time since last request: 0.000018 seconds.
  path: Assets/Models/OBJ format/craft_racer.obj
  artifactKey: Guid(0f82066f351dab6448de342a1894c0c9) Importer(815301076,1909f56bfc062723c751e8b465ee728b)
Start importing Assets/Models/OBJ format/craft_racer.obj using Guid(0f82066f351dab6448de342a1894c0c9) Importer(815301076,1909f56bfc062723c751e8b465ee728b)  -> (artifact id: '5c1623fcc92efcefa912bf0c6efd9020') in 0.049543 seconds
Number of updated asset objects reloaded before import = 0
Number of asset objects unloaded after import = 13
========================================================================
Received Import Request.
  Time since last request: 0.000019 seconds.
  path: Assets/Models/OBJ format/corridor_detailed.obj
  artifactKey: Guid(356f70a78c08ea74099d259d184cc3cd) Importer(815301076,1909f56bfc062723c751e8b465ee728b)
Start importing Assets/Models/OBJ format/corridor_detailed.obj using Guid(356f70a78c08ea74099d259d184cc3cd) Importer(815301076,1909f56bfc062723c751e8b465ee728b)  -> (artifact id: 'b971933350186596589c56f10ff3feb8') in 0.040868 seconds
Number of updated asset objects reloaded before import = 0
Number of asset objects unloaded after import = 13
========================================================================
Received Import Request.
  Time since last request: 448.879292 seconds.
  path: Assets/Materials/Rock.mat
  artifactKey: Guid(747e46d342b210844a9ce42295e59e04) Importer(815301076,1909f56bfc062723c751e8b465ee728b)
Start importing Assets/Materials/Rock.mat using Guid(747e46d342b210844a9ce42295e59e04) Importer(815301076,1909f56bfc062723c751e8b465ee728b)  -> (artifact id: '4ae912a44a0a7d2c00efb6fb813efbca') in 0.012774 seconds
Number of updated asset objects reloaded before import = 0
Number of asset objects unloaded after import = 1
========================================================================
Received Import Request.
  Time since last request: 79.188431 seconds.
  path: Assets/Materials/Rock2.mat
  artifactKey: Guid(f05d5807eb1efc941bad116435c51cec) Importer(815301076,1909f56bfc062723c751e8b465ee728b)
Start importing Assets/Materials/Rock2.mat using Guid(f05d5807eb1efc941bad116435c51cec) Importer(815301076,1909f56bfc062723c751e8b465ee728b)  -> (artifact id: '05c7fa2d9bd233eca7590324197923e2') in 0.010778 seconds
Number of updated asset objects reloaded before import = 0
Number of asset objects unloaded after import = 1
========================================================================
Received Import Request.
  Time since last request: 2046.167751 seconds.
  path: Assets/Assets/Tracks/Track_04.fbx
  artifactKey: Guid(84f47de7ddfbb1744a62d937a473347b) Importer(815301076,1909f56bfc062723c751e8b465ee728b)
Start importing Assets/Assets/Tracks/Track_04.fbx using Guid(84f47de7ddfbb1744a62d937a473347b) Importer(815301076,1909f56bfc062723c751e8b465ee728b)  -> (artifact id: '4d765e4ecaaf270e28be53abfd3289a5') in 1.822347 seconds
Number of updated asset objects reloaded before import = 0
Number of asset objects unloaded after import = 1458
========================================================================
Received Import Request.
  Time since last request: 220.071705 seconds.
  path: Assets/Assets/Tracks/Track_05.fbx
  artifactKey: Guid(93ea70cec4a73364a8f97d684588d53e) Importer(815301076,1909f56bfc062723c751e8b465ee728b)
Start importing Assets/Assets/Tracks/Track_05.fbx using Guid(93ea70cec4a73364a8f97d684588d53e) Importer(815301076,1909f56bfc062723c751e8b465ee728b)  -> (artifact id: 'ef0094899a060f26756f90e54ea084f9') in 2.388459 seconds
Number of updated asset objects reloaded before import = 0
Number of asset objects unloaded after import = 1215
========================================================================
Received Import Request.
  Time since last request: 121.331273 seconds.
  path: Assets/Assets/Tracks/Track_05.fbx
  artifactKey: Guid(93ea70cec4a73364a8f97d684588d53e) Importer(815301076,1909f56bfc062723c751e8b465ee728b)
Start importing Assets/Assets/Tracks/Track_05.fbx using Guid(93ea70cec4a73364a8f97d684588d53e) Importer(815301076,1909f56bfc062723c751e8b465ee728b)  -> (artifact id: '0ab71af48666f4e71094c1d7d6fe7d9f') in 2.068588 seconds
Number of updated asset objects reloaded before import = 0
Number of asset objects unloaded after import = 1215
========================================================================
Received Import Request.
  Time since last request: 178.055763 seconds.
  path: Assets/Assets/Tracks/Track_05.fbx
  artifactKey: Guid(93ea70cec4a73364a8f97d684588d53e) Importer(815301076,1909f56bfc062723c751e8b465ee728b)
Start importing Assets/Assets/Tracks/Track_05.fbx using Guid(93ea70cec4a73364a8f97d684588d53e) Importer(815301076,1909f56bfc062723c751e8b465ee728b)  -> (artifact id: '0851bdecfbc2965cf3d50ae295a35d53') in 1.834975 seconds
Number of updated asset objects reloaded before import = 0
Number of asset objects unloaded after import = 1215
========================================================================
Received Import Request.
  Time since last request: 121.077670 seconds.
  path: Assets/Assets/Tracks/Track_05.fbx
  artifactKey: Guid(93ea70cec4a73364a8f97d684588d53e) Importer(815301076,1909f56bfc062723c751e8b465ee728b)
Start importing Assets/Assets/Tracks/Track_05.fbx using Guid(93ea70cec4a73364a8f97d684588d53e) Importer(815301076,1909f56bfc062723c751e8b465ee728b)  -> (artifact id: 'c948493b52e7b25b4264c34187073b4b') in 1.960497 seconds
Number of updated asset objects reloaded before import = 0
Number of asset objects unloaded after import = 1220
========================================================================
Received Import Request.
  Time since last request: 14567.600326 seconds.
  path: Assets/Materials/Rock.mat
  artifactKey: Guid(747e46d342b210844a9ce42295e59e04) Importer(815301076,1909f56bfc062723c751e8b465ee728b)
Start importing Assets/Materials/Rock.mat using Guid(747e46d342b210844a9ce42295e59e04) Importer(815301076,1909f56bfc062723c751e8b465ee728b)  -> (artifact id: '7f4229d9cecc9dd009c52fe4c2c7e070') in 0.192607 seconds
Number of updated asset objects reloaded before import = 0
Number of asset objects unloaded after import = 1
========================================================================
Received Import Request.
  Time since last request: 1734.295676 seconds.
  path: Assets/Isometric/alien_E.png
  artifactKey: Guid(22e5928ffb0d84c41a42751a4130d132) Importer(815301076,1909f56bfc062723c751e8b465ee728b)
Start importing Assets/Isometric/alien_E.png using Guid(22e5928ffb0d84c41a42751a4130d132) Importer(815301076,1909f56bfc062723c751e8b465ee728b)  -> (artifact id: '0693509aa28a7c57cb1306ac42ca6d50') in 0.029268 seconds
Number of updated asset objects reloaded before import = 0
Number of asset objects unloaded after import = 2
========================================================================
Received Import Request.
  Time since last request: 0.092045 seconds.
  path: Assets/Isometric/alien_NW.png
  artifactKey: Guid(f0e654b0e1104a44e91b7f04db2c8de9) Importer(815301076,1909f56bfc062723c751e8b465ee728b)
Start importing Assets/Isometric/alien_NW.png using Guid(f0e654b0e1104a44e91b7f04db2c8de9) Importer(815301076,1909f56bfc062723c751e8b465ee728b)  -> (artifact id: 'eb7123191dc1195c0adfee9f2df63602') in 0.022240 seconds
Number of updated asset objects reloaded before import = 0
Number of asset objects unloaded after import = 2
========================================================================
Received Import Request.
  Time since last request: 0.000025 seconds.
  path: Assets/Isometric/astronautA_N.png
  artifactKey: Guid(69f832a09d28e2a4cb07eb520364ac3f) Importer(815301076,1909f56bfc062723c751e8b465ee728b)
Start importing Assets/Isometric/astronautA_N.png using Guid(69f832a09d28e2a4cb07eb520364ac3f) Importer(815301076,1909f56bfc062723c751e8b465ee728b)  -> (artifact id: 'a4e2ef8a69503b3a92f3b27891b57f93') in 0.019454 seconds
Number of updated asset objects reloaded before import = 0
Number of asset objects unloaded after import = 2
========================================================================
Received Import Request.
  Time since last request: 0.001982 seconds.
  path: Assets/Isometric/alien_SE.png
  artifactKey: Guid(0c050aec61e3d024fbad34378caf4499) Importer(815301076,1909f56bfc062723c751e8b465ee728b)
Start importing Assets/Isometric/alien_SE.png using Guid(0c050aec61e3d024fbad34378caf4499) Importer(815301076,1909f56bfc062723c751e8b465ee728b)  -> (artifact id: 'eb27947eb66ae9d1f095bfee8089b468') in 0.019544 seconds
Number of updated asset objects reloaded before import = 0
Number of asset objects unloaded after import = 2
========================================================================
Received Import Request.
  Time since last request: 0.004482 seconds.
  path: Assets/Isometric/astronautA_NE.png
  artifactKey: Guid(5f66192f071210447a7cfcca5d7c8a37) Importer(815301076,1909f56bfc062723c751e8b465ee728b)
Start importing Assets/Isometric/astronautA_NE.png using Guid(5f66192f071210447a7cfcca5d7c8a37) Importer(815301076,1909f56bfc062723c751e8b465ee728b)  -> (artifact id: '086fa11bdb392fdd8d8f61000674f43c') in 0.021358 seconds
Number of updated asset objects reloaded before import = 0
Number of asset objects unloaded after import = 2
========================================================================
Received Import Request.
  Time since last request: 0.000023 seconds.
  path: Assets/Isometric/astronautB_N.png
  artifactKey: Guid(31067940c3513904ab9fc2b8be16af4d) Importer(815301076,1909f56bfc062723c751e8b465ee728b)
Start importing Assets/Isometric/astronautB_N.png using Guid(31067940c3513904ab9fc2b8be16af4d) Importer(815301076,1909f56bfc062723c751e8b465ee728b)  -> (artifact id: 'ddfe344bb361597a007b1c1651d4349e') in 0.020229 seconds
Number of updated asset objects reloaded before import = 0
Number of asset objects unloaded after import = 2
========================================================================
Received Import Request.
  Time since last request: 0.000025 seconds.
  path: Assets/Isometric/astronautB_W.png
  artifactKey: Guid(a4f9761eabd785741a6d99657a4af2fe) Importer(815301076,1909f56bfc062723c751e8b465ee728b)
Start importing Assets/Isometric/astronautB_W.png using Guid(a4f9761eabd785741a6d99657a4af2fe) Importer(815301076,1909f56bfc062723c751e8b465ee728b)  -> (artifact id: 'a88c13895b7ab3b573676dda560d5759') in 0.020000 seconds
Number of updated asset objects reloaded before import = 0
Number of asset objects unloaded after import = 2
========================================================================
Received Import Request.
  Time since last request: 0.000023 seconds.
  path: Assets/Isometric/barrel_SW.png
  artifactKey: Guid(d33596d8892f9f843bf58fb4662339b0) Importer(815301076,1909f56bfc062723c751e8b465ee728b)
Start importing Assets/Isometric/barrel_SW.png using Guid(d33596d8892f9f843bf58fb4662339b0) Importer(815301076,1909f56bfc062723c751e8b465ee728b)  -> (artifact id: 'e2d851f64fa8633130625fb533c5c4f7') in 0.020240 seconds
Number of updated asset objects reloaded before import = 0
Number of asset objects unloaded after import = 2
========================================================================
Received Import Request.
  Time since last request: 0.000018 seconds.
  path: Assets/Isometric/astronautB_SW.png
  artifactKey: Guid(14c717672c5185543b267329bf7d4d85) Importer(815301076,1909f56bfc062723c751e8b465ee728b)
Start importing Assets/Isometric/astronautB_SW.png using Guid(14c717672c5185543b267329bf7d4d85) Importer(815301076,1909f56bfc062723c751e8b465ee728b)  -> (artifact id: '70d057614d6b4076dadd26a0161b2fde') in 0.018953 seconds
Number of updated asset objects reloaded before import = 0
Number of asset objects unloaded after import = 2
========================================================================
Received Import Request.
  Time since last request: 0.000018 seconds.
  path: Assets/Isometric/barrels_rail_NW.png
  artifactKey: Guid(5849a3622280dba43a91d87486dc8a2e) Importer(815301076,1909f56bfc062723c751e8b465ee728b)
Start importing Assets/Isometric/barrels_rail_NW.png using Guid(5849a3622280dba43a91d87486dc8a2e) Importer(815301076,1909f56bfc062723c751e8b465ee728b)  -> (artifact id: 'e02f3cdebe460cce4dbfd27f0c0cfe7c') in 0.020560 seconds
Number of updated asset objects reloaded before import = 0
Number of asset objects unloaded after import = 2
========================================================================
Received Import Request.
  Time since last request: 0.000023 seconds.
  path: Assets/Isometric/astronautA_SW.png
  artifactKey: Guid(ce4d2d68c9a1eeb4496b7eb32344478b) Importer(815301076,1909f56bfc062723c751e8b465ee728b)
Start importing Assets/Isometric/astronautA_SW.png using Guid(ce4d2d68c9a1eeb4496b7eb32344478b) Importer(815301076,1909f56bfc062723c751e8b465ee728b)  -> (artifact id: 'abbfa84dac08999a3ad74757d4629e70') in 0.021899 seconds
Number of updated asset objects reloaded before import = 0
Number of asset objects unloaded after import = 2
========================================================================
Received Import Request.
  Time since last request: 0.000020 seconds.
  path: Assets/Isometric/astronautB_S.png
  artifactKey: Guid(de6bda4cfae342344859a446ae46b685) Importer(815301076,1909f56bfc062723c751e8b465ee728b)
Start importing Assets/Isometric/astronautB_S.png using Guid(de6bda4cfae342344859a446ae46b685) Importer(815301076,1909f56bfc062723c751e8b465ee728b)  -> (artifact id: '36f35ff15cf84d8e2a104e6c8c600274') in 0.022367 seconds
Number of updated asset objects reloaded before import = 0
Number of asset objects unloaded after import = 2
========================================================================
Received Import Request.
  Time since last request: 0.000025 seconds.
  path: Assets/Isometric/astronautA_SE.png
  artifactKey: Guid(acacb80ede49fa44d9e00f8a25784cef) Importer(815301076,1909f56bfc062723c751e8b465ee728b)
Start importing Assets/Isometric/astronautA_SE.png using Guid(acacb80ede49fa44d9e00f8a25784cef) Importer(815301076,1909f56bfc062723c751e8b465ee728b)  -> (artifact id: 'f87e4ce7941244a5c251764443d25019') in 0.020785 seconds
Number of updated asset objects reloaded before import = 0
Number of asset objects unloaded after import = 2
========================================================================
Received Import Request.
  Time since last request: 0.000028 seconds.
  path: Assets/Isometric/astronautB_NW.png
  artifactKey: Guid(add0ef4dbd85a4b4cb8e201c7bb31665) Importer(815301076,1909f56bfc062723c751e8b465ee728b)
Start importing Assets/Isometric/astronautB_NW.png using Guid(add0ef4dbd85a4b4cb8e201c7bb31665) Importer(815301076,1909f56bfc062723c751e8b465ee728b)  -> (artifact id: '868405416c95e59ebc1cbb149490e93c') in 0.019565 seconds
Number of updated asset objects reloaded before import = 0
Number of asset objects unloaded after import = 2
========================================================================
Received Import Request.
  Time since last request: 0.000031 seconds.
  path: Assets/Isometric/astronautA_W.png
  artifactKey: Guid(49188598384a3ad4dbb1fcb7f6a7235d) Importer(815301076,1909f56bfc062723c751e8b465ee728b)
Start importing Assets/Isometric/astronautA_W.png using Guid(49188598384a3ad4dbb1fcb7f6a7235d) Importer(815301076,1909f56bfc062723c751e8b465ee728b)  -> (artifact id: 'f9f5549b2bb843d36bec3b58bb2dd477') in 0.022582 seconds
Number of updated asset objects reloaded before import = 0
Number of asset objects unloaded after import = 2
========================================================================
Received Import Request.
  Time since last request: 0.000023 seconds.
  path: Assets/Isometric/alien_NE.png
  artifactKey: Guid(6191bbb6ed346004e9e95dd7f3f92105) Importer(815301076,1909f56bfc062723c751e8b465ee728b)
Start importing Assets/Isometric/alien_NE.png using Guid(6191bbb6ed346004e9e95dd7f3f92105) Importer(815301076,1909f56bfc062723c751e8b465ee728b)  -> (artifact id: '832a94d137a14d6ad11dca737a8ed867') in 0.021098 seconds
Number of updated asset objects reloaded before import = 0
Number of asset objects unloaded after import = 2
Editor requested this worker to shutdown with reason: Scaling down because of idle timeout
TcpMessagingSession - receive error: operation aborted. errorcode: 995, details: The I/O operation has been aborted because of either a thread exit or an application request.
AssetImportWorker is now disconnected from the server
Process exiting
Exiting without the bug reporter. Application will terminate with return code 0