Using pre-set license
Built from '2022.3/staging' branch; Version is '2022.3.8f1 (b5eafc012955) revision 11922172'; Using compiler version '192829333'; Build Type 'Release'
OS: 'Windows 10  (10.0.19045) 64bit Enterprise' Language: 'en' Physical Memory: 32467 MB
BatchMode: 1, IsHumanControllingUs: 0, StartBugReporterOnCrash: 0, Is64bit: 1, IsPro: 1

COMMAND LINE ARGUMENTS:
C:\Program Files\Unity\Hub\Editor\2022.3.8f1\Editor\Unity.exe
-adb2
-batchMode
-noUpm
-name
AssetImportWorker4
-projectPath
C:/Users/chenyufe/Documents/Rekordny_Github/RacerGame
-logFile
Logs/AssetImportWorker4.log
-srvPort
54047
Successfully changed project path to: C:/Users/chenyufe/Documents/Rekordny_Github/RacerGame
C:/Users/chenyufe/Documents/Rekordny_Github/RacerGame
[UnityMemory] Configuration Parameters - Can be set up in boot.config
    "memorysetup-bucket-allocator-granularity=16"
    "memorysetup-bucket-allocator-bucket-count=8"
    "memorysetup-bucket-allocator-block-size=33554432"
    "memorysetup-bucket-allocator-block-count=8"
    "memorysetup-main-allocator-block-size=16777216"
    "memorysetup-thread-allocator-block-size=16777216"
    "memorysetup-gfx-main-allocator-block-size=16777216"
    "memorysetup-gfx-thread-allocator-block-size=16777216"
    "memorysetup-cache-allocator-block-size=4194304"
    "memorysetup-typetree-allocator-block-size=2097152"
    "memorysetup-profiler-bucket-allocator-granularity=16"
    "memorysetup-profiler-bucket-allocator-bucket-count=8"
    "memorysetup-profiler-bucket-allocator-block-size=33554432"
    "memorysetup-profiler-bucket-allocator-block-count=8"
    "memorysetup-profiler-allocator-block-size=16777216"
    "memorysetup-profiler-editor-allocator-block-size=1048576"
    "memorysetup-temp-allocator-size-main=16777216"
    "memorysetup-job-temp-allocator-block-size=2097152"
    "memorysetup-job-temp-allocator-block-size-background=1048576"
    "memorysetup-job-temp-allocator-reduction-small-platforms=262144"
    "memorysetup-allocator-temp-initial-block-size-main=262144"
    "memorysetup-allocator-temp-initial-block-size-worker=262144"
    "memorysetup-temp-allocator-size-background-worker=32768"
    "memorysetup-temp-allocator-size-job-worker=262144"
    "memorysetup-temp-allocator-size-preload-manager=33554432"
    "memorysetup-temp-allocator-size-nav-mesh-worker=65536"
    "memorysetup-temp-allocator-size-audio-worker=65536"
    "memorysetup-temp-allocator-size-cloud-worker=32768"
    "memorysetup-temp-allocator-size-gi-baking-worker=262144"
    "memorysetup-temp-allocator-size-gfx=262144"
Player connection [17908] Host "[IP] 142.55.42.89 [Port] 0 [Flags] 2 [Guid] 713880310 [EditorId] 713880310 [Version] 1048832 [Id] WindowsEditor(7,oa-s142-23) [Debug] 1 [PackageName] WindowsEditor [ProjectName] Editor" joined multi-casting on [225.0.0.222:54997]...

Player connection [17908] Host "[IP] 142.55.42.89 [Port] 0 [Flags] 2 [Guid] 713880310 [EditorId] 713880310 [Version] 1048832 [Id] WindowsEditor(7,oa-s142-23) [Debug] 1 [PackageName] WindowsEditor [ProjectName] Editor" joined alternative multi-casting on [225.0.0.222:34997]...

[Physics::Module] Initialized MultithreadedJobDispatcher with 23 workers.
Refreshing native plugins compatible for Editor in 8.52 ms, found 2 plugins.
Preloading 0 native plugins for Editor in 0.00 ms.
Initialize engine version: 2022.3.8f1 (b5eafc012955)
[Subsystems] Discovering subsystems at path C:/Program Files/Unity/Hub/Editor/2022.3.8f1/Editor/Data/Resources/UnitySubsystems
[Subsystems] Discovering subsystems at path C:/Users/chenyufe/Documents/Rekordny_Github/RacerGame/Assets
GfxDevice: creating device client; threaded=0; jobified=0
Direct3D:
    Version:  Direct3D 11.0 [level 11.1]
    Renderer: NVIDIA GeForce GTX 1080 Ti (ID=0x1b06)
    Vendor:   NVIDIA
    VRAM:     11120 MB
    Driver:   31.0.15.3713
Initialize mono
Mono path[0] = 'C:/Program Files/Unity/Hub/Editor/2022.3.8f1/Editor/Data/Managed'
Mono path[1] = 'C:/Program Files/Unity/Hub/Editor/2022.3.8f1/Editor/Data/MonoBleedingEdge/lib/mono/unityjit-win32'
Mono config path = 'C:/Program Files/Unity/Hub/Editor/2022.3.8f1/Editor/Data/MonoBleedingEdge/etc'
Using monoOptions --debugger-agent=transport=dt_socket,embedding=1,server=y,suspend=n,address=127.0.0.1:56632
Begin MonoManager ReloadAssembly
Registering precompiled unity dll's ...
Register platform support module: C:/Program Files/Unity/Hub/Editor/2022.3.8f1/Editor/Data/PlaybackEngines/WebGLSupport/UnityEditor.WebGL.Extensions.dll
Register platform support module: C:/Program Files/Unity/Hub/Editor/2022.3.8f1/Editor/Data/PlaybackEngines/AndroidPlayer/UnityEditor.Android.Extensions.dll
Register platform support module: C:/Program Files/Unity/Hub/Editor/2022.3.8f1/Editor/Data/PlaybackEngines/WindowsStandaloneSupport/UnityEditor.WindowsStandalone.Extensions.dll
Registered in 0.020228 seconds.
- Loaded All Assemblies, in  0.584 seconds
Native extension for WindowsStandalone target not found
Native extension for Android target not found
Android Extension - Scanning For ADB Devices 973 ms
Native extension for WebGL target not found
Mono: successfully reloaded assembly
- Finished resetting the current domain, in  1.490 seconds
Domain Reload Profiling: 2070ms
	BeginReloadAssembly (178ms)
		ExecutionOrderSort (0ms)
		DisableScriptedObjects (0ms)
		BackupInstance (0ms)
		ReleaseScriptingObjects (0ms)
		CreateAndSetChildDomain (2ms)
	RebuildCommonClasses (54ms)
	RebuildNativeTypeToScriptingClass (17ms)
	initialDomainReloadingComplete (93ms)
	LoadAllAssembliesAndSetupDomain (237ms)
		LoadAssemblies (174ms)
		RebuildTransferFunctionScriptingTraits (0ms)
		AnalyzeDomain (232ms)
			TypeCache.Refresh (230ms)
				TypeCache.ScanAssembly (205ms)
			ScanForSourceGeneratedMonoScriptInfo (1ms)
			ResolveRequiredComponents (1ms)
	FinalizeReload (1491ms)
		ReleaseScriptCaches (0ms)
		RebuildScriptCaches (0ms)
		SetupLoadedEditorAssemblies (1410ms)
			LogAssemblyErrors (0ms)
			InitializePlatformSupportModulesInManaged (1171ms)
			SetLoadedEditorAssemblies (4ms)
			RefreshPlugins (0ms)
			BeforeProcessingInitializeOnLoad (3ms)
			ProcessInitializeOnLoadAttributes (153ms)
			ProcessInitializeOnLoadMethodAttributes (78ms)
			AfterProcessingInitializeOnLoad (0ms)
			EditorAssembliesLoaded (0ms)
		ExecutionOrderSort2 (0ms)
		AwakeInstancesAfterBackupRestoration (0ms)
========================================================================
Worker process is ready to serve import requests
Begin MonoManager ReloadAssembly
- Loaded All Assemblies, in  0.825 seconds
Refreshing native plugins compatible for Editor in 4.80 ms, found 2 plugins.
Native extension for WindowsStandalone target not found
Native extension for Android target not found
Native extension for WebGL target not found
Package Manager log level set to [2]
[Package Manager] Server::EnsureServerProcessIsRunning -- launch failed, reason: Unity was launched with the -noUpm command-line argument
[Package Manager] UpmClient::Send -- Unable to send message (not connected to UPM process).
[Package Manager] Cannot connect to Unity Package Manager local server
Mono: successfully reloaded assembly
- Finished resetting the current domain, in  0.891 seconds
Domain Reload Profiling: 1712ms
	BeginReloadAssembly (240ms)
		ExecutionOrderSort (0ms)
		DisableScriptedObjects (8ms)
		BackupInstance (0ms)
		ReleaseScriptingObjects (0ms)
		CreateAndSetChildDomain (39ms)
	RebuildCommonClasses (71ms)
	RebuildNativeTypeToScriptingClass (21ms)
	initialDomainReloadingComplete (64ms)
	LoadAllAssembliesAndSetupDomain (424ms)
		LoadAssemblies (390ms)
		RebuildTransferFunctionScriptingTraits (0ms)
		AnalyzeDomain (177ms)
			TypeCache.Refresh (155ms)
				TypeCache.ScanAssembly (131ms)
			ScanForSourceGeneratedMonoScriptInfo (14ms)
			ResolveRequiredComponents (7ms)
	FinalizeReload (892ms)
		ReleaseScriptCaches (0ms)
		RebuildScriptCaches (0ms)
		SetupLoadedEditorAssemblies (616ms)
			LogAssemblyErrors (0ms)
			InitializePlatformSupportModulesInManaged (46ms)
			SetLoadedEditorAssemblies (4ms)
			RefreshPlugins (0ms)
			BeforeProcessingInitializeOnLoad (75ms)
			ProcessInitializeOnLoadAttributes (446ms)
			ProcessInitializeOnLoadMethodAttributes (29ms)
			AfterProcessingInitializeOnLoad (15ms)
			EditorAssembliesLoaded (0ms)
		ExecutionOrderSort2 (0ms)
		AwakeInstancesAfterBackupRestoration (15ms)
Launched and connected shader compiler UnityShaderCompiler.exe after 0.10 seconds
Refreshing native plugins compatible for Editor in 5.57 ms, found 2 plugins.
Preloading 0 native plugins for Editor in 0.00 ms.
Unloading 1574 Unused Serialized files (Serialized files now loaded: 0)
Unloading 34 unused Assets / (129.7 KB). Loaded Objects now: 2045.
Memory consumption went from 91.5 MB to 91.4 MB.
Total: 4.375800 ms (FindLiveObjects: 0.199200 ms CreateObjectMapping: 0.074200 ms MarkObjects: 3.910400 ms  DeleteObjects: 0.190900 ms)

AssetImportParameters requested are different than current active one (requested -> active):
  custom:video-decoder-webm-vp8: 9c59270c3fd7afecdb556c50c9e8de78 -> 
  custom:SearchIndexIgnoredProperties: e643bd26f0fe6173181afceb89e7c659 -> 
  custom:container-demuxer-ogg: 62fdf1f143b41e24485cea50d1cbac27 -> 
  custom:AudioImporter_EditorPlatform: d09bf68614088b80899f8185d706f6e7 -> 
  custom:video-decoder-ogg-theora: a1e56fd34408186e4bbccfd4996cb3dc -> 
  custom:framework-win-MediaFoundation: 216162199b28c13a410421893ffa2e32 -> 
  custom:video-encoder-webm-vp8: eb34c28f22e8b96e1ab97ce403110664 -> 
  custom:audio-decoder-ogg-vorbis: bf7c407c2cedff20999df2af8eb42d56 -> 
  custom:CustomObjectIndexerAttribute: 756ad292c208cfabdd7b50bc23989ffe -> 
  custom:container-demuxer-webm: 4f35f7cbe854078d1ac9338744f61a02 -> 
  custom:audio-encoder-webm-vorbis: bf7c407c2cedff20999df2af8eb42d56 -> 
  custom:container-muxer-webm: aa71ff27fc2769a1b78a27578f13a17b -> 
========================================================================
Received Import Request.
  Time since last request: 59592.527874 seconds.
  path: Assets/Models/DAE format
  artifactKey: Guid(0933b2fda24a1e24490b39b1bc98087a) Importer(815301076,1909f56bfc062723c751e8b465ee728b)
Start importing Assets/Models/DAE format using Guid(0933b2fda24a1e24490b39b1bc98087a) Importer(815301076,1909f56bfc062723c751e8b465ee728b)  -> (artifact id: 'fd9918322caf81cc0b2bc50a71de0811') in 0.004002 seconds
Number of updated asset objects reloaded before import = 0
Number of asset objects unloaded after import = 0
========================================================================
Received Import Request.
  Time since last request: 0.174631 seconds.
  path: Assets/Models/DAE format/alien.dae
  artifactKey: Guid(0f6f118cea76b6a44a0351001799e15c) Importer(815301076,1909f56bfc062723c751e8b465ee728b)
Start importing Assets/Models/DAE format/alien.dae using Guid(0f6f118cea76b6a44a0351001799e15c) Importer(815301076,1909f56bfc062723c751e8b465ee728b)  -> (artifact id: '523a04ff0945001ae98009673570bdfb') in 0.267609 seconds
Number of updated asset objects reloaded before import = 0
Number of asset objects unloaded after import = 39
========================================================================
Received Import Request.
  Time since last request: 0.000033 seconds.
  path: Assets/Models/DAE format/desk_computerScreen.dae
  artifactKey: Guid(e554abfb01d5a5946af32d48838606b8) Importer(815301076,1909f56bfc062723c751e8b465ee728b)
Start importing Assets/Models/DAE format/desk_computerScreen.dae using Guid(e554abfb01d5a5946af32d48838606b8) Importer(815301076,1909f56bfc062723c751e8b465ee728b)  -> (artifact id: 'c0d732bea5ef2f803c0f67a5cda6785a') in 0.034334 seconds
Number of updated asset objects reloaded before import = 0
Number of asset objects unloaded after import = 10
========================================================================
Received Import Request.
  Time since last request: 0.000031 seconds.
  path: Assets/Models/DAE format/corridor_open.dae
  artifactKey: Guid(1aa6b80943330f945a06d7422b122420) Importer(815301076,1909f56bfc062723c751e8b465ee728b)
Start importing Assets/Models/DAE format/corridor_open.dae using Guid(1aa6b80943330f945a06d7422b122420) Importer(815301076,1909f56bfc062723c751e8b465ee728b)  -> (artifact id: 'c0e7a4609d40edeb0cb3326d00c4583f') in 0.026894 seconds
Number of updated asset objects reloaded before import = 0
Number of asset objects unloaded after import = 9
========================================================================
Received Import Request.
  Time since last request: 0.000018 seconds.
  path: Assets/Models/DAE format/meteor_detailed.dae
  artifactKey: Guid(8b35320f1706beb4ea25643364fd7995) Importer(815301076,1909f56bfc062723c751e8b465ee728b)
Start importing Assets/Models/DAE format/meteor_detailed.dae using Guid(8b35320f1706beb4ea25643364fd7995) Importer(815301076,1909f56bfc062723c751e8b465ee728b)  -> (artifact id: '00b5eb4a78144d18fe4bb993c5f6bc97') in 0.020194 seconds
Number of updated asset objects reloaded before import = 0
Number of asset objects unloaded after import = 8
========================================================================
Received Import Request.
  Time since last request: 0.000023 seconds.
  path: Assets/Models/DAE format/pipe_rampSmall.dae
  artifactKey: Guid(c1d779c4ef398d64a81b17263f091788) Importer(815301076,1909f56bfc062723c751e8b465ee728b)
Start importing Assets/Models/DAE format/pipe_rampSmall.dae using Guid(c1d779c4ef398d64a81b17263f091788) Importer(815301076,1909f56bfc062723c751e8b465ee728b)  -> (artifact id: 'cd1d58132ad00c3b666563b16e1bdb31') in 0.038219 seconds
Number of updated asset objects reloaded before import = 0
Number of asset objects unloaded after import = 10
========================================================================
Received Import Request.
  Time since last request: 0.000019 seconds.
  path: Assets/Models/DAE format/monorail_trackStraight.dae
  artifactKey: Guid(060cba134af6ecf4cbdb44aed2b5423e) Importer(815301076,1909f56bfc062723c751e8b465ee728b)
Start importing Assets/Models/DAE format/monorail_trackStraight.dae using Guid(060cba134af6ecf4cbdb44aed2b5423e) Importer(815301076,1909f56bfc062723c751e8b465ee728b)  -> (artifact id: '6adb82f4a46ec95247b87a2d8771529b') in 0.022746 seconds
Number of updated asset objects reloaded before import = 0
Number of asset objects unloaded after import = 9
========================================================================
Received Import Request.
  Time since last request: 0.000027 seconds.
  path: Assets/Models/DAE format/gate_complex.dae
  artifactKey: Guid(b78b9e4cdac69954bb94bccad6d06487) Importer(815301076,1909f56bfc062723c751e8b465ee728b)
Start importing Assets/Models/DAE format/gate_complex.dae using Guid(b78b9e4cdac69954bb94bccad6d06487) Importer(815301076,1909f56bfc062723c751e8b465ee728b)  -> (artifact id: '5905287d96e511010247b038e7cdad9d') in 0.035422 seconds
Number of updated asset objects reloaded before import = 0
Number of asset objects unloaded after import = 11
========================================================================
Received Import Request.
  Time since last request: 0.000020 seconds.
  path: Assets/Models/DAE format/craft_speederA.dae
  artifactKey: Guid(148d4120c484add4d95299efa5fa67f6) Importer(815301076,1909f56bfc062723c751e8b465ee728b)
Start importing Assets/Models/DAE format/craft_speederA.dae using Guid(148d4120c484add4d95299efa5fa67f6) Importer(815301076,1909f56bfc062723c751e8b465ee728b)  -> (artifact id: '81e5da4c3309327625ecaa8936616c29') in 0.035162 seconds
Number of updated asset objects reloaded before import = 0
Number of asset objects unloaded after import = 11
========================================================================
Received Import Request.
  Time since last request: 0.000019 seconds.
  path: Assets/Models/DAE format/crater.dae
  artifactKey: Guid(9225c99bbe10c294ba47cd1dfc657f2f) Importer(815301076,1909f56bfc062723c751e8b465ee728b)
Start importing Assets/Models/DAE format/crater.dae using Guid(9225c99bbe10c294ba47cd1dfc657f2f) Importer(815301076,1909f56bfc062723c751e8b465ee728b)  -> (artifact id: 'f5a3e456754e7e181168eb194508e45f') in 0.022969 seconds
Number of updated asset objects reloaded before import = 0
Number of asset objects unloaded after import = 9
========================================================================
Received Import Request.
  Time since last request: 0.000023 seconds.
  path: Assets/Models/DAE format/gate_simple.dae
  artifactKey: Guid(ea0617bca1d801b4abd315c300ea19db) Importer(815301076,1909f56bfc062723c751e8b465ee728b)
Start importing Assets/Models/DAE format/gate_simple.dae using Guid(ea0617bca1d801b4abd315c300ea19db) Importer(815301076,1909f56bfc062723c751e8b465ee728b)  -> (artifact id: '6a97cb31d3e1a3f0e7e564a8e3e55047') in 0.028933 seconds
Number of updated asset objects reloaded before import = 0
Number of asset objects unloaded after import = 10
========================================================================
Received Import Request.
  Time since last request: 0.000030 seconds.
  path: Assets/Models/DAE format/pipe_cornerDiagonal.dae
  artifactKey: Guid(10c0fd021a23c1c46a4c8b276c7f393e) Importer(815301076,1909f56bfc062723c751e8b465ee728b)
Start importing Assets/Models/DAE format/pipe_cornerDiagonal.dae using Guid(10c0fd021a23c1c46a4c8b276c7f393e) Importer(815301076,1909f56bfc062723c751e8b465ee728b)  -> (artifact id: '405c3634afbfa8af776f8b066f9f0af4') in 0.023984 seconds
Number of updated asset objects reloaded before import = 0
Number of asset objects unloaded after import = 9
========================================================================
Received Import Request.
  Time since last request: 0.000019 seconds.
  path: Assets/Models/DAE format/corridor_wall.dae
  artifactKey: Guid(720a7c423a79bc344a840447f916fcda) Importer(815301076,1909f56bfc062723c751e8b465ee728b)
Start importing Assets/Models/DAE format/corridor_wall.dae using Guid(720a7c423a79bc344a840447f916fcda) Importer(815301076,1909f56bfc062723c751e8b465ee728b)  -> (artifact id: '04052670e454b761f0959a377f1e00e7') in 0.028206 seconds
Number of updated asset objects reloaded before import = 0
Number of asset objects unloaded after import = 10
========================================================================
Received Import Request.
  Time since last request: 0.000020 seconds.
  path: Assets/Models/DAE format/machine_barrelLarge.dae
  artifactKey: Guid(93882680dc388ba49a2dbb61dffe9551) Importer(815301076,1909f56bfc062723c751e8b465ee728b)
Start importing Assets/Models/DAE format/machine_barrelLarge.dae using Guid(93882680dc388ba49a2dbb61dffe9551) Importer(815301076,1909f56bfc062723c751e8b465ee728b)  -> (artifact id: 'ccdd77d14c61c93182505f3df1b6adfb') in 0.033720 seconds
Number of updated asset objects reloaded before import = 0
Number of asset objects unloaded after import = 11
========================================================================
Received Import Request.
  Time since last request: 12.799458 seconds.
  path: Assets/Models/FBX format/pipe_ringHighEnd.fbx
  artifactKey: Guid(8e875bf0905960c4b985e336a15678c0) Importer(815301076,1909f56bfc062723c751e8b465ee728b)
Start importing Assets/Models/FBX format/pipe_ringHighEnd.fbx using Guid(8e875bf0905960c4b985e336a15678c0) Importer(815301076,1909f56bfc062723c751e8b465ee728b)  -> (artifact id: 'a24640f971b48062ed0aaae7fac53fc3') in 0.039965 seconds
Number of updated asset objects reloaded before import = 0
Number of asset objects unloaded after import = 12
========================================================================
Received Import Request.
  Time since last request: 0.000019 seconds.
  path: Assets/Models/FBX format/platform_center.fbx
  artifactKey: Guid(2a9890e7cdac6054d98814e8b34babd1) Importer(815301076,1909f56bfc062723c751e8b465ee728b)
Start importing Assets/Models/FBX format/platform_center.fbx using Guid(2a9890e7cdac6054d98814e8b34babd1) Importer(815301076,1909f56bfc062723c751e8b465ee728b)  -> (artifact id: 'e3665b478447e684f8f2bd68a7da1295') in 0.018966 seconds
Number of updated asset objects reloaded before import = 0
Number of asset objects unloaded after import = 8
========================================================================
Received Import Request.
  Time since last request: 0.000017 seconds.
  path: Assets/Models/FBX format/platform_small.fbx
  artifactKey: Guid(6269470e1a6547f439a0e7ef6dfe8557) Importer(815301076,1909f56bfc062723c751e8b465ee728b)
Start importing Assets/Models/FBX format/platform_small.fbx using Guid(6269470e1a6547f439a0e7ef6dfe8557) Importer(815301076,1909f56bfc062723c751e8b465ee728b)  -> (artifact id: '41a9d9fdb703a1244b32fce59720e75e') in 0.029362 seconds
Number of updated asset objects reloaded before import = 0
Number of asset objects unloaded after import = 10
========================================================================
Received Import Request.
  Time since last request: 0.000018 seconds.
  path: Assets/Models/FBX format/rail_middle.fbx
  artifactKey: Guid(0773a7452042a964caacecd6ac7c76df) Importer(815301076,1909f56bfc062723c751e8b465ee728b)
Start importing Assets/Models/FBX format/rail_middle.fbx using Guid(0773a7452042a964caacecd6ac7c76df) Importer(815301076,1909f56bfc062723c751e8b465ee728b)  -> (artifact id: 'ef5ea37d4d847ea8874dba7485d2029c') in 0.024370 seconds
Number of updated asset objects reloaded before import = 0
Number of asset objects unloaded after import = 9
========================================================================
Received Import Request.
  Time since last request: 0.000020 seconds.
  path: Assets/Models/FBX format/rocks_smallA.fbx
  artifactKey: Guid(3354e77ab6ab4d645ab711750abdf55a) Importer(815301076,1909f56bfc062723c751e8b465ee728b)
Start importing Assets/Models/FBX format/rocks_smallA.fbx using Guid(3354e77ab6ab4d645ab711750abdf55a) Importer(815301076,1909f56bfc062723c751e8b465ee728b)  -> (artifact id: 'faca971fc829fc7f97d44f3bde952dee') in 0.019547 seconds
Number of updated asset objects reloaded before import = 0
Number of asset objects unloaded after import = 8
========================================================================
Received Import Request.
  Time since last request: 0.000021 seconds.
  path: Assets/Models/FBX format/rocket_sidesA.fbx
  artifactKey: Guid(aae501a9a9ba48847beab58355603bf4) Importer(815301076,1909f56bfc062723c751e8b465ee728b)
Start importing Assets/Models/FBX format/rocket_sidesA.fbx using Guid(aae501a9a9ba48847beab58355603bf4) Importer(815301076,1909f56bfc062723c751e8b465ee728b)  -> (artifact id: '5fe8112c6662f3e642abd5f58c1819d9') in 0.029287 seconds
Number of updated asset objects reloaded before import = 0
Number of asset objects unloaded after import = 10
========================================================================
Received Import Request.
  Time since last request: 0.000028 seconds.
  path: Assets/Models/FBX format/rock_crystalsLargeB.fbx
  artifactKey: Guid(0a6d622e1a2de414ba7a394a4852b1ef) Importer(815301076,1909f56bfc062723c751e8b465ee728b)
Start importing Assets/Models/FBX format/rock_crystalsLargeB.fbx using Guid(0a6d622e1a2de414ba7a394a4852b1ef) Importer(815301076,1909f56bfc062723c751e8b465ee728b)  -> (artifact id: '85b964d5efada58e53114478830fcdf9') in 0.030584 seconds
Number of updated asset objects reloaded before import = 0
Number of asset objects unloaded after import = 10
========================================================================
Received Import Request.
  Time since last request: 0.000028 seconds.
  path: Assets/Models/FBX format/rocket_topB.fbx
  artifactKey: Guid(a0cbbcb4da9548d4d9ac2c05456f7275) Importer(815301076,1909f56bfc062723c751e8b465ee728b)
Start importing Assets/Models/FBX format/rocket_topB.fbx using Guid(a0cbbcb4da9548d4d9ac2c05456f7275) Importer(815301076,1909f56bfc062723c751e8b465ee728b)  -> (artifact id: 'f28f0027e5ea5d702ab5c210d5f7636f') in 0.029275 seconds
Number of updated asset objects reloaded before import = 0
Number of asset objects unloaded after import = 10
========================================================================
Received Import Request.
  Time since last request: 0.120267 seconds.
  path: Assets/Models/FBX format/structure.fbx
  artifactKey: Guid(438d2dbb561d97346b160adca6f1bab6) Importer(815301076,1909f56bfc062723c751e8b465ee728b)
Start importing Assets/Models/FBX format/structure.fbx using Guid(438d2dbb561d97346b160adca6f1bab6) Importer(815301076,1909f56bfc062723c751e8b465ee728b)  -> (artifact id: '8d34d3a49ef437627388be1ba938b6d3') in 0.026257 seconds
Number of updated asset objects reloaded before import = 0
Number of asset objects unloaded after import = 9
========================================================================
Received Import Request.
  Time since last request: 0.000021 seconds.
  path: Assets/Models/FBX format/terrain_side.fbx
  artifactKey: Guid(74e69efdab984ac45bcdcb0be046c871) Importer(815301076,1909f56bfc062723c751e8b465ee728b)
Start importing Assets/Models/FBX format/terrain_side.fbx using Guid(74e69efdab984ac45bcdcb0be046c871) Importer(815301076,1909f56bfc062723c751e8b465ee728b)  -> (artifact id: '2dcfabbc0177b863091c741a03c538c5') in 0.019957 seconds
Number of updated asset objects reloaded before import = 0
Number of asset objects unloaded after import = 8
========================================================================
Received Import Request.
  Time since last request: 0.000020 seconds.
  path: Assets/Models/FBX format/terrain_rampLarge_detailed.fbx
  artifactKey: Guid(d7b6f853aace08249a5bb5b9ad4e490e) Importer(815301076,1909f56bfc062723c751e8b465ee728b)
Start importing Assets/Models/FBX format/terrain_rampLarge_detailed.fbx using Guid(d7b6f853aace08249a5bb5b9ad4e490e) Importer(815301076,1909f56bfc062723c751e8b465ee728b)  -> (artifact id: '002d2d161941584bb9fdd5469904b749') in 0.023298 seconds
Number of updated asset objects reloaded before import = 0
Number of asset objects unloaded after import = 9
========================================================================
Received Import Request.
  Time since last request: 0.255084 seconds.
  path: Assets/Models/FBX format/terrain_sideCliff.fbx
  artifactKey: Guid(7566351e0a56f1f45a95812bb10a78c0) Importer(815301076,1909f56bfc062723c751e8b465ee728b)
Start importing Assets/Models/FBX format/terrain_sideCliff.fbx using Guid(7566351e0a56f1f45a95812bb10a78c0) Importer(815301076,1909f56bfc062723c751e8b465ee728b)  -> (artifact id: '0b9d2eb6e83fab1f3514a3c33557fa51') in 0.023534 seconds
Number of updated asset objects reloaded before import = 0
Number of asset objects unloaded after import = 9
========================================================================
Received Import Request.
  Time since last request: 0.000018 seconds.
  path: Assets/Models/FBX format/weapon_gun.fbx
  artifactKey: Guid(fa9cf0abf03c7b54799543a569d9eaf0) Importer(815301076,1909f56bfc062723c751e8b465ee728b)
Start importing Assets/Models/FBX format/weapon_gun.fbx using Guid(fa9cf0abf03c7b54799543a569d9eaf0) Importer(815301076,1909f56bfc062723c751e8b465ee728b)  -> (artifact id: 'b7cab4bc110506f2af10018352bed27b') in 0.032889 seconds
Number of updated asset objects reloaded before import = 0
Number of asset objects unloaded after import = 11
========================================================================
Received Import Request.
  Time since last request: 1282.950862 seconds.
  path: Assets/Materials
  artifactKey: Guid(6871294558dcfa6409cac3448a39cee0) Importer(815301076,1909f56bfc062723c751e8b465ee728b)
Start importing Assets/Materials using Guid(6871294558dcfa6409cac3448a39cee0) Importer(815301076,1909f56bfc062723c751e8b465ee728b)  -> (artifact id: '041b4f5997b32afcafa2d66b45b9c048') in 0.001362 seconds
Number of updated asset objects reloaded before import = 0
Number of asset objects unloaded after import = 0
========================================================================
Received Import Request.
  Time since last request: 49.252879 seconds.
  path: Assets/Isometric/barrels_rail_SE.png
  artifactKey: Guid(f5614111fdd54b648bee331fa08e5115) Importer(815301076,1909f56bfc062723c751e8b465ee728b)
Start importing Assets/Isometric/barrels_rail_SE.png using Guid(f5614111fdd54b648bee331fa08e5115) Importer(815301076,1909f56bfc062723c751e8b465ee728b)  -> (artifact id: 'bd7c33d99ee578902a6895108633615e') in 0.030502 seconds
Number of updated asset objects reloaded before import = 0
Number of asset objects unloaded after import = 2
========================================================================
Received Import Request.
  Time since last request: 0.011925 seconds.
  path: Assets/Isometric/bones_SE.png
  artifactKey: Guid(a3548cc16491fac4dae650d286746553) Importer(815301076,1909f56bfc062723c751e8b465ee728b)
Start importing Assets/Isometric/bones_SE.png using Guid(a3548cc16491fac4dae650d286746553) Importer(815301076,1909f56bfc062723c751e8b465ee728b)  -> (artifact id: '8a78b478a37f9f177d589d5ec6821563') in 0.020267 seconds
Number of updated asset objects reloaded before import = 0
Number of asset objects unloaded after import = 2
========================================================================
Received Import Request.
  Time since last request: 0.002245 seconds.
  path: Assets/Isometric/chimney_detailed_NW.png
  artifactKey: Guid(01d97fd24aa6a8948bd95e2cd3efe6ba) Importer(815301076,1909f56bfc062723c751e8b465ee728b)
Start importing Assets/Isometric/chimney_detailed_NW.png using Guid(01d97fd24aa6a8948bd95e2cd3efe6ba) Importer(815301076,1909f56bfc062723c751e8b465ee728b)  -> (artifact id: '417bcc55a449da02399ddc60d0ce433d') in 0.020539 seconds
Number of updated asset objects reloaded before import = 0
Number of asset objects unloaded after import = 2
========================================================================
Received Import Request.
  Time since last request: 0.001197 seconds.
  path: Assets/Isometric/chimney_SE.png
  artifactKey: Guid(a0ba0a4e8ed18314199ed96550927d5c) Importer(815301076,1909f56bfc062723c751e8b465ee728b)
Start importing Assets/Isometric/chimney_SE.png using Guid(a0ba0a4e8ed18314199ed96550927d5c) Importer(815301076,1909f56bfc062723c751e8b465ee728b)  -> (artifact id: '9a1252f730079cb36493ad2eaaad0035') in 0.022465 seconds
Number of updated asset objects reloaded before import = 0
Number of asset objects unloaded after import = 2
========================================================================
Received Import Request.
  Time since last request: 0.000021 seconds.
  path: Assets/Isometric/corridor_detailed_SW.png
  artifactKey: Guid(e64d72afe98e9084fa7d5f36cb390bb9) Importer(815301076,1909f56bfc062723c751e8b465ee728b)
Start importing Assets/Isometric/corridor_detailed_SW.png using Guid(e64d72afe98e9084fa7d5f36cb390bb9) Importer(815301076,1909f56bfc062723c751e8b465ee728b)  -> (artifact id: '4e91f3a478695bb779b478af3a57d4fb') in 0.020097 seconds
Number of updated asset objects reloaded before import = 0
Number of asset objects unloaded after import = 2
========================================================================
Received Import Request.
  Time since last request: 0.000020 seconds.
  path: Assets/Isometric/corridor_split_SE.png
  artifactKey: Guid(7b202548414800045af374d2cb4033ee) Importer(815301076,1909f56bfc062723c751e8b465ee728b)
Start importing Assets/Isometric/corridor_split_SE.png using Guid(7b202548414800045af374d2cb4033ee) Importer(815301076,1909f56bfc062723c751e8b465ee728b)  -> (artifact id: '47aa995b5ec457780e7f24fa7caf77d6') in 0.022756 seconds
Number of updated asset objects reloaded before import = 0
Number of asset objects unloaded after import = 2
========================================================================
Received Import Request.
  Time since last request: 0.000021 seconds.
  path: Assets/Isometric/craft_cargoA_NE.png
  artifactKey: Guid(322b799d117dd774a8e22de1203c23b1) Importer(815301076,1909f56bfc062723c751e8b465ee728b)
Start importing Assets/Isometric/craft_cargoA_NE.png using Guid(322b799d117dd774a8e22de1203c23b1) Importer(815301076,1909f56bfc062723c751e8b465ee728b)  -> (artifact id: 'b3eb63f04ef46926aa8f336a8ed5addb') in 0.022339 seconds
Number of updated asset objects reloaded before import = 0
Number of asset objects unloaded after import = 2
========================================================================
Received Import Request.
  Time since last request: 0.000023 seconds.
  path: Assets/Isometric/corridor_NW.png
  artifactKey: Guid(5340d0460e613024a8d50fa31a53fa43) Importer(815301076,1909f56bfc062723c751e8b465ee728b)
Start importing Assets/Isometric/corridor_NW.png using Guid(5340d0460e613024a8d50fa31a53fa43) Importer(815301076,1909f56bfc062723c751e8b465ee728b)  -> (artifact id: '08bc76a50a26dd35da793343a69cab72') in 0.020745 seconds
Number of updated asset objects reloaded before import = 0
Number of asset objects unloaded after import = 2
========================================================================
Received Import Request.
  Time since last request: 0.000030 seconds.
  path: Assets/Isometric/corridor_SW.png
  artifactKey: Guid(2f94640814ee6574b852552a586ab66d) Importer(815301076,1909f56bfc062723c751e8b465ee728b)
Start importing Assets/Isometric/corridor_SW.png using Guid(2f94640814ee6574b852552a586ab66d) Importer(815301076,1909f56bfc062723c751e8b465ee728b)  -> (artifact id: '67ca51f61b04cff23faef6d366ff954d') in 0.021302 seconds
Number of updated asset objects reloaded before import = 0
Number of asset objects unloaded after import = 2
========================================================================
Received Import Request.
  Time since last request: 0.000018 seconds.
  path: Assets/Isometric/corridor_cornerRound_NE.png
  artifactKey: Guid(08c768c51e156de49bea5fa6656950d1) Importer(815301076,1909f56bfc062723c751e8b465ee728b)
Start importing Assets/Isometric/corridor_cornerRound_NE.png using Guid(08c768c51e156de49bea5fa6656950d1) Importer(815301076,1909f56bfc062723c751e8b465ee728b)  -> (artifact id: 'f88c841c00a14b5f11b1dd979a82ac70') in 0.021898 seconds
Number of updated asset objects reloaded before import = 0
Number of asset objects unloaded after import = 2
========================================================================
Received Import Request.
  Time since last request: 0.000018 seconds.
  path: Assets/Isometric/corridor_corner_SW.png
  artifactKey: Guid(17ee183d95704a44eba51d6dfa3c7f67) Importer(815301076,1909f56bfc062723c751e8b465ee728b)
Start importing Assets/Isometric/corridor_corner_SW.png using Guid(17ee183d95704a44eba51d6dfa3c7f67) Importer(815301076,1909f56bfc062723c751e8b465ee728b)  -> (artifact id: 'bce0e85ef2cdd41ddd7958a5de837e74') in 0.019876 seconds
Number of updated asset objects reloaded before import = 0
Number of asset objects unloaded after import = 2
========================================================================
Received Import Request.
  Time since last request: 0.000019 seconds.
  path: Assets/Isometric/corridor_windowClosed_NE.png
  artifactKey: Guid(cac44815b05ef774c84d30d81ef3f615) Importer(815301076,1909f56bfc062723c751e8b465ee728b)
Start importing Assets/Isometric/corridor_windowClosed_NE.png using Guid(cac44815b05ef774c84d30d81ef3f615) Importer(815301076,1909f56bfc062723c751e8b465ee728b)  -> (artifact id: 'e5ba8fdd9145df831a6751d951e7db9c') in 0.020050 seconds
Number of updated asset objects reloaded before import = 0
Number of asset objects unloaded after import = 2
========================================================================
Received Import Request.
  Time since last request: 0.000019 seconds.
  path: Assets/Isometric/corridor_roof_SE.png
  artifactKey: Guid(0b25e389e61510043b164491f5fad642) Importer(815301076,1909f56bfc062723c751e8b465ee728b)
Start importing Assets/Isometric/corridor_roof_SE.png using Guid(0b25e389e61510043b164491f5fad642) Importer(815301076,1909f56bfc062723c751e8b465ee728b)  -> (artifact id: 'd07b2e596b669858ad0b03136e027a26') in 0.019458 seconds
Number of updated asset objects reloaded before import = 0
Number of asset objects unloaded after import = 2
========================================================================
Received Import Request.
  Time since last request: 0.000020 seconds.
  path: Assets/Isometric/corridor_cornerRound_NW.png
  artifactKey: Guid(156d42380984a514bbdd1a2f84d683e1) Importer(815301076,1909f56bfc062723c751e8b465ee728b)
Start importing Assets/Isometric/corridor_cornerRound_NW.png using Guid(156d42380984a514bbdd1a2f84d683e1) Importer(815301076,1909f56bfc062723c751e8b465ee728b)  -> (artifact id: '8470a34c453bcb3397380cdae8f59aca') in 0.018881 seconds
Number of updated asset objects reloaded before import = 0
Number of asset objects unloaded after import = 2
========================================================================
Received Import Request.
  Time since last request: 0.000019 seconds.
  path: Assets/Isometric/corridor_wallCorner_NW.png
  artifactKey: Guid(af09a3d0b46b9d642a3a3ba007ec3b09) Importer(815301076,1909f56bfc062723c751e8b465ee728b)
Start importing Assets/Isometric/corridor_wallCorner_NW.png using Guid(af09a3d0b46b9d642a3a3ba007ec3b09) Importer(815301076,1909f56bfc062723c751e8b465ee728b)  -> (artifact id: '4aaf71a1ce7fce5fc957fc10df50ad93') in 0.020539 seconds
Number of updated asset objects reloaded before import = 0
Number of asset objects unloaded after import = 2
========================================================================
Received Import Request.
  Time since last request: 0.000019 seconds.
  path: Assets/Isometric/corridor_split_SW.png
  artifactKey: Guid(84f89ac1294059d4b977af37a3067078) Importer(815301076,1909f56bfc062723c751e8b465ee728b)
Start importing Assets/Isometric/corridor_split_SW.png using Guid(84f89ac1294059d4b977af37a3067078) Importer(815301076,1909f56bfc062723c751e8b465ee728b)  -> (artifact id: 'f20d1ef7f1db602100d1a0c48aec5a87') in 0.020988 seconds
Number of updated asset objects reloaded before import = 0
Number of asset objects unloaded after import = 2
========================================================================
Received Import Request.
  Time since last request: 0.000018 seconds.
  path: Assets/Isometric/craft_cargoB_SW.png
  artifactKey: Guid(0e2ff16d428524e4f851f015c03c57ea) Importer(815301076,1909f56bfc062723c751e8b465ee728b)
Start importing Assets/Isometric/craft_cargoB_SW.png using Guid(0e2ff16d428524e4f851f015c03c57ea) Importer(815301076,1909f56bfc062723c751e8b465ee728b)  -> (artifact id: '004b80ac71e8e56d8d1b9dd4afd90fab') in 0.020897 seconds
Number of updated asset objects reloaded before import = 0
Number of asset objects unloaded after import = 2
========================================================================
Received Import Request.
  Time since last request: 0.000018 seconds.
  path: Assets/Isometric/corridor_end_NW.png
  artifactKey: Guid(0d966659a27676f4c9d04a27f1a340eb) Importer(815301076,1909f56bfc062723c751e8b465ee728b)
Start importing Assets/Isometric/corridor_end_NW.png using Guid(0d966659a27676f4c9d04a27f1a340eb) Importer(815301076,1909f56bfc062723c751e8b465ee728b)  -> (artifact id: '54c62693f07351fa90696eee644857c6') in 0.020916 seconds
Number of updated asset objects reloaded before import = 0
Number of asset objects unloaded after import = 2
========================================================================
Received Import Request.
  Time since last request: 0.000021 seconds.
  path: Assets/Isometric/corridor_wall_NE.png
  artifactKey: Guid(0d3282145ba81bf4cb4d87d58968d321) Importer(815301076,1909f56bfc062723c751e8b465ee728b)
Start importing Assets/Isometric/corridor_wall_NE.png using Guid(0d3282145ba81bf4cb4d87d58968d321) Importer(815301076,1909f56bfc062723c751e8b465ee728b)  -> (artifact id: '06a08fb6dc2b2cc2659ec1600678d358') in 0.021358 seconds
Number of updated asset objects reloaded before import = 0
Number of asset objects unloaded after import = 2
========================================================================
Received Import Request.
  Time since last request: 0.000028 seconds.
  path: Assets/Isometric/bones_NW.png
  artifactKey: Guid(6710831741b759b4ca89cb4a9a103d5d) Importer(815301076,1909f56bfc062723c751e8b465ee728b)
Start importing Assets/Isometric/bones_NW.png using Guid(6710831741b759b4ca89cb4a9a103d5d) Importer(815301076,1909f56bfc062723c751e8b465ee728b)  -> (artifact id: 'daf6d723cc334b77a72a126a21643c4a') in 0.020261 seconds
Number of updated asset objects reloaded before import = 0
Number of asset objects unloaded after import = 2
========================================================================
Received Import Request.
  Time since last request: 0.000019 seconds.
  path: Assets/Isometric/corridor_roof_SW.png
  artifactKey: Guid(00fbbb040030a2e4bac2e297a053c30f) Importer(815301076,1909f56bfc062723c751e8b465ee728b)
Start importing Assets/Isometric/corridor_roof_SW.png using Guid(00fbbb040030a2e4bac2e297a053c30f) Importer(815301076,1909f56bfc062723c751e8b465ee728b)  -> (artifact id: '40f6aa40069cad9fec2f64190d655e05') in 0.020683 seconds
Number of updated asset objects reloaded before import = 0
Number of asset objects unloaded after import = 2
========================================================================
Received Import Request.
  Time since last request: 0.000019 seconds.
  path: Assets/Isometric/corridor_cornerRoundWindow_NW.png
  artifactKey: Guid(1b314102c2ab2024ab61e27d37c959ae) Importer(815301076,1909f56bfc062723c751e8b465ee728b)
Start importing Assets/Isometric/corridor_cornerRoundWindow_NW.png using Guid(1b314102c2ab2024ab61e27d37c959ae) Importer(815301076,1909f56bfc062723c751e8b465ee728b)  -> (artifact id: 'd8d094b81494a9f5a04ae5a0c41a87d5') in 0.021651 seconds
Number of updated asset objects reloaded before import = 0
Number of asset objects unloaded after import = 2
========================================================================
Received Import Request.
  Time since last request: 0.000017 seconds.
  path: Assets/Isometric/corridor_cross_SW.png
  artifactKey: Guid(19209f74421877440bec5b4e39aa221b) Importer(815301076,1909f56bfc062723c751e8b465ee728b)
Start importing Assets/Isometric/corridor_cross_SW.png using Guid(19209f74421877440bec5b4e39aa221b) Importer(815301076,1909f56bfc062723c751e8b465ee728b)  -> (artifact id: 'fdd3e8eb473961ccffec059e5ec870f4') in 0.022630 seconds
Number of updated asset objects reloaded before import = 0
Number of asset objects unloaded after import = 2
========================================================================
Received Import Request.
  Time since last request: 0.000018 seconds.
  path: Assets/Isometric/corridor_open_SW.png
  artifactKey: Guid(81cf526d3bdcf594dbb279e2a404b607) Importer(815301076,1909f56bfc062723c751e8b465ee728b)
Start importing Assets/Isometric/corridor_open_SW.png using Guid(81cf526d3bdcf594dbb279e2a404b607) Importer(815301076,1909f56bfc062723c751e8b465ee728b)  -> (artifact id: '73f0d38862c746d87ff9c8e37f3202ae') in 0.019706 seconds
Number of updated asset objects reloaded before import = 0
Number of asset objects unloaded after import = 2
========================================================================
Received Import Request.
  Time since last request: 0.000019 seconds.
  path: Assets/Isometric/corridor_cornerRound_SE.png
  artifactKey: Guid(5e2778f71601c7348b63aa7841331963) Importer(815301076,1909f56bfc062723c751e8b465ee728b)
Start importing Assets/Isometric/corridor_cornerRound_SE.png using Guid(5e2778f71601c7348b63aa7841331963) Importer(815301076,1909f56bfc062723c751e8b465ee728b)  -> (artifact id: '85f414362aaddceadd58bbc2faba3a1b') in 0.024056 seconds
Number of updated asset objects reloaded before import = 0
Number of asset objects unloaded after import = 2
========================================================================
Received Import Request.
  Time since last request: 0.000018 seconds.
  path: Assets/Isometric/craft_cargoB_NW.png
  artifactKey: Guid(295edaf741db1a24a80d8ab188b8226a) Importer(815301076,1909f56bfc062723c751e8b465ee728b)
Start importing Assets/Isometric/craft_cargoB_NW.png using Guid(295edaf741db1a24a80d8ab188b8226a) Importer(815301076,1909f56bfc062723c751e8b465ee728b)  -> (artifact id: 'abbbbbd0c7e576298ff465b37f2b5064') in 0.020406 seconds
Number of updated asset objects reloaded before import = 0
Number of asset objects unloaded after import = 2
========================================================================
Received Import Request.
  Time since last request: 0.000018 seconds.
  path: Assets/Isometric/corridor_window_SE.png
  artifactKey: Guid(8a7ed962ff7bf104d87abed5814ecfa3) Importer(815301076,1909f56bfc062723c751e8b465ee728b)
Start importing Assets/Isometric/corridor_window_SE.png using Guid(8a7ed962ff7bf104d87abed5814ecfa3) Importer(815301076,1909f56bfc062723c751e8b465ee728b)  -> (artifact id: 'cbc59b911417d177de908b177b923e1f') in 0.020016 seconds
Number of updated asset objects reloaded before import = 0
Number of asset objects unloaded after import = 2
========================================================================
Received Import Request.
  Time since last request: 0.000017 seconds.
  path: Assets/Isometric/corridor_open_SE.png
  artifactKey: Guid(6454b91aff566244d8b992bed3b7ff6a) Importer(815301076,1909f56bfc062723c751e8b465ee728b)
Start importing Assets/Isometric/corridor_open_SE.png using Guid(6454b91aff566244d8b992bed3b7ff6a) Importer(815301076,1909f56bfc062723c751e8b465ee728b)  -> (artifact id: 'd1568cadc5822580ae62319c011b7d70') in 0.025236 seconds
Number of updated asset objects reloaded before import = 0
Number of asset objects unloaded after import = 2
========================================================================
Received Import Request.
  Time since last request: 0.000018 seconds.
  path: Assets/Isometric/corridor_windowClosed_SW.png
  artifactKey: Guid(28b5974e49c43574d87b133d7fd5d0de) Importer(815301076,1909f56bfc062723c751e8b465ee728b)
Start importing Assets/Isometric/corridor_windowClosed_SW.png using Guid(28b5974e49c43574d87b133d7fd5d0de) Importer(815301076,1909f56bfc062723c751e8b465ee728b)  -> (artifact id: 'ffe4b92d8e690593ae843bf41eb116d3') in 0.019297 seconds
Number of updated asset objects reloaded before import = 0
Number of asset objects unloaded after import = 2
========================================================================
Received Import Request.
  Time since last request: 0.000023 seconds.
  path: Assets/Isometric/corridor_cornerRound_SW.png
  artifactKey: Guid(f8a8593c558c82a43bd593dfef8b929b) Importer(815301076,1909f56bfc062723c751e8b465ee728b)
Start importing Assets/Isometric/corridor_cornerRound_SW.png using Guid(f8a8593c558c82a43bd593dfef8b929b) Importer(815301076,1909f56bfc062723c751e8b465ee728b)  -> (artifact id: 'bea42225384504965237e21f127d02d7') in 0.019699 seconds
Number of updated asset objects reloaded before import = 0
Number of asset objects unloaded after import = 2
========================================================================
Received Import Request.
  Time since last request: 0.000032 seconds.
  path: Assets/Isometric/corridor_window_SW.png
  artifactKey: Guid(931b2171574b5214482bbde7a4fbf8b5) Importer(815301076,1909f56bfc062723c751e8b465ee728b)
Start importing Assets/Isometric/corridor_window_SW.png using Guid(931b2171574b5214482bbde7a4fbf8b5) Importer(815301076,1909f56bfc062723c751e8b465ee728b)  -> (artifact id: '8e6f9d6838c2a8c3a488f399916e4d9b') in 0.019194 seconds
Number of updated asset objects reloaded before import = 0
Number of asset objects unloaded after import = 2
========================================================================
Received Import Request.
  Time since last request: 0.000020 seconds.
  path: Assets/Isometric/corridor_window_NE.png
  artifactKey: Guid(45b7c2ddd4de83a4fa6c295cea9cd3ef) Importer(815301076,1909f56bfc062723c751e8b465ee728b)
Start importing Assets/Isometric/corridor_window_NE.png using Guid(45b7c2ddd4de83a4fa6c295cea9cd3ef) Importer(815301076,1909f56bfc062723c751e8b465ee728b)  -> (artifact id: '3c19dfbdfb10c0cf23876e9cf92475ea') in 0.019134 seconds
Number of updated asset objects reloaded before import = 0
Number of asset objects unloaded after import = 2
========================================================================
Received Import Request.
  Time since last request: 0.000018 seconds.
  path: Assets/Isometric/corridor_corner_NW.png
  artifactKey: Guid(9c480360744dd4e4490e2c1be5cb2f94) Importer(815301076,1909f56bfc062723c751e8b465ee728b)
Start importing Assets/Isometric/corridor_corner_NW.png using Guid(9c480360744dd4e4490e2c1be5cb2f94) Importer(815301076,1909f56bfc062723c751e8b465ee728b)  -> (artifact id: '5d7438c9d7758fa0be8d86d937f43b01') in 0.020739 seconds
Number of updated asset objects reloaded before import = 0
Number of asset objects unloaded after import = 2
========================================================================
Received Import Request.
  Time since last request: 0.000021 seconds.
  path: Assets/Isometric/corridor_split_NW.png
  artifactKey: Guid(9c746e7e664ecf7448883d38ab2d0cee) Importer(815301076,1909f56bfc062723c751e8b465ee728b)
Start importing Assets/Isometric/corridor_split_NW.png using Guid(9c746e7e664ecf7448883d38ab2d0cee) Importer(815301076,1909f56bfc062723c751e8b465ee728b)  -> (artifact id: '4232d5f5f2c811cfab3e60f8a25d3c35') in 0.019153 seconds
Number of updated asset objects reloaded before import = 0
Number of asset objects unloaded after import = 2
========================================================================
Received Import Request.
  Time since last request: 0.000020 seconds.
  path: Assets/Isometric/corridor_corner_SE.png
  artifactKey: Guid(61442f056b4c8a344b737c73897d0ec3) Importer(815301076,1909f56bfc062723c751e8b465ee728b)
Start importing Assets/Isometric/corridor_corner_SE.png using Guid(61442f056b4c8a344b737c73897d0ec3) Importer(815301076,1909f56bfc062723c751e8b465ee728b)  -> (artifact id: 'f19e7285a3e8e94a97f748d3be5a09d0') in 0.019458 seconds
Number of updated asset objects reloaded before import = 0
Number of asset objects unloaded after import = 2
========================================================================
Received Import Request.
  Time since last request: 0.000019 seconds.
  path: Assets/Isometric/craft_cargoB_SE.png
  artifactKey: Guid(9ff791cc5874f10488b19dba0f319216) Importer(815301076,1909f56bfc062723c751e8b465ee728b)
Start importing Assets/Isometric/craft_cargoB_SE.png using Guid(9ff791cc5874f10488b19dba0f319216) Importer(815301076,1909f56bfc062723c751e8b465ee728b)  -> (artifact id: '880af4fecb54b1d9f949c6f4eef94661') in 0.018400 seconds
Number of updated asset objects reloaded before import = 0
Number of asset objects unloaded after import = 2
========================================================================
Received Import Request.
  Time since last request: 0.000018 seconds.
  path: Assets/Isometric/chimney_detailed_SW.png
  artifactKey: Guid(a4335847764abdb44b0ca9c275c87faf) Importer(815301076,1909f56bfc062723c751e8b465ee728b)
Start importing Assets/Isometric/chimney_detailed_SW.png using Guid(a4335847764abdb44b0ca9c275c87faf) Importer(815301076,1909f56bfc062723c751e8b465ee728b)  -> (artifact id: '2a362c379d1616fbfdb762ec229d7548') in 0.018152 seconds
Number of updated asset objects reloaded before import = 0
Number of asset objects unloaded after import = 2
========================================================================
Received Import Request.
  Time since last request: 0.000018 seconds.
  path: Assets/Isometric/chimney_detailed_SE.png
  artifactKey: Guid(a8f1315cd37f9be41aa295db7c35fda7) Importer(815301076,1909f56bfc062723c751e8b465ee728b)
Start importing Assets/Isometric/chimney_detailed_SE.png using Guid(a8f1315cd37f9be41aa295db7c35fda7) Importer(815301076,1909f56bfc062723c751e8b465ee728b)  -> (artifact id: '060698bfb3bf19e9a243f88e49f84f50') in 0.018326 seconds
Number of updated asset objects reloaded before import = 0
Number of asset objects unloaded after import = 2
========================================================================
Received Import Request.
  Time since last request: 0.000024 seconds.
  path: Assets/Isometric/craft_cargoA_SW.png
  artifactKey: Guid(f9840a4c09092f643a9e67881fbe6c6a) Importer(815301076,1909f56bfc062723c751e8b465ee728b)
Start importing Assets/Isometric/craft_cargoA_SW.png using Guid(f9840a4c09092f643a9e67881fbe6c6a) Importer(815301076,1909f56bfc062723c751e8b465ee728b)  -> (artifact id: '0b5f5f5a7d34a7a0e2480940c37c8002') in 0.018563 seconds
Number of updated asset objects reloaded before import = 0
Number of asset objects unloaded after import = 2
========================================================================
Received Import Request.
  Time since last request: 0.000019 seconds.
  path: Assets/Isometric/corridor_cross_SE.png
  artifactKey: Guid(2eaadd255d3da08439567cbb36e3ba1a) Importer(815301076,1909f56bfc062723c751e8b465ee728b)
Start importing Assets/Isometric/corridor_cross_SE.png using Guid(2eaadd255d3da08439567cbb36e3ba1a) Importer(815301076,1909f56bfc062723c751e8b465ee728b)  -> (artifact id: '5b9b5fc8fe6d6b7495f58c48b548385b') in 0.018782 seconds
Number of updated asset objects reloaded before import = 0
Number of asset objects unloaded after import = 2
========================================================================
Received Import Request.
  Time since last request: 1.062469 seconds.
  path: Assets/Isometric/craft_miner_NW.png
  artifactKey: Guid(1546d0a9447697e46a945d8ce910f1ad) Importer(815301076,1909f56bfc062723c751e8b465ee728b)
Start importing Assets/Isometric/craft_miner_NW.png using Guid(1546d0a9447697e46a945d8ce910f1ad) Importer(815301076,1909f56bfc062723c751e8b465ee728b)  -> (artifact id: 'e3d01798d2f3c1e13587b0a4dd88e317') in 0.019543 seconds
Number of updated asset objects reloaded before import = 0
Number of asset objects unloaded after import = 2
========================================================================
Received Import Request.
  Time since last request: 0.000018 seconds.
  path: Assets/Isometric/craft_speederB_SW.png
  artifactKey: Guid(f17635b04caab9947a78058acf428e25) Importer(815301076,1909f56bfc062723c751e8b465ee728b)
Start importing Assets/Isometric/craft_speederB_SW.png using Guid(f17635b04caab9947a78058acf428e25) Importer(815301076,1909f56bfc062723c751e8b465ee728b)  -> (artifact id: '0947876ac6eecb65ffb575f9124b283f') in 0.020501 seconds
Number of updated asset objects reloaded before import = 0
Number of asset objects unloaded after import = 2
========================================================================
Received Import Request.
  Time since last request: 0.000023 seconds.
  path: Assets/Isometric/craft_racer_NE.png
  artifactKey: Guid(35703f77d610e9b41870641092b101a0) Importer(815301076,1909f56bfc062723c751e8b465ee728b)
Start importing Assets/Isometric/craft_racer_NE.png using Guid(35703f77d610e9b41870641092b101a0) Importer(815301076,1909f56bfc062723c751e8b465ee728b)  -> (artifact id: 'e910f88867c0c24f177a58da2fc4b047') in 0.019361 seconds
Number of updated asset objects reloaded before import = 0
Number of asset objects unloaded after import = 2
========================================================================
Received Import Request.
  Time since last request: 0.000019 seconds.
  path: Assets/Isometric/crater_NE.png
  artifactKey: Guid(3e6b3b00197dbf042b45778e65903544) Importer(815301076,1909f56bfc062723c751e8b465ee728b)
Start importing Assets/Isometric/crater_NE.png using Guid(3e6b3b00197dbf042b45778e65903544) Importer(815301076,1909f56bfc062723c751e8b465ee728b)  -> (artifact id: '266cf0fd8c517284aa9be8e04dac7f7e') in 0.018726 seconds
Number of updated asset objects reloaded before import = 0
Number of asset objects unloaded after import = 2
========================================================================
Received Import Request.
  Time since last request: 0.000017 seconds.
  path: Assets/Isometric/crater_SW.png
  artifactKey: Guid(645c0f2ed904c0a47a650b96f6a9f1b0) Importer(815301076,1909f56bfc062723c751e8b465ee728b)
Start importing Assets/Isometric/crater_SW.png using Guid(645c0f2ed904c0a47a650b96f6a9f1b0) Importer(815301076,1909f56bfc062723c751e8b465ee728b)  -> (artifact id: '6c7f5ec11a8e153042b40aa5e9247c2c') in 0.019338 seconds
Number of updated asset objects reloaded before import = 0
Number of asset objects unloaded after import = 2
========================================================================
Received Import Request.
  Time since last request: 0.000018 seconds.
  path: Assets/Isometric/craft_speederC_NW.png
  artifactKey: Guid(762ff16c4a60c444eae2f8ddd0600251) Importer(815301076,1909f56bfc062723c751e8b465ee728b)
Start importing Assets/Isometric/craft_speederC_NW.png using Guid(762ff16c4a60c444eae2f8ddd0600251) Importer(815301076,1909f56bfc062723c751e8b465ee728b)  -> (artifact id: '1dabf19202d9eca3495de0fa60d4a3bf') in 0.018975 seconds
Number of updated asset objects reloaded before import = 0
Number of asset objects unloaded after import = 2
========================================================================
Received Import Request.
  Time since last request: 0.000027 seconds.
  path: Assets/Isometric/craterLarge_NW.png
  artifactKey: Guid(a29fbc8d02d978b44ad51784a6d3eb8c) Importer(815301076,1909f56bfc062723c751e8b465ee728b)
Start importing Assets/Isometric/craterLarge_NW.png using Guid(a29fbc8d02d978b44ad51784a6d3eb8c) Importer(815301076,1909f56bfc062723c751e8b465ee728b)  -> (artifact id: '9270f3d85ae71d665333779c60aeedfb') in 0.020089 seconds
Number of updated asset objects reloaded before import = 0
Number of asset objects unloaded after import = 2
========================================================================
Received Import Request.
  Time since last request: 0.000017 seconds.
  path: Assets/Isometric/desk_chair_NW.png
  artifactKey: Guid(31313fb9b1f97654eb499aba9f72a7b1) Importer(815301076,1909f56bfc062723c751e8b465ee728b)
Start importing Assets/Isometric/desk_chair_NW.png using Guid(31313fb9b1f97654eb499aba9f72a7b1) Importer(815301076,1909f56bfc062723c751e8b465ee728b)  -> (artifact id: '0f6f3e92efd2bc257c11de7970726b04') in 0.018893 seconds
Number of updated asset objects reloaded before import = 0
Number of asset objects unloaded after import = 2
========================================================================
Received Import Request.
  Time since last request: 0.000046 seconds.
  path: Assets/Isometric/desk_chair_SE.png
  artifactKey: Guid(dbc68a2dc3f09484fa66f6fd65d3853a) Importer(815301076,1909f56bfc062723c751e8b465ee728b)
Start importing Assets/Isometric/desk_chair_SE.png using Guid(dbc68a2dc3f09484fa66f6fd65d3853a) Importer(815301076,1909f56bfc062723c751e8b465ee728b)  -> (artifact id: '783b3ce545bef1ddc53367ecb126bcce') in 0.018062 seconds
Number of updated asset objects reloaded before import = 0
Number of asset objects unloaded after import = 2
========================================================================
Received Import Request.
  Time since last request: 0.000020 seconds.
  path: Assets/Isometric/desk_chairStool_SE.png
  artifactKey: Guid(e4f2496045c28064ba3413bb358693cc) Importer(815301076,1909f56bfc062723c751e8b465ee728b)
Start importing Assets/Isometric/desk_chairStool_SE.png using Guid(e4f2496045c28064ba3413bb358693cc) Importer(815301076,1909f56bfc062723c751e8b465ee728b)  -> (artifact id: 'ff7f01e58a0285ca0acd1832706da754') in 0.017901 seconds
Number of updated asset objects reloaded before import = 0
Number of asset objects unloaded after import = 2
========================================================================
Received Import Request.
  Time since last request: 0.000030 seconds.
  path: Assets/Isometric/desk_computer_SE.png
  artifactKey: Guid(eee66127bc6718b4c8e5f51f18abbacc) Importer(815301076,1909f56bfc062723c751e8b465ee728b)
Start importing Assets/Isometric/desk_computer_SE.png using Guid(eee66127bc6718b4c8e5f51f18abbacc) Importer(815301076,1909f56bfc062723c751e8b465ee728b)  -> (artifact id: '0ca24983ca59baf4ffe2dad583884e81') in 0.020466 seconds
Number of updated asset objects reloaded before import = 0
Number of asset objects unloaded after import = 2
========================================================================
Received Import Request.
  Time since last request: 0.000018 seconds.
  path: Assets/Isometric/desk_chairArms_SW.png
  artifactKey: Guid(039a7c065fbdbf14f9758320ed5a97ea) Importer(815301076,1909f56bfc062723c751e8b465ee728b)
Start importing Assets/Isometric/desk_chairArms_SW.png using Guid(039a7c065fbdbf14f9758320ed5a97ea) Importer(815301076,1909f56bfc062723c751e8b465ee728b)  -> (artifact id: '9088c9c5a9cedcb3ad5a0c236e7bb6c1') in 0.018351 seconds
Number of updated asset objects reloaded before import = 0
Number of asset objects unloaded after import = 2
========================================================================
Received Import Request.
  Time since last request: 0.000019 seconds.
  path: Assets/Isometric/craterLarge_NE.png
  artifactKey: Guid(f90daf269fb3881439091324828ea9de) Importer(815301076,1909f56bfc062723c751e8b465ee728b)
Start importing Assets/Isometric/craterLarge_NE.png using Guid(f90daf269fb3881439091324828ea9de) Importer(815301076,1909f56bfc062723c751e8b465ee728b)  -> (artifact id: '23f05647efef96b3facb0920d5ed0540') in 0.019203 seconds
Number of updated asset objects reloaded before import = 0
Number of asset objects unloaded after import = 2
========================================================================
Received Import Request.
  Time since last request: 0.000025 seconds.
  path: Assets/Isometric/desk_computer_SW.png
  artifactKey: Guid(dd0626c06ee40bf4a9227d6415f272e9) Importer(815301076,1909f56bfc062723c751e8b465ee728b)
Start importing Assets/Isometric/desk_computer_SW.png using Guid(dd0626c06ee40bf4a9227d6415f272e9) Importer(815301076,1909f56bfc062723c751e8b465ee728b)  -> (artifact id: 'd93fe7f8470f1197f6abe1791c24af33') in 0.018978 seconds
Number of updated asset objects reloaded before import = 0
Number of asset objects unloaded after import = 2
========================================================================
Received Import Request.
  Time since last request: 0.000022 seconds.
  path: Assets/Isometric/craft_speederD_NW.png
  artifactKey: Guid(5d019b146e10abd42a64672c29eb0917) Importer(815301076,1909f56bfc062723c751e8b465ee728b)
Start importing Assets/Isometric/craft_speederD_NW.png using Guid(5d019b146e10abd42a64672c29eb0917) Importer(815301076,1909f56bfc062723c751e8b465ee728b)  -> (artifact id: '16be104594565d05539cacaf75a34b3a') in 0.021598 seconds
Number of updated asset objects reloaded before import = 0
Number of asset objects unloaded after import = 2
========================================================================
Received Import Request.
  Time since last request: 0.000019 seconds.
  path: Assets/Isometric/desk_computerCorner_NE.png
  artifactKey: Guid(6b2c04b454f0edd4a814e28dfd27160b) Importer(815301076,1909f56bfc062723c751e8b465ee728b)
Start importing Assets/Isometric/desk_computerCorner_NE.png using Guid(6b2c04b454f0edd4a814e28dfd27160b) Importer(815301076,1909f56bfc062723c751e8b465ee728b)  -> (artifact id: 'a3ae763ddf581577881d8c5410b56dcb') in 0.018858 seconds
Number of updated asset objects reloaded before import = 0
Number of asset objects unloaded after import = 2
========================================================================
Received Import Request.
  Time since last request: 0.000026 seconds.
  path: Assets/Isometric/crater_NW.png
  artifactKey: Guid(8928a7fcc2570174db51212bc44551c7) Importer(815301076,1909f56bfc062723c751e8b465ee728b)
Start importing Assets/Isometric/crater_NW.png using Guid(8928a7fcc2570174db51212bc44551c7) Importer(815301076,1909f56bfc062723c751e8b465ee728b)  -> (artifact id: '7cda8f20d997fa524e46b44fc16f76c0') in 0.019729 seconds
Number of updated asset objects reloaded before import = 0
Number of asset objects unloaded after import = 2
========================================================================
Received Import Request.
  Time since last request: 0.000021 seconds.
  path: Assets/Isometric/craft_racer_SE.png
  artifactKey: Guid(4a211355020872548963c61c126fcd91) Importer(815301076,1909f56bfc062723c751e8b465ee728b)
Start importing Assets/Isometric/craft_racer_SE.png using Guid(4a211355020872548963c61c126fcd91) Importer(815301076,1909f56bfc062723c751e8b465ee728b)  -> (artifact id: '0e37e054be05827df04efa37c126b175') in 0.019909 seconds
Number of updated asset objects reloaded before import = 0
Number of asset objects unloaded after import = 2
========================================================================
Received Import Request.
  Time since last request: 0.000021 seconds.
  path: Assets/Isometric/desk_chairStool_NW.png
  artifactKey: Guid(c61689f5ff3a8504292af1abcb748564) Importer(815301076,1909f56bfc062723c751e8b465ee728b)
Start importing Assets/Isometric/desk_chairStool_NW.png using Guid(c61689f5ff3a8504292af1abcb748564) Importer(815301076,1909f56bfc062723c751e8b465ee728b)  -> (artifact id: '802977ca38b6eafeb492f95a9a143821') in 0.018497 seconds
Number of updated asset objects reloaded before import = 0
Number of asset objects unloaded after import = 2
========================================================================
Received Import Request.
  Time since last request: 0.000019 seconds.
  path: Assets/Isometric/craft_speederD_SE.png
  artifactKey: Guid(337ad39f13b5cee41baec98320174a2b) Importer(815301076,1909f56bfc062723c751e8b465ee728b)
Start importing Assets/Isometric/craft_speederD_SE.png using Guid(337ad39f13b5cee41baec98320174a2b) Importer(815301076,1909f56bfc062723c751e8b465ee728b)  -> (artifact id: '0a89d0f665b142ae81c34fcd4999cfc7') in 0.019367 seconds
Number of updated asset objects reloaded before import = 0
Number of asset objects unloaded after import = 2
========================================================================
Received Import Request.
  Time since last request: 0.000023 seconds.
  path: Assets/Isometric/desk_chairArms_NW.png
  artifactKey: Guid(3145d7d876321b84f938a072d5b7a093) Importer(815301076,1909f56bfc062723c751e8b465ee728b)
Start importing Assets/Isometric/desk_chairArms_NW.png using Guid(3145d7d876321b84f938a072d5b7a093) Importer(815301076,1909f56bfc062723c751e8b465ee728b)  -> (artifact id: '7e3f2190e7a50582e2d141791f528d05') in 0.018185 seconds
Number of updated asset objects reloaded before import = 0
Number of asset objects unloaded after import = 2
========================================================================
Received Import Request.
  Time since last request: 0.000030 seconds.
  path: Assets/Isometric/craft_speederB_SE.png
  artifactKey: Guid(03bdc48b1ac64b04699518bd2a6f9662) Importer(815301076,1909f56bfc062723c751e8b465ee728b)
Start importing Assets/Isometric/craft_speederB_SE.png using Guid(03bdc48b1ac64b04699518bd2a6f9662) Importer(815301076,1909f56bfc062723c751e8b465ee728b)  -> (artifact id: 'e6b0d315cd96b87cc73dbba7acc92a84') in 0.018399 seconds
Number of updated asset objects reloaded before import = 0
Number of asset objects unloaded after import = 2
========================================================================
Received Import Request.
  Time since last request: 0.000021 seconds.
  path: Assets/Isometric/craterLarge_SE.png
  artifactKey: Guid(1aecf17bf819f1f4a9ca21a099febfed) Importer(815301076,1909f56bfc062723c751e8b465ee728b)
Start importing Assets/Isometric/craterLarge_SE.png using Guid(1aecf17bf819f1f4a9ca21a099febfed) Importer(815301076,1909f56bfc062723c751e8b465ee728b)  -> (artifact id: '6c04569356d3a452838d944177d9c544') in 0.021135 seconds
Number of updated asset objects reloaded before import = 0
Number of asset objects unloaded after import = 2
========================================================================
Received Import Request.
  Time since last request: 0.000020 seconds.
  path: Assets/Isometric/craft_speederA_SW.png
  artifactKey: Guid(34b73a0534574b943a69156e3650b9b1) Importer(815301076,1909f56bfc062723c751e8b465ee728b)
Start importing Assets/Isometric/craft_speederA_SW.png using Guid(34b73a0534574b943a69156e3650b9b1) Importer(815301076,1909f56bfc062723c751e8b465ee728b)  -> (artifact id: 'edf631772b3ad6450642f22021a53f5d') in 0.019881 seconds
Number of updated asset objects reloaded before import = 0
Number of asset objects unloaded after import = 2
========================================================================
Received Import Request.
  Time since last request: 7.565209 seconds.
  path: Assets/Models/OBJ format/alien.obj
  artifactKey: Guid(ce3a1ffde0dd7d6438c97543ba2707ac) Importer(815301076,1909f56bfc062723c751e8b465ee728b)
Start importing Assets/Models/OBJ format/alien.obj using Guid(ce3a1ffde0dd7d6438c97543ba2707ac) Importer(815301076,1909f56bfc062723c751e8b465ee728b)  -> (artifact id: 'c434db1084a8fd3c3bebd4cb295c3ffb') in 0.096079 seconds
Number of updated asset objects reloaded before import = 0
Number of asset objects unloaded after import = 39
========================================================================
Received Import Request.
  Time since last request: 0.000018 seconds.
  path: Assets/Models/OBJ format/craft_speederC.obj
  artifactKey: Guid(3578ad14c40777c43abba9d353b89f5c) Importer(815301076,1909f56bfc062723c751e8b465ee728b)
Start importing Assets/Models/OBJ format/craft_speederC.obj using Guid(3578ad14c40777c43abba9d353b89f5c) Importer(815301076,1909f56bfc062723c751e8b465ee728b)  -> (artifact id: '171c090100d6cffa8431be529cd43687') in 0.051484 seconds
Number of updated asset objects reloaded before import = 0
Number of asset objects unloaded after import = 13
========================================================================
Received Import Request.
  Time since last request: 0.000024 seconds.
  path: Assets/Models/OBJ format/corridor_split.obj
  artifactKey: Guid(64ac30255c6c96b4dbf1c099995e17da) Importer(815301076,1909f56bfc062723c751e8b465ee728b)
Start importing Assets/Models/OBJ format/corridor_split.obj using Guid(64ac30255c6c96b4dbf1c099995e17da) Importer(815301076,1909f56bfc062723c751e8b465ee728b)  -> (artifact id: 'a76cb885a93c5f44cc176a1c0f06240b') in 0.047399 seconds
Number of updated asset objects reloaded before import = 0
Number of asset objects unloaded after import = 13
========================================================================
Received Import Request.
  Time since last request: 0.000032 seconds.
  path: Assets/Models/OBJ format/corridor_cornerRoundWindow.obj
  artifactKey: Guid(ae275abc6c46ea9469caaebf4387c877) Importer(815301076,1909f56bfc062723c751e8b465ee728b)
Start importing Assets/Models/OBJ format/corridor_cornerRoundWindow.obj using Guid(ae275abc6c46ea9469caaebf4387c877) Importer(815301076,1909f56bfc062723c751e8b465ee728b)  -> (artifact id: '30af2f0b4583cdc76fd60de96d6c3f61') in 0.048453 seconds
Number of updated asset objects reloaded before import = 0
Number of asset objects unloaded after import = 13
========================================================================
Received Import Request.
  Time since last request: 0.000026 seconds.
  path: Assets/Models/OBJ format/corridor_end.obj
  artifactKey: Guid(72e42f1bb011f2c4c8c41d26783ba7ba) Importer(815301076,1909f56bfc062723c751e8b465ee728b)
Start importing Assets/Models/OBJ format/corridor_end.obj using Guid(72e42f1bb011f2c4c8c41d26783ba7ba) Importer(815301076,1909f56bfc062723c751e8b465ee728b)  -> (artifact id: '021b9025b5cd93ee9b257d9c9f5676fb') in 0.048463 seconds
Number of updated asset objects reloaded before import = 0
Number of asset objects unloaded after import = 13
========================================================================
Received Import Request.
  Time since last request: 0.000024 seconds.
  path: Assets/Models/OBJ format/desk_chair.obj
  artifactKey: Guid(362bfbf291983a5418717e024d16a0fb) Importer(815301076,1909f56bfc062723c751e8b465ee728b)
Start importing Assets/Models/OBJ format/desk_chair.obj using Guid(362bfbf291983a5418717e024d16a0fb) Importer(815301076,1909f56bfc062723c751e8b465ee728b)  -> (artifact id: '64d5c57a3c1db023207fc87dc045c241') in 0.049895 seconds
Number of updated asset objects reloaded before import = 0
Number of asset objects unloaded after import = 12
========================================================================
Received Import Request.
  Time since last request: 0.000023 seconds.
  path: Assets/Models/OBJ format/corridor_windowClosed.obj
  artifactKey: Guid(ef3fbdfa90b31d240b8bfb10fae727db) Importer(815301076,1909f56bfc062723c751e8b465ee728b)
Start importing Assets/Models/OBJ format/corridor_windowClosed.obj using Guid(ef3fbdfa90b31d240b8bfb10fae727db) Importer(815301076,1909f56bfc062723c751e8b465ee728b)  -> (artifact id: '3671f9709152130e10b3ad969f8ddaed') in 0.042075 seconds
Number of updated asset objects reloaded before import = 0
Number of asset objects unloaded after import = 13
========================================================================
Received Import Request.
  Time since last request: 0.000019 seconds.
  path: Assets/Models/OBJ format/corridor_cornerRound.obj
  artifactKey: Guid(cd96bca1f40e9144f9a7ccda428a1759) Importer(815301076,1909f56bfc062723c751e8b465ee728b)
Start importing Assets/Models/OBJ format/corridor_cornerRound.obj using Guid(cd96bca1f40e9144f9a7ccda428a1759) Importer(815301076,1909f56bfc062723c751e8b465ee728b)  -> (artifact id: 'b3ba11032bcd15e62c81ddc20f17b6c3') in 0.037207 seconds
Number of updated asset objects reloaded before import = 0
Number of asset objects unloaded after import = 12
Editor requested this worker to shutdown with reason: Scaling down because of idle timeout
TcpMessagingSession - receive error: operation aborted. errorcode: 995, details: The I/O operation has been aborted because of either a thread exit or an application request.
AssetImportWorker is now disconnected from the server
Process exiting
Exiting without the bug reporter. Application will terminate with return code 0