Using pre-set license
Built from '2022.3/staging' branch; Version is '2022.3.8f1 (b5eafc012955) revision 11922172'; Using compiler version '192829333'; Build Type 'Release'
OS: 'Windows 10  (10.0.19045) 64bit Enterprise' Language: 'en' Physical Memory: 32467 MB
BatchMode: 1, IsHumanControllingUs: 0, StartBugReporterOnCrash: 0, Is64bit: 1, IsPro: 1

COMMAND LINE ARGUMENTS:
C:\Program Files\Unity\Hub\Editor\2022.3.8f1\Editor\Unity.exe
-adb2
-batchMode
-noUpm
-name
AssetImportWorker25
-projectPath
C:/Users/chenyufe/Documents/Rekordny_Github/RacerGame
-logFile
Logs/AssetImportWorker25.log
-srvPort
54047
Successfully changed project path to: C:/Users/chenyufe/Documents/Rekordny_Github/RacerGame
C:/Users/chenyufe/Documents/Rekordny_Github/RacerGame
[UnityMemory] Configuration Parameters - Can be set up in boot.config
    "memorysetup-bucket-allocator-granularity=16"
    "memorysetup-bucket-allocator-bucket-count=8"
    "memorysetup-bucket-allocator-block-size=33554432"
    "memorysetup-bucket-allocator-block-count=8"
    "memorysetup-main-allocator-block-size=16777216"
    "memorysetup-thread-allocator-block-size=16777216"
    "memorysetup-gfx-main-allocator-block-size=16777216"
    "memorysetup-gfx-thread-allocator-block-size=16777216"
    "memorysetup-cache-allocator-block-size=4194304"
    "memorysetup-typetree-allocator-block-size=2097152"
    "memorysetup-profiler-bucket-allocator-granularity=16"
    "memorysetup-profiler-bucket-allocator-bucket-count=8"
    "memorysetup-profiler-bucket-allocator-block-size=33554432"
    "memorysetup-profiler-bucket-allocator-block-count=8"
    "memorysetup-profiler-allocator-block-size=16777216"
    "memorysetup-profiler-editor-allocator-block-size=1048576"
    "memorysetup-temp-allocator-size-main=16777216"
    "memorysetup-job-temp-allocator-block-size=2097152"
    "memorysetup-job-temp-allocator-block-size-background=1048576"
    "memorysetup-job-temp-allocator-reduction-small-platforms=262144"
    "memorysetup-allocator-temp-initial-block-size-main=262144"
    "memorysetup-allocator-temp-initial-block-size-worker=262144"
    "memorysetup-temp-allocator-size-background-worker=32768"
    "memorysetup-temp-allocator-size-job-worker=262144"
    "memorysetup-temp-allocator-size-preload-manager=33554432"
    "memorysetup-temp-allocator-size-nav-mesh-worker=65536"
    "memorysetup-temp-allocator-size-audio-worker=65536"
    "memorysetup-temp-allocator-size-cloud-worker=32768"
    "memorysetup-temp-allocator-size-gi-baking-worker=262144"
    "memorysetup-temp-allocator-size-gfx=262144"
Player connection [31580] Host "[IP] 142.55.42.89 [Port] 0 [Flags] 2 [Guid] 385423233 [EditorId] 385423233 [Version] 1048832 [Id] WindowsEditor(7,oa-s142-23) [Debug] 1 [PackageName] WindowsEditor [ProjectName] Editor" joined multi-casting on [225.0.0.222:54997]...

Player connection [31580] Host "[IP] 142.55.42.89 [Port] 0 [Flags] 2 [Guid] 385423233 [EditorId] 385423233 [Version] 1048832 [Id] WindowsEditor(7,oa-s142-23) [Debug] 1 [PackageName] WindowsEditor [ProjectName] Editor" joined alternative multi-casting on [225.0.0.222:34997]...

[Physics::Module] Initialized MultithreadedJobDispatcher with 23 workers.
Refreshing native plugins compatible for Editor in 10.48 ms, found 2 plugins.
Preloading 0 native plugins for Editor in 0.00 ms.
Initialize engine version: 2022.3.8f1 (b5eafc012955)
[Subsystems] Discovering subsystems at path C:/Program Files/Unity/Hub/Editor/2022.3.8f1/Editor/Data/Resources/UnitySubsystems
[Subsystems] Discovering subsystems at path C:/Users/chenyufe/Documents/Rekordny_Github/RacerGame/Assets
GfxDevice: creating device client; threaded=0; jobified=0
Direct3D:
    Version:  Direct3D 11.0 [level 11.1]
    Renderer: NVIDIA GeForce GTX 1080 Ti (ID=0x1b06)
    Vendor:   NVIDIA
    VRAM:     11120 MB
    Driver:   31.0.15.3713
Initialize mono
Mono path[0] = 'C:/Program Files/Unity/Hub/Editor/2022.3.8f1/Editor/Data/Managed'
Mono path[1] = 'C:/Program Files/Unity/Hub/Editor/2022.3.8f1/Editor/Data/MonoBleedingEdge/lib/mono/unityjit-win32'
Mono config path = 'C:/Program Files/Unity/Hub/Editor/2022.3.8f1/Editor/Data/MonoBleedingEdge/etc'
Using monoOptions --debugger-agent=transport=dt_socket,embedding=1,server=y,suspend=n,address=127.0.0.1:56936
Begin MonoManager ReloadAssembly
Registering precompiled unity dll's ...
Register platform support module: C:/Program Files/Unity/Hub/Editor/2022.3.8f1/Editor/Data/PlaybackEngines/WebGLSupport/UnityEditor.WebGL.Extensions.dll
Register platform support module: C:/Program Files/Unity/Hub/Editor/2022.3.8f1/Editor/Data/PlaybackEngines/AndroidPlayer/UnityEditor.Android.Extensions.dll
Register platform support module: C:/Program Files/Unity/Hub/Editor/2022.3.8f1/Editor/Data/PlaybackEngines/WindowsStandaloneSupport/UnityEditor.WindowsStandalone.Extensions.dll
Registered in 0.025208 seconds.
- Loaded All Assemblies, in  0.664 seconds
Native extension for WindowsStandalone target not found
Native extension for Android target not found
Android Extension - Scanning For ADB Devices 1216 ms
Native extension for WebGL target not found
Mono: successfully reloaded assembly
- Finished resetting the current domain, in  1.770 seconds
Domain Reload Profiling: 2430ms
	BeginReloadAssembly (187ms)
		ExecutionOrderSort (0ms)
		DisableScriptedObjects (0ms)
		BackupInstance (0ms)
		ReleaseScriptingObjects (0ms)
		CreateAndSetChildDomain (1ms)
	RebuildCommonClasses (60ms)
	RebuildNativeTypeToScriptingClass (18ms)
	initialDomainReloadingComplete (117ms)
	LoadAllAssembliesAndSetupDomain (278ms)
		LoadAssemblies (186ms)
		RebuildTransferFunctionScriptingTraits (0ms)
		AnalyzeDomain (271ms)
			TypeCache.Refresh (269ms)
				TypeCache.ScanAssembly (245ms)
			ScanForSourceGeneratedMonoScriptInfo (1ms)
			ResolveRequiredComponents (1ms)
	FinalizeReload (1770ms)
		ReleaseScriptCaches (0ms)
		RebuildScriptCaches (0ms)
		SetupLoadedEditorAssemblies (1680ms)
			LogAssemblyErrors (0ms)
			InitializePlatformSupportModulesInManaged (1435ms)
			SetLoadedEditorAssemblies (6ms)
			RefreshPlugins (0ms)
			BeforeProcessingInitializeOnLoad (4ms)
			ProcessInitializeOnLoadAttributes (153ms)
			ProcessInitializeOnLoadMethodAttributes (81ms)
			AfterProcessingInitializeOnLoad (0ms)
			EditorAssembliesLoaded (0ms)
		ExecutionOrderSort2 (0ms)
		AwakeInstancesAfterBackupRestoration (0ms)
========================================================================
Worker process is ready to serve import requests
Begin MonoManager ReloadAssembly
- Loaded All Assemblies, in  0.748 seconds
Refreshing native plugins compatible for Editor in 4.89 ms, found 2 plugins.
Native extension for WindowsStandalone target not found
Native extension for Android target not found
Native extension for WebGL target not found
Package Manager log level set to [2]
[Package Manager] Server::EnsureServerProcessIsRunning -- launch failed, reason: Unity was launched with the -noUpm command-line argument
[Package Manager] UpmClient::Send -- Unable to send message (not connected to UPM process).
[Package Manager] Cannot connect to Unity Package Manager local server
Mono: successfully reloaded assembly
- Finished resetting the current domain, in  0.767 seconds
Domain Reload Profiling: 1511ms
	BeginReloadAssembly (238ms)
		ExecutionOrderSort (0ms)
		DisableScriptedObjects (8ms)
		BackupInstance (0ms)
		ReleaseScriptingObjects (0ms)
		CreateAndSetChildDomain (32ms)
	RebuildCommonClasses (54ms)
	RebuildNativeTypeToScriptingClass (17ms)
	initialDomainReloadingComplete (57ms)
	LoadAllAssembliesAndSetupDomain (377ms)
		LoadAssemblies (364ms)
		RebuildTransferFunctionScriptingTraits (0ms)
		AnalyzeDomain (157ms)
			TypeCache.Refresh (137ms)
				TypeCache.ScanAssembly (114ms)
			ScanForSourceGeneratedMonoScriptInfo (14ms)
			ResolveRequiredComponents (5ms)
	FinalizeReload (768ms)
		ReleaseScriptCaches (0ms)
		RebuildScriptCaches (0ms)
		SetupLoadedEditorAssemblies (542ms)
			LogAssemblyErrors (0ms)
			InitializePlatformSupportModulesInManaged (38ms)
			SetLoadedEditorAssemblies (4ms)
			RefreshPlugins (0ms)
			BeforeProcessingInitializeOnLoad (66ms)
			ProcessInitializeOnLoadAttributes (397ms)
			ProcessInitializeOnLoadMethodAttributes (26ms)
			AfterProcessingInitializeOnLoad (12ms)
			EditorAssembliesLoaded (0ms)
		ExecutionOrderSort2 (0ms)
		AwakeInstancesAfterBackupRestoration (14ms)
Launched and connected shader compiler UnityShaderCompiler.exe after 0.11 seconds
Refreshing native plugins compatible for Editor in 5.56 ms, found 2 plugins.
Preloading 0 native plugins for Editor in 0.00 ms.
Unloading 1574 Unused Serialized files (Serialized files now loaded: 0)
Unloading 34 unused Assets / (130.0 KB). Loaded Objects now: 2046.
Memory consumption went from 92.1 MB to 91.9 MB.
Total: 9.076200 ms (FindLiveObjects: 0.267400 ms CreateObjectMapping: 0.099200 ms MarkObjects: 8.419700 ms  DeleteObjects: 0.288400 ms)

AssetImportParameters requested are different than current active one (requested -> active):
  custom:video-decoder-webm-vp8: 9c59270c3fd7afecdb556c50c9e8de78 -> 
  custom:SearchIndexIgnoredProperties: e643bd26f0fe6173181afceb89e7c659 -> 
  custom:container-demuxer-ogg: 62fdf1f143b41e24485cea50d1cbac27 -> 
  custom:AudioImporter_EditorPlatform: d09bf68614088b80899f8185d706f6e7 -> 
  custom:video-decoder-ogg-theora: a1e56fd34408186e4bbccfd4996cb3dc -> 
  custom:framework-win-MediaFoundation: 216162199b28c13a410421893ffa2e32 -> 
  custom:video-encoder-webm-vp8: eb34c28f22e8b96e1ab97ce403110664 -> 
  custom:audio-decoder-ogg-vorbis: bf7c407c2cedff20999df2af8eb42d56 -> 
  custom:CustomObjectIndexerAttribute: 756ad292c208cfabdd7b50bc23989ffe -> 
  custom:container-demuxer-webm: 4f35f7cbe854078d1ac9338744f61a02 -> 
  custom:audio-encoder-webm-vorbis: bf7c407c2cedff20999df2af8eb42d56 -> 
  custom:container-muxer-webm: aa71ff27fc2769a1b78a27578f13a17b -> 
========================================================================
Received Import Request.
  Time since last request: 92932.609341 seconds.
  path: Assets/Side/astronautA.png
  artifactKey: Guid(e69ca20c603484d4391d1b909d416a0b) Importer(815301076,1909f56bfc062723c751e8b465ee728b)
Start importing Assets/Side/astronautA.png using Guid(e69ca20c603484d4391d1b909d416a0b) Importer(815301076,1909f56bfc062723c751e8b465ee728b)  -> (artifact id: '85b9e0142085d24e41ded100396a4723') in 0.080957 seconds
Number of updated asset objects reloaded before import = 0
Number of asset objects unloaded after import = 2
========================================================================
Received Import Request.
  Time since last request: 0.006565 seconds.
  path: Assets/Side/chimney_detailed.png
  artifactKey: Guid(31eaf2f55b63b2943bab1f3f51553f3f) Importer(815301076,1909f56bfc062723c751e8b465ee728b)
Start importing Assets/Side/chimney_detailed.png using Guid(31eaf2f55b63b2943bab1f3f51553f3f) Importer(815301076,1909f56bfc062723c751e8b465ee728b)  -> (artifact id: '9481e828f8508df0bf3a9f1f4683c864') in 0.021567 seconds
Number of updated asset objects reloaded before import = 0
Number of asset objects unloaded after import = 2
========================================================================
Received Import Request.
  Time since last request: 0.000039 seconds.
  path: Assets/Side/craft_speederA.png
  artifactKey: Guid(f14e437a23c4b0e4f923836d28086b80) Importer(815301076,1909f56bfc062723c751e8b465ee728b)
Start importing Assets/Side/craft_speederA.png using Guid(f14e437a23c4b0e4f923836d28086b80) Importer(815301076,1909f56bfc062723c751e8b465ee728b)  -> (artifact id: '88371131e6a9dd95d338244da61a6330') in 0.021136 seconds
Number of updated asset objects reloaded before import = 0
Number of asset objects unloaded after import = 2
========================================================================
Received Import Request.
  Time since last request: 0.000019 seconds.
  path: Assets/Side/machine_generatorLarge.png
  artifactKey: Guid(6b8957855dc69234d9dfd7e167bdb3aa) Importer(815301076,1909f56bfc062723c751e8b465ee728b)
Start importing Assets/Side/machine_generatorLarge.png using Guid(6b8957855dc69234d9dfd7e167bdb3aa) Importer(815301076,1909f56bfc062723c751e8b465ee728b)  -> (artifact id: 'f6e27a28c1171968152468551a645aff') in 0.020346 seconds
Number of updated asset objects reloaded before import = 0
Number of asset objects unloaded after import = 2
========================================================================
Received Import Request.
  Time since last request: 0.000020 seconds.
  path: Assets/Side/pipe_ringHigh.png
  artifactKey: Guid(e276574a412c1734ba175c97496d6764) Importer(815301076,1909f56bfc062723c751e8b465ee728b)
Start importing Assets/Side/pipe_ringHigh.png using Guid(e276574a412c1734ba175c97496d6764) Importer(815301076,1909f56bfc062723c751e8b465ee728b)  -> (artifact id: '48d7234ce2f80cb0228852b9da66b66f') in 0.022550 seconds
Number of updated asset objects reloaded before import = 0
Number of asset objects unloaded after import = 2
========================================================================
Received Import Request.
  Time since last request: 0.000020 seconds.
  path: Assets/Side/pipe_cornerDiagonal.png
  artifactKey: Guid(805ecd7741da5284fbf114518e0f35eb) Importer(815301076,1909f56bfc062723c751e8b465ee728b)
Start importing Assets/Side/pipe_cornerDiagonal.png using Guid(805ecd7741da5284fbf114518e0f35eb) Importer(815301076,1909f56bfc062723c751e8b465ee728b)  -> (artifact id: '13bfbbe7c19c741329b942b020c354ed') in 0.020077 seconds
Number of updated asset objects reloaded before import = 0
Number of asset objects unloaded after import = 2
========================================================================
Received Import Request.
  Time since last request: 0.000019 seconds.
  path: Assets/Side/desk_chairArms.png
  artifactKey: Guid(c17597aa21a9a284e9a03da4d260e6a6) Importer(815301076,1909f56bfc062723c751e8b465ee728b)
Start importing Assets/Side/desk_chairArms.png using Guid(c17597aa21a9a284e9a03da4d260e6a6) Importer(815301076,1909f56bfc062723c751e8b465ee728b)  -> (artifact id: '967979692a1e2129a0cdb612516cf0df') in 0.018771 seconds
Number of updated asset objects reloaded before import = 0
Number of asset objects unloaded after import = 2
========================================================================
Received Import Request.
  Time since last request: 0.000018 seconds.
  path: Assets/Side/astronautB.png
  artifactKey: Guid(b094f3e71b36d734d91d3ef4dfc847fb) Importer(815301076,1909f56bfc062723c751e8b465ee728b)
Start importing Assets/Side/astronautB.png using Guid(b094f3e71b36d734d91d3ef4dfc847fb) Importer(815301076,1909f56bfc062723c751e8b465ee728b)  -> (artifact id: '8fa8796b364f9fca30f42607ac589f57') in 0.018608 seconds
Number of updated asset objects reloaded before import = 0
Number of asset objects unloaded after import = 2
========================================================================
Received Import Request.
  Time since last request: 0.000021 seconds.
  path: Assets/Side/hangar_largeB.png
  artifactKey: Guid(e16421d5d0125444988759169d0d418d) Importer(815301076,1909f56bfc062723c751e8b465ee728b)
Start importing Assets/Side/hangar_largeB.png using Guid(e16421d5d0125444988759169d0d418d) Importer(815301076,1909f56bfc062723c751e8b465ee728b)  -> (artifact id: 'c73c53b77772b6d5fd99678ff82cdd44') in 0.019606 seconds
Number of updated asset objects reloaded before import = 0
Number of asset objects unloaded after import = 2
========================================================================
Received Import Request.
  Time since last request: 0.000020 seconds.
  path: Assets/Side/monorail_trackCornerLarge.png
  artifactKey: Guid(3d935d734e917f6499c19a1d765fde8b) Importer(815301076,1909f56bfc062723c751e8b465ee728b)
Start importing Assets/Side/monorail_trackCornerLarge.png using Guid(3d935d734e917f6499c19a1d765fde8b) Importer(815301076,1909f56bfc062723c751e8b465ee728b)  -> (artifact id: '4d6eae08c527b65dbe23cc36abb16e75') in 0.018270 seconds
Number of updated asset objects reloaded before import = 0
Number of asset objects unloaded after import = 2
========================================================================
Received Import Request.
  Time since last request: 0.000024 seconds.
  path: Assets/Side/pipe_rampSmall.png
  artifactKey: Guid(b9ac57b05c4da0b4bb6f0d5039498287) Importer(815301076,1909f56bfc062723c751e8b465ee728b)
Start importing Assets/Side/pipe_rampSmall.png using Guid(b9ac57b05c4da0b4bb6f0d5039498287) Importer(815301076,1909f56bfc062723c751e8b465ee728b)  -> (artifact id: '45b0135d16ea3982c823b701a7810761') in 0.021050 seconds
Number of updated asset objects reloaded before import = 0
Number of asset objects unloaded after import = 2
========================================================================
Received Import Request.
  Time since last request: 0.000022 seconds.
  path: Assets/Side/hangar_smallA.png
  artifactKey: Guid(c89b76cf85f7a754a82f43ed5e3654ef) Importer(815301076,1909f56bfc062723c751e8b465ee728b)
Start importing Assets/Side/hangar_smallA.png using Guid(c89b76cf85f7a754a82f43ed5e3654ef) Importer(815301076,1909f56bfc062723c751e8b465ee728b)  -> (artifact id: '67882ce9bb8a0ccab7d4fb4941036930') in 0.018857 seconds
Number of updated asset objects reloaded before import = 0
Number of asset objects unloaded after import = 2
========================================================================
Received Import Request.
  Time since last request: 0.000031 seconds.
  path: Assets/Side/hangar_largeA.png
  artifactKey: Guid(65fa1e2f1872c6247acfb0e6b26c5c98) Importer(815301076,1909f56bfc062723c751e8b465ee728b)
Start importing Assets/Side/hangar_largeA.png using Guid(65fa1e2f1872c6247acfb0e6b26c5c98) Importer(815301076,1909f56bfc062723c751e8b465ee728b)  -> (artifact id: '7f772438823d030011a831afb8f52646') in 0.017869 seconds
Number of updated asset objects reloaded before import = 0
Number of asset objects unloaded after import = 2
========================================================================
Received Import Request.
  Time since last request: 0.000018 seconds.
  path: Assets/Side/monorail_trainFlat.png
  artifactKey: Guid(81c3c7f4322316349b9ff8cef46f5911) Importer(815301076,1909f56bfc062723c751e8b465ee728b)
Start importing Assets/Side/monorail_trainFlat.png using Guid(81c3c7f4322316349b9ff8cef46f5911) Importer(815301076,1909f56bfc062723c751e8b465ee728b)  -> (artifact id: '49e5daa4f27b5196f6b20486b4821bee') in 0.018725 seconds
Number of updated asset objects reloaded before import = 0
Number of asset objects unloaded after import = 2
========================================================================
Received Import Request.
  Time since last request: 0.000018 seconds.
  path: Assets/Side/barrels.png
  artifactKey: Guid(dfb8780c71e60c94cbce51ce6f7eefb1) Importer(815301076,1909f56bfc062723c751e8b465ee728b)
Start importing Assets/Side/barrels.png using Guid(dfb8780c71e60c94cbce51ce6f7eefb1) Importer(815301076,1909f56bfc062723c751e8b465ee728b)  -> (artifact id: '649d0b9bf106acb63fdb30c21582063d') in 0.019469 seconds
Number of updated asset objects reloaded before import = 0
Number of asset objects unloaded after import = 2
========================================================================
Received Import Request.
  Time since last request: 0.000021 seconds.
  path: Assets/Side/pipe_end.png
  artifactKey: Guid(e6e1e715d23193047806d90fee518c1b) Importer(815301076,1909f56bfc062723c751e8b465ee728b)
Start importing Assets/Side/pipe_end.png using Guid(e6e1e715d23193047806d90fee518c1b) Importer(815301076,1909f56bfc062723c751e8b465ee728b)  -> (artifact id: 'a8e3fa48a906fa823d94fe08ac9c08db') in 0.018337 seconds
Number of updated asset objects reloaded before import = 0
Number of asset objects unloaded after import = 2
========================================================================
Received Import Request.
  Time since last request: 0.000019 seconds.
  path: Assets/Side/monorail_trainBox.png
  artifactKey: Guid(c1ce01279ccc91e438e0c5f7d089974a) Importer(815301076,1909f56bfc062723c751e8b465ee728b)
Start importing Assets/Side/monorail_trainBox.png using Guid(c1ce01279ccc91e438e0c5f7d089974a) Importer(815301076,1909f56bfc062723c751e8b465ee728b)  -> (artifact id: 'ffd1818dfc75e648e3acbec49c462f03') in 0.018273 seconds
Number of updated asset objects reloaded before import = 0
Number of asset objects unloaded after import = 2
========================================================================
Received Import Request.
  Time since last request: 0.000018 seconds.
  path: Assets/Side/corridor_cornerRoundWindow.png
  artifactKey: Guid(1e8c1837aefd1a14ebc37766a3b0f86c) Importer(815301076,1909f56bfc062723c751e8b465ee728b)
Start importing Assets/Side/corridor_cornerRoundWindow.png using Guid(1e8c1837aefd1a14ebc37766a3b0f86c) Importer(815301076,1909f56bfc062723c751e8b465ee728b)  -> (artifact id: '23b4c8ff6d60a67971a9b1da17224ea4') in 0.018523 seconds
Number of updated asset objects reloaded before import = 0
Number of asset objects unloaded after import = 2
========================================================================
Received Import Request.
  Time since last request: 0.000024 seconds.
  path: Assets/Side/barrels_rail.png
  artifactKey: Guid(a97c99392fabc1b4fb4f0e52e10d90b7) Importer(815301076,1909f56bfc062723c751e8b465ee728b)
Start importing Assets/Side/barrels_rail.png using Guid(a97c99392fabc1b4fb4f0e52e10d90b7) Importer(815301076,1909f56bfc062723c751e8b465ee728b)  -> (artifact id: 'c272bc65b5fbf44b239dbd4ba16a2fa3') in 0.019106 seconds
Number of updated asset objects reloaded before import = 0
Number of asset objects unloaded after import = 2
========================================================================
Received Import Request.
  Time since last request: 0.000018 seconds.
  path: Assets/Side/pipe_rampLarge.png
  artifactKey: Guid(778630b668c59d646913df2587b9553b) Importer(815301076,1909f56bfc062723c751e8b465ee728b)
Start importing Assets/Side/pipe_rampLarge.png using Guid(778630b668c59d646913df2587b9553b) Importer(815301076,1909f56bfc062723c751e8b465ee728b)  -> (artifact id: 'e89b7824950c6a118c070ade08719a98') in 0.020626 seconds
Number of updated asset objects reloaded before import = 0
Number of asset objects unloaded after import = 2
========================================================================
Received Import Request.
  Time since last request: 0.000019 seconds.
  path: Assets/Side/corridor_cross.png
  artifactKey: Guid(99aa27b39d289c142aee5e3c23912470) Importer(815301076,1909f56bfc062723c751e8b465ee728b)
Start importing Assets/Side/corridor_cross.png using Guid(99aa27b39d289c142aee5e3c23912470) Importer(815301076,1909f56bfc062723c751e8b465ee728b)  -> (artifact id: 'ef1ae427f2fd4ce3a4083173804a507d') in 0.018426 seconds
Number of updated asset objects reloaded before import = 0
Number of asset objects unloaded after import = 2
========================================================================
Received Import Request.
  Time since last request: 0.000018 seconds.
  path: Assets/Side/craterLarge.png
  artifactKey: Guid(56eec3b1dacb8d74fa76d8235268c0b7) Importer(815301076,1909f56bfc062723c751e8b465ee728b)
Start importing Assets/Side/craterLarge.png using Guid(56eec3b1dacb8d74fa76d8235268c0b7) Importer(815301076,1909f56bfc062723c751e8b465ee728b)  -> (artifact id: '01cfab6d9cf73f8ab0dd9f662601d9e0') in 0.019340 seconds
Number of updated asset objects reloaded before import = 0
Number of asset objects unloaded after import = 2
========================================================================
Received Import Request.
  Time since last request: 0.000019 seconds.
  path: Assets/Side/craft_speederB.png
  artifactKey: Guid(ee77d105767a8994d8a06c16e7d1238c) Importer(815301076,1909f56bfc062723c751e8b465ee728b)
Start importing Assets/Side/craft_speederB.png using Guid(ee77d105767a8994d8a06c16e7d1238c) Importer(815301076,1909f56bfc062723c751e8b465ee728b)  -> (artifact id: '7a898950ede913d614e0de55f69ee08e') in 0.021927 seconds
Number of updated asset objects reloaded before import = 0
Number of asset objects unloaded after import = 2
========================================================================
Received Import Request.
  Time since last request: 0.000022 seconds.
  path: Assets/Side/machine_wirelessCable.png
  artifactKey: Guid(f219790f0e7641c4185d81274b19ea56) Importer(815301076,1909f56bfc062723c751e8b465ee728b)
Start importing Assets/Side/machine_wirelessCable.png using Guid(f219790f0e7641c4185d81274b19ea56) Importer(815301076,1909f56bfc062723c751e8b465ee728b)  -> (artifact id: '7f6ab8b2538035c00bc3221d83219946') in 0.022439 seconds
Number of updated asset objects reloaded before import = 0
Number of asset objects unloaded after import = 2
========================================================================
Received Import Request.
  Time since last request: 0.000040 seconds.
  path: Assets/Side/pipe_entrance.png
  artifactKey: Guid(b8e680ac47885da4e9302da3e5cbf361) Importer(815301076,1909f56bfc062723c751e8b465ee728b)
Start importing Assets/Side/pipe_entrance.png using Guid(b8e680ac47885da4e9302da3e5cbf361) Importer(815301076,1909f56bfc062723c751e8b465ee728b)  -> (artifact id: '178365b9cf32a69e5698889fdf227663') in 0.019716 seconds
Number of updated asset objects reloaded before import = 0
Number of asset objects unloaded after import = 2
========================================================================
Received Import Request.
  Time since last request: 0.000019 seconds.
  path: Assets/Side/corridor_cornerRound.png
  artifactKey: Guid(b4d3fe89e3e095e429a9be1cfdf727f8) Importer(815301076,1909f56bfc062723c751e8b465ee728b)
Start importing Assets/Side/corridor_cornerRound.png using Guid(b4d3fe89e3e095e429a9be1cfdf727f8) Importer(815301076,1909f56bfc062723c751e8b465ee728b)  -> (artifact id: '5a2c94a3b9fe8d7689dd6a7ddd5bae2f') in 0.017592 seconds
Number of updated asset objects reloaded before import = 0
Number of asset objects unloaded after import = 2
========================================================================
Received Import Request.
  Time since last request: 0.000018 seconds.
  path: Assets/Side/pipe_cornerRound.png
  artifactKey: Guid(d07331f1f97edc14a9c6223d736ef7ee) Importer(815301076,1909f56bfc062723c751e8b465ee728b)
Start importing Assets/Side/pipe_cornerRound.png using Guid(d07331f1f97edc14a9c6223d736ef7ee) Importer(815301076,1909f56bfc062723c751e8b465ee728b)  -> (artifact id: '17cd9183ee55f8b02931218b45bc2a58') in 0.018329 seconds
Number of updated asset objects reloaded before import = 0
Number of asset objects unloaded after import = 2
========================================================================
Received Import Request.
  Time since last request: 0.000018 seconds.
  path: Assets/Side/corridor_wallCorner.png
  artifactKey: Guid(cc7c83a7f72d0c8419f8683d6040d430) Importer(815301076,1909f56bfc062723c751e8b465ee728b)
Start importing Assets/Side/corridor_wallCorner.png using Guid(cc7c83a7f72d0c8419f8683d6040d430) Importer(815301076,1909f56bfc062723c751e8b465ee728b)  -> (artifact id: 'c705c511edac08364eec82232d1bab83') in 0.018775 seconds
Number of updated asset objects reloaded before import = 0
Number of asset objects unloaded after import = 2
========================================================================
Received Import Request.
  Time since last request: 0.000020 seconds.
  path: Assets/Side/meteor_half.png
  artifactKey: Guid(369f803a37e3f1040a483dc70905f75c) Importer(815301076,1909f56bfc062723c751e8b465ee728b)
Start importing Assets/Side/meteor_half.png using Guid(369f803a37e3f1040a483dc70905f75c) Importer(815301076,1909f56bfc062723c751e8b465ee728b)  -> (artifact id: '5b1f36e9b8f0b643c69577a550687ccc') in 0.017599 seconds
Number of updated asset objects reloaded before import = 0
Number of asset objects unloaded after import = 2
========================================================================
Received Import Request.
  Time since last request: 0.000019 seconds.
  path: Assets/Side/corridor_end.png
  artifactKey: Guid(382c6b4b91be3fc4cb7ddef3671250f2) Importer(815301076,1909f56bfc062723c751e8b465ee728b)
Start importing Assets/Side/corridor_end.png using Guid(382c6b4b91be3fc4cb7ddef3671250f2) Importer(815301076,1909f56bfc062723c751e8b465ee728b)  -> (artifact id: '3b3ab16fd444eae1e1476a773b8057c4') in 0.018714 seconds
Number of updated asset objects reloaded before import = 0
Number of asset objects unloaded after import = 2
========================================================================
Received Import Request.
  Time since last request: 0.000020 seconds.
  path: Assets/Side/monorail_trainPassenger.png
  artifactKey: Guid(fade394a1a7c8d8438a4cb760012a686) Importer(815301076,1909f56bfc062723c751e8b465ee728b)
Start importing Assets/Side/monorail_trainPassenger.png using Guid(fade394a1a7c8d8438a4cb760012a686) Importer(815301076,1909f56bfc062723c751e8b465ee728b)  -> (artifact id: 'f5045998fc1759655099d2d95b207b10') in 0.018762 seconds
Number of updated asset objects reloaded before import = 0
Number of asset objects unloaded after import = 2
========================================================================
Received Import Request.
  Time since last request: 0.000021 seconds.
  path: Assets/Side/pipe_open.png
  artifactKey: Guid(8e418c5047403104f97c0274219173ad) Importer(815301076,1909f56bfc062723c751e8b465ee728b)
Start importing Assets/Side/pipe_open.png using Guid(8e418c5047403104f97c0274219173ad) Importer(815301076,1909f56bfc062723c751e8b465ee728b)  -> (artifact id: 'b8408d6a90114bb4dca82de730d0b5f2') in 0.020626 seconds
Number of updated asset objects reloaded before import = 0
Number of asset objects unloaded after import = 2
========================================================================
Received Import Request.
  Time since last request: 0.000018 seconds.
  path: Assets/Side/corridor_detailed.png
  artifactKey: Guid(b8de86f1bce9de74ebcaa5e0a8d3bab7) Importer(815301076,1909f56bfc062723c751e8b465ee728b)
Start importing Assets/Side/corridor_detailed.png using Guid(b8de86f1bce9de74ebcaa5e0a8d3bab7) Importer(815301076,1909f56bfc062723c751e8b465ee728b)  -> (artifact id: '1d1edada5c330a2b02854464981f2c80') in 0.019823 seconds
Number of updated asset objects reloaded before import = 0
Number of asset objects unloaded after import = 2
========================================================================
Received Import Request.
  Time since last request: 0.000019 seconds.
  path: Assets/Side/machine_wireless.png
  artifactKey: Guid(83505eecef0586e4092ebd6a13b145ca) Importer(815301076,1909f56bfc062723c751e8b465ee728b)
Start importing Assets/Side/machine_wireless.png using Guid(83505eecef0586e4092ebd6a13b145ca) Importer(815301076,1909f56bfc062723c751e8b465ee728b)  -> (artifact id: '16c0d93f085701b5fcd94b12e62fe143') in 0.019606 seconds
Number of updated asset objects reloaded before import = 0
Number of asset objects unloaded after import = 2
========================================================================
Received Import Request.
  Time since last request: 0.000019 seconds.
  path: Assets/Side/gate_simple.png
  artifactKey: Guid(b6295bb13fed79048bbf5c35c0a2b252) Importer(815301076,1909f56bfc062723c751e8b465ee728b)
Start importing Assets/Side/gate_simple.png using Guid(b6295bb13fed79048bbf5c35c0a2b252) Importer(815301076,1909f56bfc062723c751e8b465ee728b)  -> (artifact id: 'ca35d11de750e81115ae2db9c22a06c6') in 0.019278 seconds
Number of updated asset objects reloaded before import = 0
Number of asset objects unloaded after import = 2
========================================================================
Received Import Request.
  Time since last request: 0.000023 seconds.
  path: Assets/Side/machine_barrelLarge.png
  artifactKey: Guid(0a83b9a8ee13d5c45ae57047d30fd569) Importer(815301076,1909f56bfc062723c751e8b465ee728b)
Start importing Assets/Side/machine_barrelLarge.png using Guid(0a83b9a8ee13d5c45ae57047d30fd569) Importer(815301076,1909f56bfc062723c751e8b465ee728b)  -> (artifact id: 'cc962f0cb29bea796733b475522aa4c1') in 0.018633 seconds
Number of updated asset objects reloaded before import = 0
Number of asset objects unloaded after import = 2
========================================================================
Received Import Request.
  Time since last request: 0.000032 seconds.
  path: Assets/Side/corridor_wall.png
  artifactKey: Guid(626d86b3ad6831945bc9438e36c634dd) Importer(815301076,1909f56bfc062723c751e8b465ee728b)
Start importing Assets/Side/corridor_wall.png using Guid(626d86b3ad6831945bc9438e36c634dd) Importer(815301076,1909f56bfc062723c751e8b465ee728b)  -> (artifact id: 'ad27bc724bdc23934a1f31e639dce098') in 0.017486 seconds
Number of updated asset objects reloaded before import = 0
Number of asset objects unloaded after import = 2
========================================================================
Received Import Request.
  Time since last request: 0.000023 seconds.
  path: Assets/Side/gate_complex.png
  artifactKey: Guid(65463dd6a336fd444b53a751f89ad91f) Importer(815301076,1909f56bfc062723c751e8b465ee728b)
Start importing Assets/Side/gate_complex.png using Guid(65463dd6a336fd444b53a751f89ad91f) Importer(815301076,1909f56bfc062723c751e8b465ee728b)  -> (artifact id: '434a27626d4b5b8ee8e4a7673fee9ac6') in 0.018302 seconds
Number of updated asset objects reloaded before import = 0
Number of asset objects unloaded after import = 2
========================================================================
Received Import Request.
  Time since last request: 0.000018 seconds.
  path: Assets/Side/craft_speederD.png
  artifactKey: Guid(95a1f267ffd54b64ba2298ef087a3050) Importer(815301076,1909f56bfc062723c751e8b465ee728b)
Start importing Assets/Side/craft_speederD.png using Guid(95a1f267ffd54b64ba2298ef087a3050) Importer(815301076,1909f56bfc062723c751e8b465ee728b)  -> (artifact id: 'ba8a07f54881f33f013afdb76c85ca37') in 0.019558 seconds
Number of updated asset objects reloaded before import = 0
Number of asset objects unloaded after import = 2
========================================================================
Received Import Request.
  Time since last request: 0.000019 seconds.
  path: Assets/Side/craft_cargoB.png
  artifactKey: Guid(cff944af6a9b6a84a879de91f3882295) Importer(815301076,1909f56bfc062723c751e8b465ee728b)
Start importing Assets/Side/craft_cargoB.png using Guid(cff944af6a9b6a84a879de91f3882295) Importer(815301076,1909f56bfc062723c751e8b465ee728b)  -> (artifact id: 'd0388e530890e094340cc2967e82f69b') in 0.018637 seconds
Number of updated asset objects reloaded before import = 0
Number of asset objects unloaded after import = 2
========================================================================
Received Import Request.
  Time since last request: 0.000020 seconds.
  path: Assets/Side/monorail_trackSupportCorner.png
  artifactKey: Guid(33370374d70697641b0fc53c50dbe70e) Importer(815301076,1909f56bfc062723c751e8b465ee728b)
Start importing Assets/Side/monorail_trackSupportCorner.png using Guid(33370374d70697641b0fc53c50dbe70e) Importer(815301076,1909f56bfc062723c751e8b465ee728b)  -> (artifact id: '46f33d7d6f77fcc7781f1038ede7c00c') in 0.017636 seconds
Number of updated asset objects reloaded before import = 0
Number of asset objects unloaded after import = 2
Editor requested this worker to shutdown with reason: Scaling down because of idle timeout
TcpMessagingSession - receive error: operation aborted. errorcode: 995, details: The I/O operation has been aborted because of either a thread exit or an application request.
AssetImportWorker is now disconnected from the server
Process exiting
Exiting without the bug reporter. Application will terminate with return code 0