Using pre-set license
Built from '2022.3/staging' branch; Version is '2022.3.8f1 (b5eafc012955) revision 11922172'; Using compiler version '192829333'; Build Type 'Release'
OS: 'Windows 10  (10.0.19045) 64bit Enterprise' Language: 'en' Physical Memory: 32467 MB
BatchMode: 1, IsHumanControllingUs: 0, StartBugReporterOnCrash: 0, Is64bit: 1, IsPro: 1

COMMAND LINE ARGUMENTS:
C:\Program Files\Unity\Hub\Editor\2022.3.8f1\Editor\Unity.exe
-adb2
-batchMode
-noUpm
-name
AssetImportWorker5
-projectPath
C:/Users/chenyufe/Documents/Rekordny_Github/RacerGame
-logFile
Logs/AssetImportWorker5.log
-srvPort
54047
Successfully changed project path to: C:/Users/chenyufe/Documents/Rekordny_Github/RacerGame
C:/Users/chenyufe/Documents/Rekordny_Github/RacerGame
[UnityMemory] Configuration Parameters - Can be set up in boot.config
    "memorysetup-bucket-allocator-granularity=16"
    "memorysetup-bucket-allocator-bucket-count=8"
    "memorysetup-bucket-allocator-block-size=33554432"
    "memorysetup-bucket-allocator-block-count=8"
    "memorysetup-main-allocator-block-size=16777216"
    "memorysetup-thread-allocator-block-size=16777216"
    "memorysetup-gfx-main-allocator-block-size=16777216"
    "memorysetup-gfx-thread-allocator-block-size=16777216"
    "memorysetup-cache-allocator-block-size=4194304"
    "memorysetup-typetree-allocator-block-size=2097152"
    "memorysetup-profiler-bucket-allocator-granularity=16"
    "memorysetup-profiler-bucket-allocator-bucket-count=8"
    "memorysetup-profiler-bucket-allocator-block-size=33554432"
    "memorysetup-profiler-bucket-allocator-block-count=8"
    "memorysetup-profiler-allocator-block-size=16777216"
    "memorysetup-profiler-editor-allocator-block-size=1048576"
    "memorysetup-temp-allocator-size-main=16777216"
    "memorysetup-job-temp-allocator-block-size=2097152"
    "memorysetup-job-temp-allocator-block-size-background=1048576"
    "memorysetup-job-temp-allocator-reduction-small-platforms=262144"
    "memorysetup-allocator-temp-initial-block-size-main=262144"
    "memorysetup-allocator-temp-initial-block-size-worker=262144"
    "memorysetup-temp-allocator-size-background-worker=32768"
    "memorysetup-temp-allocator-size-job-worker=262144"
    "memorysetup-temp-allocator-size-preload-manager=33554432"
    "memorysetup-temp-allocator-size-nav-mesh-worker=65536"
    "memorysetup-temp-allocator-size-audio-worker=65536"
    "memorysetup-temp-allocator-size-cloud-worker=32768"
    "memorysetup-temp-allocator-size-gi-baking-worker=262144"
    "memorysetup-temp-allocator-size-gfx=262144"
Player connection [17440] Host "[IP] 142.55.42.89 [Port] 0 [Flags] 2 [Guid] 3655802743 [EditorId] 3655802743 [Version] 1048832 [Id] WindowsEditor(7,oa-s142-23) [Debug] 1 [PackageName] WindowsEditor [ProjectName] Editor" joined multi-casting on [225.0.0.222:54997]...

Player connection [17440] Host "[IP] 142.55.42.89 [Port] 0 [Flags] 2 [Guid] 3655802743 [EditorId] 3655802743 [Version] 1048832 [Id] WindowsEditor(7,oa-s142-23) [Debug] 1 [PackageName] WindowsEditor [ProjectName] Editor" joined alternative multi-casting on [225.0.0.222:34997]...

[Physics::Module] Initialized MultithreadedJobDispatcher with 23 workers.
Refreshing native plugins compatible for Editor in 8.51 ms, found 2 plugins.
Preloading 0 native plugins for Editor in 0.00 ms.
Initialize engine version: 2022.3.8f1 (b5eafc012955)
[Subsystems] Discovering subsystems at path C:/Program Files/Unity/Hub/Editor/2022.3.8f1/Editor/Data/Resources/UnitySubsystems
[Subsystems] Discovering subsystems at path C:/Users/chenyufe/Documents/Rekordny_Github/RacerGame/Assets
GfxDevice: creating device client; threaded=0; jobified=0
Direct3D:
    Version:  Direct3D 11.0 [level 11.1]
    Renderer: NVIDIA GeForce GTX 1080 Ti (ID=0x1b06)
    Vendor:   NVIDIA
    VRAM:     11120 MB
    Driver:   31.0.15.3713
Initialize mono
Mono path[0] = 'C:/Program Files/Unity/Hub/Editor/2022.3.8f1/Editor/Data/Managed'
Mono path[1] = 'C:/Program Files/Unity/Hub/Editor/2022.3.8f1/Editor/Data/MonoBleedingEdge/lib/mono/unityjit-win32'
Mono config path = 'C:/Program Files/Unity/Hub/Editor/2022.3.8f1/Editor/Data/MonoBleedingEdge/etc'
Using monoOptions --debugger-agent=transport=dt_socket,embedding=1,server=y,suspend=n,address=127.0.0.1:56820
Begin MonoManager ReloadAssembly
Registering precompiled unity dll's ...
Register platform support module: C:/Program Files/Unity/Hub/Editor/2022.3.8f1/Editor/Data/PlaybackEngines/WebGLSupport/UnityEditor.WebGL.Extensions.dll
Register platform support module: C:/Program Files/Unity/Hub/Editor/2022.3.8f1/Editor/Data/PlaybackEngines/AndroidPlayer/UnityEditor.Android.Extensions.dll
Register platform support module: C:/Program Files/Unity/Hub/Editor/2022.3.8f1/Editor/Data/PlaybackEngines/WindowsStandaloneSupport/UnityEditor.WindowsStandalone.Extensions.dll
Registered in 0.019935 seconds.
- Loaded All Assemblies, in  0.595 seconds
Native extension for WindowsStandalone target not found
Native extension for Android target not found
Android Extension - Scanning For ADB Devices 977 ms
Native extension for WebGL target not found
Mono: successfully reloaded assembly
- Finished resetting the current domain, in  1.464 seconds
Domain Reload Profiling: 2056ms
	BeginReloadAssembly (175ms)
		ExecutionOrderSort (0ms)
		DisableScriptedObjects (0ms)
		BackupInstance (0ms)
		ReleaseScriptingObjects (0ms)
		CreateAndSetChildDomain (1ms)
	RebuildCommonClasses (49ms)
	RebuildNativeTypeToScriptingClass (16ms)
	initialDomainReloadingComplete (92ms)
	LoadAllAssembliesAndSetupDomain (259ms)
		LoadAssemblies (172ms)
		RebuildTransferFunctionScriptingTraits (0ms)
		AnalyzeDomain (254ms)
			TypeCache.Refresh (250ms)
				TypeCache.ScanAssembly (224ms)
			ScanForSourceGeneratedMonoScriptInfo (1ms)
			ResolveRequiredComponents (1ms)
	FinalizeReload (1465ms)
		ReleaseScriptCaches (0ms)
		RebuildScriptCaches (0ms)
		SetupLoadedEditorAssemblies (1387ms)
			LogAssemblyErrors (0ms)
			InitializePlatformSupportModulesInManaged (1169ms)
			SetLoadedEditorAssemblies (4ms)
			RefreshPlugins (0ms)
			BeforeProcessingInitializeOnLoad (3ms)
			ProcessInitializeOnLoadAttributes (141ms)
			ProcessInitializeOnLoadMethodAttributes (70ms)
			AfterProcessingInitializeOnLoad (0ms)
			EditorAssembliesLoaded (0ms)
		ExecutionOrderSort2 (0ms)
		AwakeInstancesAfterBackupRestoration (0ms)
========================================================================
Worker process is ready to serve import requests
Begin MonoManager ReloadAssembly
- Loaded All Assemblies, in  0.800 seconds
Refreshing native plugins compatible for Editor in 5.70 ms, found 2 plugins.
Native extension for WindowsStandalone target not found
Native extension for Android target not found
Native extension for WebGL target not found
Package Manager log level set to [2]
[Package Manager] Server::EnsureServerProcessIsRunning -- launch failed, reason: Unity was launched with the -noUpm command-line argument
[Package Manager] UpmClient::Send -- Unable to send message (not connected to UPM process).
[Package Manager] Cannot connect to Unity Package Manager local server
Mono: successfully reloaded assembly
- Finished resetting the current domain, in  0.893 seconds
Domain Reload Profiling: 1688ms
	BeginReloadAssembly (238ms)
		ExecutionOrderSort (0ms)
		DisableScriptedObjects (8ms)
		BackupInstance (0ms)
		ReleaseScriptingObjects (0ms)
		CreateAndSetChildDomain (33ms)
	RebuildCommonClasses (51ms)
	RebuildNativeTypeToScriptingClass (18ms)
	initialDomainReloadingComplete (71ms)
	LoadAllAssembliesAndSetupDomain (416ms)
		LoadAssemblies (393ms)
		RebuildTransferFunctionScriptingTraits (0ms)
		AnalyzeDomain (173ms)
			TypeCache.Refresh (154ms)
				TypeCache.ScanAssembly (129ms)
			ScanForSourceGeneratedMonoScriptInfo (13ms)
			ResolveRequiredComponents (5ms)
	FinalizeReload (894ms)
		ReleaseScriptCaches (0ms)
		RebuildScriptCaches (0ms)
		SetupLoadedEditorAssemblies (619ms)
			LogAssemblyErrors (0ms)
			InitializePlatformSupportModulesInManaged (45ms)
			SetLoadedEditorAssemblies (4ms)
			RefreshPlugins (0ms)
			BeforeProcessingInitializeOnLoad (79ms)
			ProcessInitializeOnLoadAttributes (446ms)
			ProcessInitializeOnLoadMethodAttributes (31ms)
			AfterProcessingInitializeOnLoad (13ms)
			EditorAssembliesLoaded (0ms)
		ExecutionOrderSort2 (0ms)
		AwakeInstancesAfterBackupRestoration (17ms)
Launched and connected shader compiler UnityShaderCompiler.exe after 0.11 seconds
Refreshing native plugins compatible for Editor in 4.07 ms, found 2 plugins.
Preloading 0 native plugins for Editor in 0.00 ms.
Unloading 1574 Unused Serialized files (Serialized files now loaded: 0)
Unloading 34 unused Assets / (129.7 KB). Loaded Objects now: 2045.
Memory consumption went from 91.5 MB to 91.4 MB.
Total: 6.527400 ms (FindLiveObjects: 0.357600 ms CreateObjectMapping: 0.099500 ms MarkObjects: 5.808200 ms  DeleteObjects: 0.260500 ms)

AssetImportParameters requested are different than current active one (requested -> active):
  custom:video-decoder-webm-vp8: 9c59270c3fd7afecdb556c50c9e8de78 -> 
  custom:SearchIndexIgnoredProperties: e643bd26f0fe6173181afceb89e7c659 -> 
  custom:container-demuxer-ogg: 62fdf1f143b41e24485cea50d1cbac27 -> 
  custom:AudioImporter_EditorPlatform: d09bf68614088b80899f8185d706f6e7 -> 
  custom:video-decoder-ogg-theora: a1e56fd34408186e4bbccfd4996cb3dc -> 
  custom:framework-win-MediaFoundation: 216162199b28c13a410421893ffa2e32 -> 
  custom:video-encoder-webm-vp8: eb34c28f22e8b96e1ab97ce403110664 -> 
  custom:audio-decoder-ogg-vorbis: bf7c407c2cedff20999df2af8eb42d56 -> 
  custom:CustomObjectIndexerAttribute: 756ad292c208cfabdd7b50bc23989ffe -> 
  custom:container-demuxer-webm: 4f35f7cbe854078d1ac9338744f61a02 -> 
  custom:audio-encoder-webm-vorbis: bf7c407c2cedff20999df2af8eb42d56 -> 
  custom:container-muxer-webm: aa71ff27fc2769a1b78a27578f13a17b -> 
========================================================================
Received Import Request.
  Time since last request: 59592.709616 seconds.
  path: Assets/Models/DAE format/barrels_rail.dae
  artifactKey: Guid(8bb491f58b08899419b6c4ddeac4633c) Importer(815301076,1909f56bfc062723c751e8b465ee728b)
Start importing Assets/Models/DAE format/barrels_rail.dae using Guid(8bb491f58b08899419b6c4ddeac4633c) Importer(815301076,1909f56bfc062723c751e8b465ee728b)  -> (artifact id: 'd6c39bdc5c7c7c0e765d8b791c836a8b') in 0.239413 seconds
Number of updated asset objects reloaded before import = 0
Number of asset objects unloaded after import = 30
========================================================================
Received Import Request.
  Time since last request: 0.000029 seconds.
  path: Assets/Models/DAE format/desk_computer.dae
  artifactKey: Guid(ea9de1701a8c46545933929d44c4ba2f) Importer(815301076,1909f56bfc062723c751e8b465ee728b)
Start importing Assets/Models/DAE format/desk_computer.dae using Guid(ea9de1701a8c46545933929d44c4ba2f) Importer(815301076,1909f56bfc062723c751e8b465ee728b)  -> (artifact id: '42902f37d71dff9f884ef0a7a729e974') in 0.034686 seconds
Number of updated asset objects reloaded before import = 0
Number of asset objects unloaded after import = 10
========================================================================
Received Import Request.
  Time since last request: 0.000029 seconds.
  path: Assets/Models/DAE format/machine_generatorLarge.dae
  artifactKey: Guid(e6ff91c36f9165a41843830aa79535ce) Importer(815301076,1909f56bfc062723c751e8b465ee728b)
Start importing Assets/Models/DAE format/machine_generatorLarge.dae using Guid(e6ff91c36f9165a41843830aa79535ce) Importer(815301076,1909f56bfc062723c751e8b465ee728b)  -> (artifact id: '7435467617614242ac096d35d7486a62') in 0.043164 seconds
Number of updated asset objects reloaded before import = 0
Number of asset objects unloaded after import = 11
========================================================================
Received Import Request.
  Time since last request: 0.000017 seconds.
  path: Assets/Models/DAE format/pipe_open.dae
  artifactKey: Guid(059a2b59d89a7a04680a087878270223) Importer(815301076,1909f56bfc062723c751e8b465ee728b)
Start importing Assets/Models/DAE format/pipe_open.dae using Guid(059a2b59d89a7a04680a087878270223) Importer(815301076,1909f56bfc062723c751e8b465ee728b)  -> (artifact id: '58907c1527fefea2b2f8efed76ab92ca') in 0.031103 seconds
Number of updated asset objects reloaded before import = 0
Number of asset objects unloaded after import = 9
========================================================================
Received Import Request.
  Time since last request: 0.000017 seconds.
  path: Assets/Models/DAE format/meteor.dae
  artifactKey: Guid(b0451c5b44724934dad4808b8a42010b) Importer(815301076,1909f56bfc062723c751e8b465ee728b)
Start importing Assets/Models/DAE format/meteor.dae using Guid(b0451c5b44724934dad4808b8a42010b) Importer(815301076,1909f56bfc062723c751e8b465ee728b)  -> (artifact id: 'f47ed43b1e604eaae09bd86034af264e') in 0.020259 seconds
Number of updated asset objects reloaded before import = 0
Number of asset objects unloaded after import = 8
========================================================================
Received Import Request.
  Time since last request: 0.000019 seconds.
  path: Assets/Models/DAE format/desk_computerCorner.dae
  artifactKey: Guid(524660e96cae58b47b39f8e952943cf4) Importer(815301076,1909f56bfc062723c751e8b465ee728b)
Start importing Assets/Models/DAE format/desk_computerCorner.dae using Guid(524660e96cae58b47b39f8e952943cf4) Importer(815301076,1909f56bfc062723c751e8b465ee728b)  -> (artifact id: '44736a9cc18b849110003dfaa76339a3') in 0.030584 seconds
Number of updated asset objects reloaded before import = 0
Number of asset objects unloaded after import = 10
========================================================================
Received Import Request.
  Time since last request: 0.000019 seconds.
  path: Assets/Models/DAE format/monorail_trainPassenger.dae
  artifactKey: Guid(a95fcb04d00a09740883dc8b7e645045) Importer(815301076,1909f56bfc062723c751e8b465ee728b)
Start importing Assets/Models/DAE format/monorail_trainPassenger.dae using Guid(a95fcb04d00a09740883dc8b7e645045) Importer(815301076,1909f56bfc062723c751e8b465ee728b)  -> (artifact id: 'a1b2a87bf9e0c5b4729b5c11542921d1') in 0.036195 seconds
Number of updated asset objects reloaded before import = 0
Number of asset objects unloaded after import = 11
========================================================================
Received Import Request.
  Time since last request: 0.000019 seconds.
  path: Assets/Models/DAE format/craft_racer.dae
  artifactKey: Guid(eb525d024fbfcb74fae16be036406fd8) Importer(815301076,1909f56bfc062723c751e8b465ee728b)
Start importing Assets/Models/DAE format/craft_racer.dae using Guid(eb525d024fbfcb74fae16be036406fd8) Importer(815301076,1909f56bfc062723c751e8b465ee728b)  -> (artifact id: 'b9c864c47c7f0bc68c2c228d927f6f6a') in 0.034484 seconds
Number of updated asset objects reloaded before import = 0
Number of asset objects unloaded after import = 11
========================================================================
Received Import Request.
  Time since last request: 0.000019 seconds.
  path: Assets/Models/DAE format/monorail_trainEnd.dae
  artifactKey: Guid(c369975b48f2f6e41920290a538eb27d) Importer(815301076,1909f56bfc062723c751e8b465ee728b)
Start importing Assets/Models/DAE format/monorail_trainEnd.dae using Guid(c369975b48f2f6e41920290a538eb27d) Importer(815301076,1909f56bfc062723c751e8b465ee728b)  -> (artifact id: 'e7969d56c0b16a7431bad9a348eb08d9') in 0.034074 seconds
Number of updated asset objects reloaded before import = 0
Number of asset objects unloaded after import = 11
========================================================================
Received Import Request.
  Time since last request: 0.000021 seconds.
  path: Assets/Models/DAE format/desk_chairArms.dae
  artifactKey: Guid(f22d633ffe9736649afdcf1e37785e50) Importer(815301076,1909f56bfc062723c751e8b465ee728b)
Start importing Assets/Models/DAE format/desk_chairArms.dae using Guid(f22d633ffe9736649afdcf1e37785e50) Importer(815301076,1909f56bfc062723c751e8b465ee728b)  -> (artifact id: '5424fadada2e126c964cd66ac92f6325') in 0.030026 seconds
Number of updated asset objects reloaded before import = 0
Number of asset objects unloaded after import = 10
========================================================================
Received Import Request.
  Time since last request: 0.000032 seconds.
  path: Assets/Models/DAE format/monorail_trainBox.dae
  artifactKey: Guid(a19b120404dab3241a95ef72c5368451) Importer(815301076,1909f56bfc062723c751e8b465ee728b)
Start importing Assets/Models/DAE format/monorail_trainBox.dae using Guid(a19b120404dab3241a95ef72c5368451) Importer(815301076,1909f56bfc062723c751e8b465ee728b)  -> (artifact id: '6bcce28e763360af254ada28fd571991') in 0.029486 seconds
Number of updated asset objects reloaded before import = 0
Number of asset objects unloaded after import = 10
========================================================================
Received Import Request.
  Time since last request: 0.000018 seconds.
  path: Assets/Models/DAE format/pipe_cornerRound.dae
  artifactKey: Guid(80b91aaf8683b524681445274d4c517c) Importer(815301076,1909f56bfc062723c751e8b465ee728b)
Start importing Assets/Models/DAE format/pipe_cornerRound.dae using Guid(80b91aaf8683b524681445274d4c517c) Importer(815301076,1909f56bfc062723c751e8b465ee728b)  -> (artifact id: 'c96a06b37a64b911c0eec679116830d9') in 0.024110 seconds
Number of updated asset objects reloaded before import = 0
Number of asset objects unloaded after import = 9
========================================================================
Received Import Request.
  Time since last request: 0.000017 seconds.
  path: Assets/Models/DAE format/corridor_end.dae
  artifactKey: Guid(56f042cc16b55ff4f8508c36756f280f) Importer(815301076,1909f56bfc062723c751e8b465ee728b)
Start importing Assets/Models/DAE format/corridor_end.dae using Guid(56f042cc16b55ff4f8508c36756f280f) Importer(815301076,1909f56bfc062723c751e8b465ee728b)  -> (artifact id: 'd23f5958be672ba03b969b6759cfeefc') in 0.033084 seconds
Number of updated asset objects reloaded before import = 0
Number of asset objects unloaded after import = 11
========================================================================
Received Import Request.
  Time since last request: 12.796750 seconds.
  path: Assets/Models/FBX format/pipe_supportLow.fbx
  artifactKey: Guid(0321bdc7242c5c246951614ed4be8c85) Importer(815301076,1909f56bfc062723c751e8b465ee728b)
Start importing Assets/Models/FBX format/pipe_supportLow.fbx using Guid(0321bdc7242c5c246951614ed4be8c85) Importer(815301076,1909f56bfc062723c751e8b465ee728b)  -> (artifact id: 'dcc03e20d837b80b5cfd0fca8558b1ca') in 0.032213 seconds
Number of updated asset objects reloaded before import = 0
Number of asset objects unloaded after import = 10
========================================================================
Received Import Request.
  Time since last request: 0.000023 seconds.
  path: Assets/Models/FBX format/platform_end.fbx
  artifactKey: Guid(98088a41f9971a6488fbec72365b84de) Importer(815301076,1909f56bfc062723c751e8b465ee728b)
Start importing Assets/Models/FBX format/platform_end.fbx using Guid(98088a41f9971a6488fbec72365b84de) Importer(815301076,1909f56bfc062723c751e8b465ee728b)  -> (artifact id: '7b03496e75f8550caf69552e11acab66') in 0.027877 seconds
Number of updated asset objects reloaded before import = 0
Number of asset objects unloaded after import = 10
========================================================================
Received Import Request.
  Time since last request: 0.000019 seconds.
  path: Assets/Models/FBX format/rocket_baseA.fbx
  artifactKey: Guid(c08c6db0144f3a845b7e45c56d92e9f5) Importer(815301076,1909f56bfc062723c751e8b465ee728b)
Start importing Assets/Models/FBX format/rocket_baseA.fbx using Guid(c08c6db0144f3a845b7e45c56d92e9f5) Importer(815301076,1909f56bfc062723c751e8b465ee728b)  -> (artifact id: 'eb93a69322be50950ea40a82020246e3') in 0.029412 seconds
Number of updated asset objects reloaded before import = 0
Number of asset objects unloaded after import = 10
========================================================================
Received Import Request.
  Time since last request: 0.000017 seconds.
  path: Assets/Models/FBX format/rail.fbx
  artifactKey: Guid(7b35e57916a3ad3499f0f9ef47b2c171) Importer(815301076,1909f56bfc062723c751e8b465ee728b)
Start importing Assets/Models/FBX format/rail.fbx using Guid(7b35e57916a3ad3499f0f9ef47b2c171) Importer(815301076,1909f56bfc062723c751e8b465ee728b)  -> (artifact id: '5f8166a2f5de142c5a833a6efd2bec14') in 0.023431 seconds
Number of updated asset objects reloaded before import = 0
Number of asset objects unloaded after import = 9
========================================================================
Received Import Request.
  Time since last request: 0.000017 seconds.
  path: Assets/Models/FBX format/rocks_smallB.fbx
  artifactKey: Guid(647470464b2034147ac43dc951d5743b) Importer(815301076,1909f56bfc062723c751e8b465ee728b)
Start importing Assets/Models/FBX format/rocks_smallB.fbx using Guid(647470464b2034147ac43dc951d5743b) Importer(815301076,1909f56bfc062723c751e8b465ee728b)  -> (artifact id: 'e075e607d0714b1c31ffb33847419e4d') in 0.019129 seconds
Number of updated asset objects reloaded before import = 0
Number of asset objects unloaded after import = 8
========================================================================
Received Import Request.
  Time since last request: 0.000021 seconds.
  path: Assets/Models/FBX format/stairs_corner.fbx
  artifactKey: Guid(2fdcd1ba63c722d4093cf403b9f4aeae) Importer(815301076,1909f56bfc062723c751e8b465ee728b)
Start importing Assets/Models/FBX format/stairs_corner.fbx using Guid(2fdcd1ba63c722d4093cf403b9f4aeae) Importer(815301076,1909f56bfc062723c751e8b465ee728b)  -> (artifact id: '1726e6bb1fd106c55101e5acd9f4f1ec') in 0.028275 seconds
Number of updated asset objects reloaded before import = 0
Number of asset objects unloaded after import = 10
========================================================================
Received Import Request.
  Time since last request: 0.000022 seconds.
  path: Assets/Models/FBX format/satelliteDish_large.fbx
  artifactKey: Guid(eaa61d3ce0c18054b9095d4a88f5e233) Importer(815301076,1909f56bfc062723c751e8b465ee728b)
Start importing Assets/Models/FBX format/satelliteDish_large.fbx using Guid(eaa61d3ce0c18054b9095d4a88f5e233) Importer(815301076,1909f56bfc062723c751e8b465ee728b)  -> (artifact id: '8877630dc6ec595bde597d23dc4c9e9a') in 0.028666 seconds
Number of updated asset objects reloaded before import = 0
Number of asset objects unloaded after import = 10
========================================================================
Received Import Request.
  Time since last request: 0.000031 seconds.
  path: Assets/Models/FBX format/platform_corner.fbx
  artifactKey: Guid(1e2c6a1270992b040ae350812d9338ce) Importer(815301076,1909f56bfc062723c751e8b465ee728b)
Start importing Assets/Models/FBX format/platform_corner.fbx using Guid(1e2c6a1270992b040ae350812d9338ce) Importer(815301076,1909f56bfc062723c751e8b465ee728b)  -> (artifact id: '79be8348cd1287b375847b183f73333a') in 0.028826 seconds
Number of updated asset objects reloaded before import = 0
Number of asset objects unloaded after import = 10
========================================================================
Received Import Request.
  Time since last request: 0.000019 seconds.
  path: Assets/Models/FBX format/rock.fbx
  artifactKey: Guid(4587dad0efda2b6458d6fe723ce41647) Importer(815301076,1909f56bfc062723c751e8b465ee728b)
Start importing Assets/Models/FBX format/rock.fbx using Guid(4587dad0efda2b6458d6fe723ce41647) Importer(815301076,1909f56bfc062723c751e8b465ee728b)  -> (artifact id: '8dfdcda33450b5df62d72b0f0d70ad9b') in 0.022556 seconds
Number of updated asset objects reloaded before import = 0
Number of asset objects unloaded after import = 9
========================================================================
Received Import Request.
  Time since last request: 0.099235 seconds.
  path: Assets/Models/FBX format/supports_low.fbx
  artifactKey: Guid(fc42c391bbb09b544819d1d21bddcc94) Importer(815301076,1909f56bfc062723c751e8b465ee728b)
Start importing Assets/Models/FBX format/supports_low.fbx using Guid(fc42c391bbb09b544819d1d21bddcc94) Importer(815301076,1909f56bfc062723c751e8b465ee728b)  -> (artifact id: 'ec68937daa62120f13db829188ad32c4') in 0.029608 seconds
Number of updated asset objects reloaded before import = 0
Number of asset objects unloaded after import = 10
========================================================================
Received Import Request.
  Time since last request: 0.000018 seconds.
  path: Assets/Models/FBX format/terrain_roadStraight.fbx
  artifactKey: Guid(95369280eaf6a244a9b15a111a89a9b8) Importer(815301076,1909f56bfc062723c751e8b465ee728b)
Start importing Assets/Models/FBX format/terrain_roadStraight.fbx using Guid(95369280eaf6a244a9b15a111a89a9b8) Importer(815301076,1909f56bfc062723c751e8b465ee728b)  -> (artifact id: '3ed6db81d97169ab52db6e1797f9ce11') in 0.025348 seconds
Number of updated asset objects reloaded before import = 0
Number of asset objects unloaded after import = 9
========================================================================
Received Import Request.
  Time since last request: 0.270528 seconds.
  path: Assets/Models/FBX format/turret_single.fbx
  artifactKey: Guid(f25bbb3106fbd624183c23b5a0a9860c) Importer(815301076,1909f56bfc062723c751e8b465ee728b)
Start importing Assets/Models/FBX format/turret_single.fbx using Guid(f25bbb3106fbd624183c23b5a0a9860c) Importer(815301076,1909f56bfc062723c751e8b465ee728b)  -> (artifact id: '02be3ef8fa2b640c206412e7fcfe00e6') in 0.053043 seconds
Number of updated asset objects reloaded before import = 0
Number of asset objects unloaded after import = 26
Editor requested this worker to shutdown with reason: Scaling down because of idle timeout
TcpMessagingSession - receive error: operation aborted. errorcode: 995, details: The I/O operation has been aborted because of either a thread exit or an application request.
AssetImportWorker is now disconnected from the server
Process exiting
Exiting without the bug reporter. Application will terminate with return code 0