Using pre-set license
Built from '2022.3/staging' branch; Version is '2022.3.8f1 (b5eafc012955) revision 11922172'; Using compiler version '192829333'; Build Type 'Release'
OS: 'Windows 10  (10.0.19045) 64bit Enterprise' Language: 'en' Physical Memory: 32467 MB
BatchMode: 1, IsHumanControllingUs: 0, StartBugReporterOnCrash: 0, Is64bit: 1, IsPro: 1

COMMAND LINE ARGUMENTS:
C:\Program Files\Unity\Hub\Editor\2022.3.8f1\Editor\Unity.exe
-adb2
-batchMode
-noUpm
-name
AssetImportWorker6
-projectPath
C:/Users/chenyufe/Documents/Rekordny_Github/RacerGame
-logFile
Logs/AssetImportWorker6.log
-srvPort
54047
Successfully changed project path to: C:/Users/chenyufe/Documents/Rekordny_Github/RacerGame
C:/Users/chenyufe/Documents/Rekordny_Github/RacerGame
[UnityMemory] Configuration Parameters - Can be set up in boot.config
    "memorysetup-bucket-allocator-granularity=16"
    "memorysetup-bucket-allocator-bucket-count=8"
    "memorysetup-bucket-allocator-block-size=33554432"
    "memorysetup-bucket-allocator-block-count=8"
    "memorysetup-main-allocator-block-size=16777216"
    "memorysetup-thread-allocator-block-size=16777216"
    "memorysetup-gfx-main-allocator-block-size=16777216"
    "memorysetup-gfx-thread-allocator-block-size=16777216"
    "memorysetup-cache-allocator-block-size=4194304"
    "memorysetup-typetree-allocator-block-size=2097152"
    "memorysetup-profiler-bucket-allocator-granularity=16"
    "memorysetup-profiler-bucket-allocator-bucket-count=8"
    "memorysetup-profiler-bucket-allocator-block-size=33554432"
    "memorysetup-profiler-bucket-allocator-block-count=8"
    "memorysetup-profiler-allocator-block-size=16777216"
    "memorysetup-profiler-editor-allocator-block-size=1048576"
    "memorysetup-temp-allocator-size-main=16777216"
    "memorysetup-job-temp-allocator-block-size=2097152"
    "memorysetup-job-temp-allocator-block-size-background=1048576"
    "memorysetup-job-temp-allocator-reduction-small-platforms=262144"
    "memorysetup-allocator-temp-initial-block-size-main=262144"
    "memorysetup-allocator-temp-initial-block-size-worker=262144"
    "memorysetup-temp-allocator-size-background-worker=32768"
    "memorysetup-temp-allocator-size-job-worker=262144"
    "memorysetup-temp-allocator-size-preload-manager=33554432"
    "memorysetup-temp-allocator-size-nav-mesh-worker=65536"
    "memorysetup-temp-allocator-size-audio-worker=65536"
    "memorysetup-temp-allocator-size-cloud-worker=32768"
    "memorysetup-temp-allocator-size-gi-baking-worker=262144"
    "memorysetup-temp-allocator-size-gfx=262144"
Player connection [16348] Host "[IP] 142.55.42.89 [Port] 0 [Flags] 2 [Guid] 1047193950 [EditorId] 1047193950 [Version] 1048832 [Id] WindowsEditor(7,oa-s142-23) [Debug] 1 [PackageName] WindowsEditor [ProjectName] Editor" joined multi-casting on [225.0.0.222:54997]...

Player connection [16348] Host "[IP] 142.55.42.89 [Port] 0 [Flags] 2 [Guid] 1047193950 [EditorId] 1047193950 [Version] 1048832 [Id] WindowsEditor(7,oa-s142-23) [Debug] 1 [PackageName] WindowsEditor [ProjectName] Editor" joined alternative multi-casting on [225.0.0.222:34997]...

[Physics::Module] Initialized MultithreadedJobDispatcher with 23 workers.
Refreshing native plugins compatible for Editor in 10.95 ms, found 2 plugins.
Preloading 0 native plugins for Editor in 0.00 ms.
Initialize engine version: 2022.3.8f1 (b5eafc012955)
[Subsystems] Discovering subsystems at path C:/Program Files/Unity/Hub/Editor/2022.3.8f1/Editor/Data/Resources/UnitySubsystems
[Subsystems] Discovering subsystems at path C:/Users/chenyufe/Documents/Rekordny_Github/RacerGame/Assets
GfxDevice: creating device client; threaded=0; jobified=0
Direct3D:
    Version:  Direct3D 11.0 [level 11.1]
    Renderer: NVIDIA GeForce GTX 1080 Ti (ID=0x1b06)
    Vendor:   NVIDIA
    VRAM:     11120 MB
    Driver:   31.0.15.3713
Initialize mono
Mono path[0] = 'C:/Program Files/Unity/Hub/Editor/2022.3.8f1/Editor/Data/Managed'
Mono path[1] = 'C:/Program Files/Unity/Hub/Editor/2022.3.8f1/Editor/Data/MonoBleedingEdge/lib/mono/unityjit-win32'
Mono config path = 'C:/Program Files/Unity/Hub/Editor/2022.3.8f1/Editor/Data/MonoBleedingEdge/etc'
Using monoOptions --debugger-agent=transport=dt_socket,embedding=1,server=y,suspend=n,address=127.0.0.1:56612
Begin MonoManager ReloadAssembly
Registering precompiled unity dll's ...
Register platform support module: C:/Program Files/Unity/Hub/Editor/2022.3.8f1/Editor/Data/PlaybackEngines/WebGLSupport/UnityEditor.WebGL.Extensions.dll
Register platform support module: C:/Program Files/Unity/Hub/Editor/2022.3.8f1/Editor/Data/PlaybackEngines/AndroidPlayer/UnityEditor.Android.Extensions.dll
Register platform support module: C:/Program Files/Unity/Hub/Editor/2022.3.8f1/Editor/Data/PlaybackEngines/WindowsStandaloneSupport/UnityEditor.WindowsStandalone.Extensions.dll
Registered in 0.022520 seconds.
- Loaded All Assemblies, in  0.546 seconds
Native extension for WindowsStandalone target not found
Native extension for Android target not found
Android Extension - Scanning For ADB Devices 1054 ms
Native extension for WebGL target not found
Mono: successfully reloaded assembly
- Finished resetting the current domain, in  1.523 seconds
Domain Reload Profiling: 2065ms
	BeginReloadAssembly (162ms)
		ExecutionOrderSort (0ms)
		DisableScriptedObjects (0ms)
		BackupInstance (0ms)
		ReleaseScriptingObjects (0ms)
		CreateAndSetChildDomain (1ms)
	RebuildCommonClasses (53ms)
	RebuildNativeTypeToScriptingClass (17ms)
	initialDomainReloadingComplete (96ms)
	LoadAllAssembliesAndSetupDomain (214ms)
		LoadAssemblies (161ms)
		RebuildTransferFunctionScriptingTraits (0ms)
		AnalyzeDomain (210ms)
			TypeCache.Refresh (208ms)
				TypeCache.ScanAssembly (189ms)
			ScanForSourceGeneratedMonoScriptInfo (1ms)
			ResolveRequiredComponents (1ms)
	FinalizeReload (1524ms)
		ReleaseScriptCaches (0ms)
		RebuildScriptCaches (0ms)
		SetupLoadedEditorAssemblies (1449ms)
			LogAssemblyErrors (0ms)
			InitializePlatformSupportModulesInManaged (1239ms)
			SetLoadedEditorAssemblies (4ms)
			RefreshPlugins (0ms)
			BeforeProcessingInitializeOnLoad (3ms)
			ProcessInitializeOnLoadAttributes (140ms)
			ProcessInitializeOnLoadMethodAttributes (63ms)
			AfterProcessingInitializeOnLoad (0ms)
			EditorAssembliesLoaded (0ms)
		ExecutionOrderSort2 (0ms)
		AwakeInstancesAfterBackupRestoration (0ms)
========================================================================
Worker process is ready to serve import requests
Begin MonoManager ReloadAssembly
- Loaded All Assemblies, in  0.721 seconds
Refreshing native plugins compatible for Editor in 3.72 ms, found 2 plugins.
Native extension for WindowsStandalone target not found
Native extension for Android target not found
Native extension for WebGL target not found
Package Manager log level set to [2]
[Package Manager] Server::EnsureServerProcessIsRunning -- launch failed, reason: Unity was launched with the -noUpm command-line argument
[Package Manager] UpmClient::Send -- Unable to send message (not connected to UPM process).
[Package Manager] Cannot connect to Unity Package Manager local server
Mono: successfully reloaded assembly
- Finished resetting the current domain, in  0.777 seconds
Domain Reload Profiling: 1493ms
	BeginReloadAssembly (232ms)
		ExecutionOrderSort (0ms)
		DisableScriptedObjects (8ms)
		BackupInstance (0ms)
		ReleaseScriptingObjects (0ms)
		CreateAndSetChildDomain (36ms)
	RebuildCommonClasses (48ms)
	RebuildNativeTypeToScriptingClass (15ms)
	initialDomainReloadingComplete (59ms)
	LoadAllAssembliesAndSetupDomain (362ms)
		LoadAssemblies (369ms)
		RebuildTransferFunctionScriptingTraits (0ms)
		AnalyzeDomain (134ms)
			TypeCache.Refresh (116ms)
				TypeCache.ScanAssembly (95ms)
			ScanForSourceGeneratedMonoScriptInfo (12ms)
			ResolveRequiredComponents (5ms)
	FinalizeReload (777ms)
		ReleaseScriptCaches (0ms)
		RebuildScriptCaches (0ms)
		SetupLoadedEditorAssemblies (542ms)
			LogAssemblyErrors (0ms)
			InitializePlatformSupportModulesInManaged (48ms)
			SetLoadedEditorAssemblies (7ms)
			RefreshPlugins (0ms)
			BeforeProcessingInitializeOnLoad (66ms)
			ProcessInitializeOnLoadAttributes (386ms)
			ProcessInitializeOnLoadMethodAttributes (23ms)
			AfterProcessingInitializeOnLoad (13ms)
			EditorAssembliesLoaded (0ms)
		ExecutionOrderSort2 (0ms)
		AwakeInstancesAfterBackupRestoration (13ms)
Launched and connected shader compiler UnityShaderCompiler.exe after 0.11 seconds
Refreshing native plugins compatible for Editor in 3.73 ms, found 2 plugins.
Preloading 0 native plugins for Editor in 0.00 ms.
Unloading 1574 Unused Serialized files (Serialized files now loaded: 0)
Unloading 34 unused Assets / (129.8 KB). Loaded Objects now: 2045.
Memory consumption went from 91.5 MB to 91.4 MB.
Total: 3.992900 ms (FindLiveObjects: 0.207800 ms CreateObjectMapping: 0.058900 ms MarkObjects: 3.540600 ms  DeleteObjects: 0.185000 ms)

AssetImportParameters requested are different than current active one (requested -> active):
  custom:video-decoder-webm-vp8: 9c59270c3fd7afecdb556c50c9e8de78 -> 
  custom:SearchIndexIgnoredProperties: e643bd26f0fe6173181afceb89e7c659 -> 
  custom:container-demuxer-ogg: 62fdf1f143b41e24485cea50d1cbac27 -> 
  custom:AudioImporter_EditorPlatform: d09bf68614088b80899f8185d706f6e7 -> 
  custom:video-decoder-ogg-theora: a1e56fd34408186e4bbccfd4996cb3dc -> 
  custom:framework-win-MediaFoundation: 216162199b28c13a410421893ffa2e32 -> 
  custom:video-encoder-webm-vp8: eb34c28f22e8b96e1ab97ce403110664 -> 
  custom:audio-decoder-ogg-vorbis: bf7c407c2cedff20999df2af8eb42d56 -> 
  custom:CustomObjectIndexerAttribute: 756ad292c208cfabdd7b50bc23989ffe -> 
  custom:container-demuxer-webm: 4f35f7cbe854078d1ac9338744f61a02 -> 
  custom:audio-encoder-webm-vorbis: bf7c407c2cedff20999df2af8eb42d56 -> 
  custom:container-muxer-webm: aa71ff27fc2769a1b78a27578f13a17b -> 
========================================================================
Received Import Request.
  Time since last request: 60949.108752 seconds.
  path: Assets/Models/OBJ format/barrel.obj
  artifactKey: Guid(fee16581068dc3d48bce3f29285fe167) Importer(815301076,1909f56bfc062723c751e8b465ee728b)
Start importing Assets/Models/OBJ format/barrel.obj using Guid(fee16581068dc3d48bce3f29285fe167) Importer(815301076,1909f56bfc062723c751e8b465ee728b)  -> (artifact id: '7c78d12006cfce1cb84a6b619ba782f1') in 0.201898 seconds
Number of updated asset objects reloaded before import = 0
Number of asset objects unloaded after import = 11
========================================================================
Received Import Request.
  Time since last request: 0.000025 seconds.
  path: Assets/Models/OBJ format/bones.obj
  artifactKey: Guid(46296ce961be30d478143e2c4ca3080b) Importer(815301076,1909f56bfc062723c751e8b465ee728b)
Start importing Assets/Models/OBJ format/bones.obj using Guid(46296ce961be30d478143e2c4ca3080b) Importer(815301076,1909f56bfc062723c751e8b465ee728b)  -> (artifact id: 'fd435e723e215343fe5fc1a5562e0839') in 0.028094 seconds
Number of updated asset objects reloaded before import = 0
Number of asset objects unloaded after import = 10
========================================================================
Received Import Request.
  Time since last request: 0.000029 seconds.
  path: Assets/Models/OBJ format/corridor_window.obj
  artifactKey: Guid(48f51dec145bcca4d8f9bae165cc72bf) Importer(815301076,1909f56bfc062723c751e8b465ee728b)
Start importing Assets/Models/OBJ format/corridor_window.obj using Guid(48f51dec145bcca4d8f9bae165cc72bf) Importer(815301076,1909f56bfc062723c751e8b465ee728b)  -> (artifact id: 'b92f68f9859b9de18b1f1b6f7f01f5cb') in 0.044108 seconds
Number of updated asset objects reloaded before import = 0
Number of asset objects unloaded after import = 13
========================================================================
Received Import Request.
  Time since last request: 0.000019 seconds.
  path: Assets/Models/OBJ format/crater.obj
  artifactKey: Guid(0790691b60ca8de44aa07df6c9a29596) Importer(815301076,1909f56bfc062723c751e8b465ee728b)
Start importing Assets/Models/OBJ format/crater.obj using Guid(0790691b60ca8de44aa07df6c9a29596) Importer(815301076,1909f56bfc062723c751e8b465ee728b)  -> (artifact id: '1d6ac6282b783a53673218310535d1b7') in 0.036692 seconds
Number of updated asset objects reloaded before import = 0
Number of asset objects unloaded after import = 11
========================================================================
Received Import Request.
  Time since last request: 0.000018 seconds.
  path: Assets/Models/OBJ format/craft_miner.obj
  artifactKey: Guid(47be8a6afee4195428fdba0f1a70c718) Importer(815301076,1909f56bfc062723c751e8b465ee728b)
Start importing Assets/Models/OBJ format/craft_miner.obj using Guid(47be8a6afee4195428fdba0f1a70c718) Importer(815301076,1909f56bfc062723c751e8b465ee728b)  -> (artifact id: '8808762644cf77c69441a077d39022a1') in 0.043534 seconds
Number of updated asset objects reloaded before import = 0
Number of asset objects unloaded after import = 13
========================================================================
Received Import Request.
  Time since last request: 0.000019 seconds.
  path: Assets/Models/OBJ format/craft_cargoA.obj
  artifactKey: Guid(e6cba11193e40f446b2b16f8a22e52b8) Importer(815301076,1909f56bfc062723c751e8b465ee728b)
Start importing Assets/Models/OBJ format/craft_cargoA.obj using Guid(e6cba11193e40f446b2b16f8a22e52b8) Importer(815301076,1909f56bfc062723c751e8b465ee728b)  -> (artifact id: 'dec6ab0c2a7b546da5618f1ba1affb82') in 0.041972 seconds
Number of updated asset objects reloaded before import = 0
Number of asset objects unloaded after import = 13
========================================================================
Received Import Request.
  Time since last request: 0.000019 seconds.
  path: Assets/Models/OBJ format/craft_speederB.obj
  artifactKey: Guid(a0bd8630bc309674d82ae271ce2af96d) Importer(815301076,1909f56bfc062723c751e8b465ee728b)
Start importing Assets/Models/OBJ format/craft_speederB.obj using Guid(a0bd8630bc309674d82ae271ce2af96d) Importer(815301076,1909f56bfc062723c751e8b465ee728b)  -> (artifact id: '7af1a73e509bc28e16694c846adb95dc') in 0.040703 seconds
Number of updated asset objects reloaded before import = 0
Number of asset objects unloaded after import = 13
========================================================================
Received Import Request.
  Time since last request: 17792.488173 seconds.
  path: Assets/Materials/Rock2.mat
  artifactKey: Guid(f05d5807eb1efc941bad116435c51cec) Importer(815301076,1909f56bfc062723c751e8b465ee728b)
Start importing Assets/Materials/Rock2.mat using Guid(f05d5807eb1efc941bad116435c51cec) Importer(815301076,1909f56bfc062723c751e8b465ee728b)  -> (artifact id: '47f4d65126cebbd5a6e278669bb15708') in 0.013771 seconds
Number of updated asset objects reloaded before import = 0
Number of asset objects unloaded after import = 1
========================================================================
Received Import Request.
  Time since last request: 1734.475054 seconds.
  path: Assets/Isometric/alien_N.png
  artifactKey: Guid(e08931eac801ae6498068b9f410dd33b) Importer(815301076,1909f56bfc062723c751e8b465ee728b)
Start importing Assets/Isometric/alien_N.png using Guid(e08931eac801ae6498068b9f410dd33b) Importer(815301076,1909f56bfc062723c751e8b465ee728b)  -> (artifact id: '08e27879af17a94c1834054bec450731') in 0.030385 seconds
Number of updated asset objects reloaded before import = 0
Number of asset objects unloaded after import = 2
========================================================================
Received Import Request.
  Time since last request: 0.090019 seconds.
  path: Assets/Isometric/alien_S.png
  artifactKey: Guid(f299de9fac1fc5749ade9afa1aec0e1e) Importer(815301076,1909f56bfc062723c751e8b465ee728b)
Start importing Assets/Isometric/alien_S.png using Guid(f299de9fac1fc5749ade9afa1aec0e1e) Importer(815301076,1909f56bfc062723c751e8b465ee728b)  -> (artifact id: '88bdf9dcca646732dd52ade866221d5d') in 0.020901 seconds
Number of updated asset objects reloaded before import = 0
Number of asset objects unloaded after import = 2
========================================================================
Received Import Request.
  Time since last request: 0.000142 seconds.
  path: Assets/Isometric/alien_SW.png
  artifactKey: Guid(5ddfe012a273e13478f76131aa52d1fb) Importer(815301076,1909f56bfc062723c751e8b465ee728b)
Start importing Assets/Isometric/alien_SW.png using Guid(5ddfe012a273e13478f76131aa52d1fb) Importer(815301076,1909f56bfc062723c751e8b465ee728b)  -> (artifact id: '1af6d6ca466cf5840f0489e40f36eaf0') in 0.019747 seconds
Number of updated asset objects reloaded before import = 0
Number of asset objects unloaded after import = 2
========================================================================
Received Import Request.
  Time since last request: 0.002603 seconds.
  path: Assets/Isometric/astronautA_S.png
  artifactKey: Guid(19c4043c23f2482488b2eed28b712fa3) Importer(815301076,1909f56bfc062723c751e8b465ee728b)
Start importing Assets/Isometric/astronautA_S.png using Guid(19c4043c23f2482488b2eed28b712fa3) Importer(815301076,1909f56bfc062723c751e8b465ee728b)  -> (artifact id: '3e7ab7a197cac515babac818f69002a8') in 0.020764 seconds
Number of updated asset objects reloaded before import = 0
Number of asset objects unloaded after import = 2
========================================================================
Received Import Request.
  Time since last request: 0.003185 seconds.
  path: Assets/Isometric/astronautA_NW.png
  artifactKey: Guid(9ae18174762920c47acdc8321985b871) Importer(815301076,1909f56bfc062723c751e8b465ee728b)
Start importing Assets/Isometric/astronautA_NW.png using Guid(9ae18174762920c47acdc8321985b871) Importer(815301076,1909f56bfc062723c751e8b465ee728b)  -> (artifact id: 'ee5ba3a7f9d57ec39ed7f8c3654c07ff') in 0.021843 seconds
Number of updated asset objects reloaded before import = 0
Number of asset objects unloaded after import = 2
========================================================================
Received Import Request.
  Time since last request: 0.000022 seconds.
  path: Assets/Isometric/barrels_NW.png
  artifactKey: Guid(c5b02a0fed4c22c4abc2bb54dedec7db) Importer(815301076,1909f56bfc062723c751e8b465ee728b)
Start importing Assets/Isometric/barrels_NW.png using Guid(c5b02a0fed4c22c4abc2bb54dedec7db) Importer(815301076,1909f56bfc062723c751e8b465ee728b)  -> (artifact id: 'b089eba541282d6e79b155eec7d6c65b') in 0.019194 seconds
Number of updated asset objects reloaded before import = 0
Number of asset objects unloaded after import = 2
========================================================================
Received Import Request.
  Time since last request: 0.000024 seconds.
  path: Assets/Isometric/astronautB_SE.png
  artifactKey: Guid(fa82bec8c242e5541915ec34d902f3bb) Importer(815301076,1909f56bfc062723c751e8b465ee728b)
Start importing Assets/Isometric/astronautB_SE.png using Guid(fa82bec8c242e5541915ec34d902f3bb) Importer(815301076,1909f56bfc062723c751e8b465ee728b)  -> (artifact id: '59e3a877cd21b435fd0cf22fa4022ba4') in 0.019827 seconds
Number of updated asset objects reloaded before import = 0
Number of asset objects unloaded after import = 2
========================================================================
Received Import Request.
  Time since last request: 0.000050 seconds.
  path: Assets/Isometric/astronautB_NE.png
  artifactKey: Guid(5f11df8a1e644054e9d2a8fdbdd92957) Importer(815301076,1909f56bfc062723c751e8b465ee728b)
Start importing Assets/Isometric/astronautB_NE.png using Guid(5f11df8a1e644054e9d2a8fdbdd92957) Importer(815301076,1909f56bfc062723c751e8b465ee728b)  -> (artifact id: 'c66d51049ad7c6fd2c9ccb876d37e71d') in 0.019257 seconds
Number of updated asset objects reloaded before import = 0
Number of asset objects unloaded after import = 2
========================================================================
Received Import Request.
  Time since last request: 0.000019 seconds.
  path: Assets/Isometric/barrel_NE.png
  artifactKey: Guid(4025f6ed70d1a254ca71ba50a56121c1) Importer(815301076,1909f56bfc062723c751e8b465ee728b)
Start importing Assets/Isometric/barrel_NE.png using Guid(4025f6ed70d1a254ca71ba50a56121c1) Importer(815301076,1909f56bfc062723c751e8b465ee728b)  -> (artifact id: '99f3a8f082acf87551584d9003dbf83f') in 0.018056 seconds
Number of updated asset objects reloaded before import = 0
Number of asset objects unloaded after import = 2
========================================================================
Received Import Request.
  Time since last request: 0.000023 seconds.
  path: Assets/Isometric/barrels_NE.png
  artifactKey: Guid(a9955a165c3e8d4448f3f6478d8d060f) Importer(815301076,1909f56bfc062723c751e8b465ee728b)
Start importing Assets/Isometric/barrels_NE.png using Guid(a9955a165c3e8d4448f3f6478d8d060f) Importer(815301076,1909f56bfc062723c751e8b465ee728b)  -> (artifact id: '4ce59d628a1ac8eb130aea5815a50b2a') in 0.020414 seconds
Number of updated asset objects reloaded before import = 0
Number of asset objects unloaded after import = 2
========================================================================
Received Import Request.
  Time since last request: 0.000024 seconds.
  path: Assets/Isometric/barrel_NW.png
  artifactKey: Guid(b15ea99c28d2dcd49963ed4df78dce14) Importer(815301076,1909f56bfc062723c751e8b465ee728b)
Start importing Assets/Isometric/barrel_NW.png using Guid(b15ea99c28d2dcd49963ed4df78dce14) Importer(815301076,1909f56bfc062723c751e8b465ee728b)  -> (artifact id: '50b2519387fcbe4ff8dfe009c5408ae3') in 0.020551 seconds
Number of updated asset objects reloaded before import = 0
Number of asset objects unloaded after import = 2
========================================================================
Received Import Request.
  Time since last request: 0.000024 seconds.
  path: Assets/Isometric/astronautB_E.png
  artifactKey: Guid(1bbf98be863c4b64190892ad465e5831) Importer(815301076,1909f56bfc062723c751e8b465ee728b)
Start importing Assets/Isometric/astronautB_E.png using Guid(1bbf98be863c4b64190892ad465e5831) Importer(815301076,1909f56bfc062723c751e8b465ee728b)  -> (artifact id: '0c305b678f72bbbd3dd772ce8b4041cf') in 0.020724 seconds
Number of updated asset objects reloaded before import = 0
Number of asset objects unloaded after import = 2
========================================================================
Received Import Request.
  Time since last request: 0.000028 seconds.
  path: Assets/Isometric/barrel_SE.png
  artifactKey: Guid(8ae067c9b9a7db54087988a871b7ea93) Importer(815301076,1909f56bfc062723c751e8b465ee728b)
Start importing Assets/Isometric/barrel_SE.png using Guid(8ae067c9b9a7db54087988a871b7ea93) Importer(815301076,1909f56bfc062723c751e8b465ee728b)  -> (artifact id: 'eea0f5dbb4b6b910bf9ba351cc467051') in 0.023487 seconds
Number of updated asset objects reloaded before import = 0
Number of asset objects unloaded after import = 2
========================================================================
Received Import Request.
  Time since last request: 0.000031 seconds.
  path: Assets/Isometric/barrels_rail_NE.png
  artifactKey: Guid(df1e58184b8b4694395ab0446bd9cf25) Importer(815301076,1909f56bfc062723c751e8b465ee728b)
Start importing Assets/Isometric/barrels_rail_NE.png using Guid(df1e58184b8b4694395ab0446bd9cf25) Importer(815301076,1909f56bfc062723c751e8b465ee728b)  -> (artifact id: 'fbfb3bb688ebd4208ae7ae25d3f99aa2') in 0.019607 seconds
Number of updated asset objects reloaded before import = 0
Number of asset objects unloaded after import = 2
========================================================================
Received Import Request.
  Time since last request: 0.000023 seconds.
  path: Assets/Isometric/alien_W.png
  artifactKey: Guid(30942ebd4da34c547ac4d9c96c11e0b3) Importer(815301076,1909f56bfc062723c751e8b465ee728b)
Start importing Assets/Isometric/alien_W.png using Guid(30942ebd4da34c547ac4d9c96c11e0b3) Importer(815301076,1909f56bfc062723c751e8b465ee728b)  -> (artifact id: '9f3656b340897dd08350dbe72c70280a') in 0.024245 seconds
Number of updated asset objects reloaded before import = 0
Number of asset objects unloaded after import = 2
========================================================================
Received Import Request.
  Time since last request: 0.000027 seconds.
  path: Assets/Isometric/astronautA_E.png
  artifactKey: Guid(b0be0d7fc54bf4241815a35b242a84c9) Importer(815301076,1909f56bfc062723c751e8b465ee728b)
Start importing Assets/Isometric/astronautA_E.png using Guid(b0be0d7fc54bf4241815a35b242a84c9) Importer(815301076,1909f56bfc062723c751e8b465ee728b)  -> (artifact id: 'f5349248351255c1997c139a1fccc3d1') in 0.019504 seconds
Number of updated asset objects reloaded before import = 0
Number of asset objects unloaded after import = 2
Editor requested this worker to shutdown with reason: Scaling down because of idle timeout
TcpMessagingSession - receive error: operation aborted. errorcode: 995, details: The I/O operation has been aborted because of either a thread exit or an application request.
AssetImportWorker is now disconnected from the server
Process exiting
Exiting without the bug reporter. Application will terminate with return code 0