Using pre-set license
Built from '2022.3/staging' branch; Version is '2022.3.8f1 (b5eafc012955) revision 11922172'; Using compiler version '192829333'; Build Type 'Release'
OS: 'Windows 10  (10.0.19045) 64bit Enterprise' Language: 'en' Physical Memory: 32467 MB
BatchMode: 1, IsHumanControllingUs: 0, StartBugReporterOnCrash: 0, Is64bit: 1, IsPro: 1

COMMAND LINE ARGUMENTS:
C:\Program Files\Unity\Hub\Editor\2022.3.8f1\Editor\Unity.exe
-adb2
-batchMode
-noUpm
-name
AssetImportWorker3
-projectPath
C:/Users/chenyufe/Documents/Rekordny_Github/RacerGame
-logFile
Logs/AssetImportWorker3.log
-srvPort
54047
Successfully changed project path to: C:/Users/chenyufe/Documents/Rekordny_Github/RacerGame
C:/Users/chenyufe/Documents/Rekordny_Github/RacerGame
[UnityMemory] Configuration Parameters - Can be set up in boot.config
    "memorysetup-bucket-allocator-granularity=16"
    "memorysetup-bucket-allocator-bucket-count=8"
    "memorysetup-bucket-allocator-block-size=33554432"
    "memorysetup-bucket-allocator-block-count=8"
    "memorysetup-main-allocator-block-size=16777216"
    "memorysetup-thread-allocator-block-size=16777216"
    "memorysetup-gfx-main-allocator-block-size=16777216"
    "memorysetup-gfx-thread-allocator-block-size=16777216"
    "memorysetup-cache-allocator-block-size=4194304"
    "memorysetup-typetree-allocator-block-size=2097152"
    "memorysetup-profiler-bucket-allocator-granularity=16"
    "memorysetup-profiler-bucket-allocator-bucket-count=8"
    "memorysetup-profiler-bucket-allocator-block-size=33554432"
    "memorysetup-profiler-bucket-allocator-block-count=8"
    "memorysetup-profiler-allocator-block-size=16777216"
    "memorysetup-profiler-editor-allocator-block-size=1048576"
    "memorysetup-temp-allocator-size-main=16777216"
    "memorysetup-job-temp-allocator-block-size=2097152"
    "memorysetup-job-temp-allocator-block-size-background=1048576"
    "memorysetup-job-temp-allocator-reduction-small-platforms=262144"
    "memorysetup-allocator-temp-initial-block-size-main=262144"
    "memorysetup-allocator-temp-initial-block-size-worker=262144"
    "memorysetup-temp-allocator-size-background-worker=32768"
    "memorysetup-temp-allocator-size-job-worker=262144"
    "memorysetup-temp-allocator-size-preload-manager=33554432"
    "memorysetup-temp-allocator-size-nav-mesh-worker=65536"
    "memorysetup-temp-allocator-size-audio-worker=65536"
    "memorysetup-temp-allocator-size-cloud-worker=32768"
    "memorysetup-temp-allocator-size-gi-baking-worker=262144"
    "memorysetup-temp-allocator-size-gfx=262144"
Player connection [1580] Host "[IP] 142.55.42.89 [Port] 0 [Flags] 2 [Guid] 1042724441 [EditorId] 1042724441 [Version] 1048832 [Id] WindowsEditor(7,oa-s142-23) [Debug] 1 [PackageName] WindowsEditor [ProjectName] Editor" joined multi-casting on [225.0.0.222:54997]...

Player connection [1580] Host "[IP] 142.55.42.89 [Port] 0 [Flags] 2 [Guid] 1042724441 [EditorId] 1042724441 [Version] 1048832 [Id] WindowsEditor(7,oa-s142-23) [Debug] 1 [PackageName] WindowsEditor [ProjectName] Editor" joined alternative multi-casting on [225.0.0.222:34997]...

[Physics::Module] Initialized MultithreadedJobDispatcher with 23 workers.
Refreshing native plugins compatible for Editor in 8.28 ms, found 2 plugins.
Preloading 0 native plugins for Editor in 0.00 ms.
Initialize engine version: 2022.3.8f1 (b5eafc012955)
[Subsystems] Discovering subsystems at path C:/Program Files/Unity/Hub/Editor/2022.3.8f1/Editor/Data/Resources/UnitySubsystems
[Subsystems] Discovering subsystems at path C:/Users/chenyufe/Documents/Rekordny_Github/RacerGame/Assets
GfxDevice: creating device client; threaded=0; jobified=0
Direct3D:
    Version:  Direct3D 11.0 [level 11.1]
    Renderer: NVIDIA GeForce GTX 1080 Ti (ID=0x1b06)
    Vendor:   NVIDIA
    VRAM:     11120 MB
    Driver:   31.0.15.3713
Initialize mono
Mono path[0] = 'C:/Program Files/Unity/Hub/Editor/2022.3.8f1/Editor/Data/Managed'
Mono path[1] = 'C:/Program Files/Unity/Hub/Editor/2022.3.8f1/Editor/Data/MonoBleedingEdge/lib/mono/unityjit-win32'
Mono config path = 'C:/Program Files/Unity/Hub/Editor/2022.3.8f1/Editor/Data/MonoBleedingEdge/etc'
Using monoOptions --debugger-agent=transport=dt_socket,embedding=1,server=y,suspend=n,address=127.0.0.1:56684
Begin MonoManager ReloadAssembly
Registering precompiled unity dll's ...
Register platform support module: C:/Program Files/Unity/Hub/Editor/2022.3.8f1/Editor/Data/PlaybackEngines/WebGLSupport/UnityEditor.WebGL.Extensions.dll
Register platform support module: C:/Program Files/Unity/Hub/Editor/2022.3.8f1/Editor/Data/PlaybackEngines/AndroidPlayer/UnityEditor.Android.Extensions.dll
Register platform support module: C:/Program Files/Unity/Hub/Editor/2022.3.8f1/Editor/Data/PlaybackEngines/WindowsStandaloneSupport/UnityEditor.WindowsStandalone.Extensions.dll
Registered in 0.025232 seconds.
- Loaded All Assemblies, in  0.573 seconds
Native extension for WindowsStandalone target not found
Native extension for Android target not found
Android Extension - Scanning For ADB Devices 976 ms
Native extension for WebGL target not found
Mono: successfully reloaded assembly
- Finished resetting the current domain, in  1.474 seconds
Domain Reload Profiling: 2044ms
	BeginReloadAssembly (171ms)
		ExecutionOrderSort (0ms)
		DisableScriptedObjects (0ms)
		BackupInstance (0ms)
		ReleaseScriptingObjects (0ms)
		CreateAndSetChildDomain (1ms)
	RebuildCommonClasses (49ms)
	RebuildNativeTypeToScriptingClass (16ms)
	initialDomainReloadingComplete (98ms)
	LoadAllAssembliesAndSetupDomain (235ms)
		LoadAssemblies (169ms)
		RebuildTransferFunctionScriptingTraits (0ms)
		AnalyzeDomain (231ms)
			TypeCache.Refresh (228ms)
				TypeCache.ScanAssembly (206ms)
			ScanForSourceGeneratedMonoScriptInfo (1ms)
			ResolveRequiredComponents (1ms)
	FinalizeReload (1474ms)
		ReleaseScriptCaches (0ms)
		RebuildScriptCaches (0ms)
		SetupLoadedEditorAssemblies (1384ms)
			LogAssemblyErrors (0ms)
			InitializePlatformSupportModulesInManaged (1165ms)
			SetLoadedEditorAssemblies (4ms)
			RefreshPlugins (0ms)
			BeforeProcessingInitializeOnLoad (3ms)
			ProcessInitializeOnLoadAttributes (144ms)
			ProcessInitializeOnLoadMethodAttributes (67ms)
			AfterProcessingInitializeOnLoad (0ms)
			EditorAssembliesLoaded (0ms)
		ExecutionOrderSort2 (0ms)
		AwakeInstancesAfterBackupRestoration (0ms)
========================================================================
Worker process is ready to serve import requests
Begin MonoManager ReloadAssembly
- Loaded All Assemblies, in  0.811 seconds
Refreshing native plugins compatible for Editor in 3.71 ms, found 2 plugins.
Native extension for WindowsStandalone target not found
Native extension for Android target not found
Native extension for WebGL target not found
Package Manager log level set to [2]
[Package Manager] Server::EnsureServerProcessIsRunning -- launch failed, reason: Unity was launched with the -noUpm command-line argument
[Package Manager] UpmClient::Send -- Unable to send message (not connected to UPM process).
[Package Manager] Cannot connect to Unity Package Manager local server
Mono: successfully reloaded assembly
- Finished resetting the current domain, in  0.878 seconds
Domain Reload Profiling: 1685ms
	BeginReloadAssembly (245ms)
		ExecutionOrderSort (0ms)
		DisableScriptedObjects (9ms)
		BackupInstance (0ms)
		ReleaseScriptingObjects (0ms)
		CreateAndSetChildDomain (33ms)
	RebuildCommonClasses (56ms)
	RebuildNativeTypeToScriptingClass (24ms)
	initialDomainReloadingComplete (76ms)
	LoadAllAssembliesAndSetupDomain (404ms)
		LoadAssemblies (392ms)
		RebuildTransferFunctionScriptingTraits (0ms)
		AnalyzeDomain (166ms)
			TypeCache.Refresh (144ms)
				TypeCache.ScanAssembly (121ms)
			ScanForSourceGeneratedMonoScriptInfo (14ms)
			ResolveRequiredComponents (6ms)
	FinalizeReload (879ms)
		ReleaseScriptCaches (0ms)
		RebuildScriptCaches (0ms)
		SetupLoadedEditorAssemblies (619ms)
			LogAssemblyErrors (0ms)
			InitializePlatformSupportModulesInManaged (46ms)
			SetLoadedEditorAssemblies (5ms)
			RefreshPlugins (0ms)
			BeforeProcessingInitializeOnLoad (74ms)
			ProcessInitializeOnLoadAttributes (448ms)
			ProcessInitializeOnLoadMethodAttributes (29ms)
			AfterProcessingInitializeOnLoad (17ms)
			EditorAssembliesLoaded (0ms)
		ExecutionOrderSort2 (0ms)
		AwakeInstancesAfterBackupRestoration (14ms)
Launched and connected shader compiler UnityShaderCompiler.exe after 0.11 seconds
Refreshing native plugins compatible for Editor in 5.43 ms, found 2 plugins.
Preloading 0 native plugins for Editor in 0.00 ms.
Unloading 1574 Unused Serialized files (Serialized files now loaded: 0)
Unloading 34 unused Assets / (129.7 KB). Loaded Objects now: 2045.
Memory consumption went from 91.5 MB to 91.4 MB.
Total: 6.168700 ms (FindLiveObjects: 0.266600 ms CreateObjectMapping: 0.110300 ms MarkObjects: 5.528800 ms  DeleteObjects: 0.261600 ms)

AssetImportParameters requested are different than current active one (requested -> active):
  custom:video-decoder-webm-vp8: 9c59270c3fd7afecdb556c50c9e8de78 -> 
  custom:SearchIndexIgnoredProperties: e643bd26f0fe6173181afceb89e7c659 -> 
  custom:container-demuxer-ogg: 62fdf1f143b41e24485cea50d1cbac27 -> 
  custom:AudioImporter_EditorPlatform: d09bf68614088b80899f8185d706f6e7 -> 
  custom:video-decoder-ogg-theora: a1e56fd34408186e4bbccfd4996cb3dc -> 
  custom:framework-win-MediaFoundation: 216162199b28c13a410421893ffa2e32 -> 
  custom:video-encoder-webm-vp8: eb34c28f22e8b96e1ab97ce403110664 -> 
  custom:audio-decoder-ogg-vorbis: bf7c407c2cedff20999df2af8eb42d56 -> 
  custom:CustomObjectIndexerAttribute: 756ad292c208cfabdd7b50bc23989ffe -> 
  custom:container-demuxer-webm: 4f35f7cbe854078d1ac9338744f61a02 -> 
  custom:audio-encoder-webm-vorbis: bf7c407c2cedff20999df2af8eb42d56 -> 
  custom:container-muxer-webm: aa71ff27fc2769a1b78a27578f13a17b -> 
========================================================================
Received Import Request.
  Time since last request: 59592.709328 seconds.
  path: Assets/Models/DAE format/barrels.dae
  artifactKey: Guid(ba068d45077b9a64baf1f9b826584e12) Importer(815301076,1909f56bfc062723c751e8b465ee728b)
Start importing Assets/Models/DAE format/barrels.dae using Guid(ba068d45077b9a64baf1f9b826584e12) Importer(815301076,1909f56bfc062723c751e8b465ee728b)  -> (artifact id: 'a778582c62c1ce6db89831a74349c989') in 0.228469 seconds
Number of updated asset objects reloaded before import = 0
Number of asset objects unloaded after import = 29
========================================================================
Received Import Request.
  Time since last request: 0.000025 seconds.
  path: Assets/Models/DAE format/craterLarge.dae
  artifactKey: Guid(b1672eeae79796e49b7995c0a6efbfec) Importer(815301076,1909f56bfc062723c751e8b465ee728b)
Start importing Assets/Models/DAE format/craterLarge.dae using Guid(b1672eeae79796e49b7995c0a6efbfec) Importer(815301076,1909f56bfc062723c751e8b465ee728b)  -> (artifact id: 'c7c6103e744d3d4a4a7f6e13713579d5') in 0.028121 seconds
Number of updated asset objects reloaded before import = 0
Number of asset objects unloaded after import = 9
========================================================================
Received Import Request.
  Time since last request: 0.000032 seconds.
  path: Assets/Models/DAE format/pipe_cross.dae
  artifactKey: Guid(7e5d9660f83ab834f95a19a142e219af) Importer(815301076,1909f56bfc062723c751e8b465ee728b)
Start importing Assets/Models/DAE format/pipe_cross.dae using Guid(7e5d9660f83ab834f95a19a142e219af) Importer(815301076,1909f56bfc062723c751e8b465ee728b)  -> (artifact id: 'aac4f817cadb16b3928e4602cf0738aa') in 0.035741 seconds
Number of updated asset objects reloaded before import = 0
Number of asset objects unloaded after import = 10
========================================================================
Received Import Request.
  Time since last request: 0.000026 seconds.
  path: Assets/Models/DAE format/corridor_cornerRoundWindow.dae
  artifactKey: Guid(cdf6dcecd8c8c834987520b822903f65) Importer(815301076,1909f56bfc062723c751e8b465ee728b)
Start importing Assets/Models/DAE format/corridor_cornerRoundWindow.dae using Guid(cdf6dcecd8c8c834987520b822903f65) Importer(815301076,1909f56bfc062723c751e8b465ee728b)  -> (artifact id: '47b20ad64d9d3a17b925a7cddadb9065') in 0.045964 seconds
Number of updated asset objects reloaded before import = 0
Number of asset objects unloaded after import = 11
========================================================================
Received Import Request.
  Time since last request: 0.000017 seconds.
  path: Assets/Models/DAE format/craft_miner.dae
  artifactKey: Guid(38810e00698a16c4788a60ed86381a40) Importer(815301076,1909f56bfc062723c751e8b465ee728b)
Start importing Assets/Models/DAE format/craft_miner.dae using Guid(38810e00698a16c4788a60ed86381a40) Importer(815301076,1909f56bfc062723c751e8b465ee728b)  -> (artifact id: '7927d4b433e134b995a258c460014ad4') in 0.048849 seconds
Number of updated asset objects reloaded before import = 0
Number of asset objects unloaded after import = 11
========================================================================
Received Import Request.
  Time since last request: 0.000020 seconds.
  path: Assets/Models/DAE format/monorail_trackSlope.dae
  artifactKey: Guid(b50bff459ecd8984e84d88422590a585) Importer(815301076,1909f56bfc062723c751e8b465ee728b)
Start importing Assets/Models/DAE format/monorail_trackSlope.dae using Guid(b50bff459ecd8984e84d88422590a585) Importer(815301076,1909f56bfc062723c751e8b465ee728b)  -> (artifact id: 'f72179220f53ddf47c8f2737d650b4ce') in 0.026016 seconds
Number of updated asset objects reloaded before import = 0
Number of asset objects unloaded after import = 9
========================================================================
Received Import Request.
  Time since last request: 0.000026 seconds.
  path: Assets/Models/DAE format/hangar_largeB.dae
  artifactKey: Guid(2d453ea20a8f01c4e975d5be4c58d83f) Importer(815301076,1909f56bfc062723c751e8b465ee728b)
Start importing Assets/Models/DAE format/hangar_largeB.dae using Guid(2d453ea20a8f01c4e975d5be4c58d83f) Importer(815301076,1909f56bfc062723c751e8b465ee728b)  -> (artifact id: 'ebd74f0a3191c87a433ae177622a7a40') in 0.051265 seconds
Number of updated asset objects reloaded before import = 0
Number of asset objects unloaded after import = 22
========================================================================
Received Import Request.
  Time since last request: 0.000023 seconds.
  path: Assets/Models/DAE format/hangar_smallA.dae
  artifactKey: Guid(a397ab9e71569514b951672c760e0bb1) Importer(815301076,1909f56bfc062723c751e8b465ee728b)
Start importing Assets/Models/DAE format/hangar_smallA.dae using Guid(a397ab9e71569514b951672c760e0bb1) Importer(815301076,1909f56bfc062723c751e8b465ee728b)  -> (artifact id: '2c015a16711c9b8336a47fed4f9e307c') in 0.055999 seconds
Number of updated asset objects reloaded before import = 0
Number of asset objects unloaded after import = 22
========================================================================
Received Import Request.
  Time since last request: 0.000031 seconds.
  path: Assets/Models/DAE format/meteor_half.dae
  artifactKey: Guid(f330a4f6788e1cd48a65e162b53042b5) Importer(815301076,1909f56bfc062723c751e8b465ee728b)
Start importing Assets/Models/DAE format/meteor_half.dae using Guid(f330a4f6788e1cd48a65e162b53042b5) Importer(815301076,1909f56bfc062723c751e8b465ee728b)  -> (artifact id: '8cb5666fc0f70b4d69aff9de59891884') in 0.020358 seconds
Number of updated asset objects reloaded before import = 0
Number of asset objects unloaded after import = 8
========================================================================
Received Import Request.
  Time since last request: 0.000017 seconds.
  path: Assets/Models/DAE format/monorail_trackCornerLarge.dae
  artifactKey: Guid(a98c9c57f478ef14f9c74acf533fb7b5) Importer(815301076,1909f56bfc062723c751e8b465ee728b)
Start importing Assets/Models/DAE format/monorail_trackCornerLarge.dae using Guid(a98c9c57f478ef14f9c74acf533fb7b5) Importer(815301076,1909f56bfc062723c751e8b465ee728b)  -> (artifact id: 'c435d0a66fd502daee5fe3b05e63a8a9') in 0.023166 seconds
Number of updated asset objects reloaded before import = 0
Number of asset objects unloaded after import = 9
========================================================================
Received Import Request.
  Time since last request: 0.000018 seconds.
  path: Assets/Models/DAE format/machine_wireless.dae
  artifactKey: Guid(f35f3446ed8b68e42a852122bdaf805c) Importer(815301076,1909f56bfc062723c751e8b465ee728b)
Start importing Assets/Models/DAE format/machine_wireless.dae using Guid(f35f3446ed8b68e42a852122bdaf805c) Importer(815301076,1909f56bfc062723c751e8b465ee728b)  -> (artifact id: '22a5cba898dd66812a5d95da97605193') in 0.036264 seconds
Number of updated asset objects reloaded before import = 0
Number of asset objects unloaded after import = 11
========================================================================
Received Import Request.
  Time since last request: 0.000018 seconds.
  path: Assets/Models/DAE format/monorail_trackSupportCorner.dae
  artifactKey: Guid(caddfc63b80d3ea448af798fb204003b) Importer(815301076,1909f56bfc062723c751e8b465ee728b)
Start importing Assets/Models/DAE format/monorail_trackSupportCorner.dae using Guid(caddfc63b80d3ea448af798fb204003b) Importer(815301076,1909f56bfc062723c751e8b465ee728b)  -> (artifact id: 'ef4fca024cdf44f390bf55edf940e202') in 0.028587 seconds
Number of updated asset objects reloaded before import = 0
Number of asset objects unloaded after import = 10
========================================================================
Received Import Request.
  Time since last request: 12.788723 seconds.
  path: Assets/Models/FBX format/pipe_supportHigh.fbx
  artifactKey: Guid(d1730139d122da94592c482f688bc1c7) Importer(815301076,1909f56bfc062723c751e8b465ee728b)
Start importing Assets/Models/FBX format/pipe_supportHigh.fbx using Guid(d1730139d122da94592c482f688bc1c7) Importer(815301076,1909f56bfc062723c751e8b465ee728b)  -> (artifact id: '56d60166f6d67e654e2e346309b26964') in 0.031456 seconds
Number of updated asset objects reloaded before import = 0
Number of asset objects unloaded after import = 10
========================================================================
Received Import Request.
  Time since last request: 0.000017 seconds.
  path: Assets/Models/FBX format/platform_high.fbx
  artifactKey: Guid(c7b4408a708ef3c4faf90bd846588627) Importer(815301076,1909f56bfc062723c751e8b465ee728b)
Start importing Assets/Models/FBX format/platform_high.fbx using Guid(c7b4408a708ef3c4faf90bd846588627) Importer(815301076,1909f56bfc062723c751e8b465ee728b)  -> (artifact id: '9f88442713ad0b22694a773251cd24d1') in 0.034663 seconds
Number of updated asset objects reloaded before import = 0
Number of asset objects unloaded after import = 11
========================================================================
Received Import Request.
  Time since last request: 0.000018 seconds.
  path: Assets/Models/FBX format/rock_largeB.fbx
  artifactKey: Guid(9f7f84bf33b11944ab10ca57bfac6873) Importer(815301076,1909f56bfc062723c751e8b465ee728b)
Start importing Assets/Models/FBX format/rock_largeB.fbx using Guid(9f7f84bf33b11944ab10ca57bfac6873) Importer(815301076,1909f56bfc062723c751e8b465ee728b)  -> (artifact id: '172a6cbc29f5ff3a385a780c06e4072a') in 0.024135 seconds
Number of updated asset objects reloaded before import = 0
Number of asset objects unloaded after import = 9
========================================================================
Received Import Request.
  Time since last request: 0.000018 seconds.
  path: Assets/Models/FBX format/rail_corner.fbx
  artifactKey: Guid(13f5e658a256ba64694c228e992cd7fe) Importer(815301076,1909f56bfc062723c751e8b465ee728b)
Start importing Assets/Models/FBX format/rail_corner.fbx using Guid(13f5e658a256ba64694c228e992cd7fe) Importer(815301076,1909f56bfc062723c751e8b465ee728b)  -> (artifact id: '39d0c657c93e34450fffda88661bdac9') in 0.023753 seconds
Number of updated asset objects reloaded before import = 0
Number of asset objects unloaded after import = 9
========================================================================
Received Import Request.
  Time since last request: 0.000017 seconds.
  path: Assets/Models/FBX format/satelliteDish.fbx
  artifactKey: Guid(895d9e664ebcb44458843fc7714ef4e6) Importer(815301076,1909f56bfc062723c751e8b465ee728b)
Start importing Assets/Models/FBX format/satelliteDish.fbx using Guid(895d9e664ebcb44458843fc7714ef4e6) Importer(815301076,1909f56bfc062723c751e8b465ee728b)  -> (artifact id: '31a1de23caff62b95a92d7f11b4f7b57') in 0.039182 seconds
Number of updated asset objects reloaded before import = 0
Number of asset objects unloaded after import = 12
========================================================================
Received Import Request.
  Time since last request: 0.000022 seconds.
  path: Assets/Models/FBX format/platform_low.fbx
  artifactKey: Guid(178ce47c0ea92ff47a687af53364c5c1) Importer(815301076,1909f56bfc062723c751e8b465ee728b)
Start importing Assets/Models/FBX format/platform_low.fbx using Guid(178ce47c0ea92ff47a687af53364c5c1) Importer(815301076,1909f56bfc062723c751e8b465ee728b)  -> (artifact id: '0903304e697c518ef2387c2bf34cb0d1') in 0.030936 seconds
Number of updated asset objects reloaded before import = 0
Number of asset objects unloaded after import = 10
========================================================================
Received Import Request.
  Time since last request: 0.000030 seconds.
  path: Assets/Models/FBX format/platform_cornerRound.fbx
  artifactKey: Guid(64470db47cc6e3a42af964052b584bd9) Importer(815301076,1909f56bfc062723c751e8b465ee728b)
Start importing Assets/Models/FBX format/platform_cornerRound.fbx using Guid(64470db47cc6e3a42af964052b584bd9) Importer(815301076,1909f56bfc062723c751e8b465ee728b)  -> (artifact id: '727e62e601bfb4527e753c41fe971908') in 0.030863 seconds
Number of updated asset objects reloaded before import = 0
Number of asset objects unloaded after import = 10
========================================================================
Received Import Request.
  Time since last request: 0.000018 seconds.
  path: Assets/Models/FBX format/platform_long.fbx
  artifactKey: Guid(5aa358c580d62ad429788a7015adeddb) Importer(815301076,1909f56bfc062723c751e8b465ee728b)
Start importing Assets/Models/FBX format/platform_long.fbx using Guid(5aa358c580d62ad429788a7015adeddb) Importer(815301076,1909f56bfc062723c751e8b465ee728b)  -> (artifact id: '4c77c6e207095223c8454bd026e43658') in 0.028053 seconds
Number of updated asset objects reloaded before import = 0
Number of asset objects unloaded after import = 10
========================================================================
Received Import Request.
  Time since last request: 0.098417 seconds.
  path: Assets/Models/FBX format/supports_high.fbx
  artifactKey: Guid(4baa98c5d0c8c9b4fa277075acf6e6b0) Importer(815301076,1909f56bfc062723c751e8b465ee728b)
Start importing Assets/Models/FBX format/supports_high.fbx using Guid(4baa98c5d0c8c9b4fa277075acf6e6b0) Importer(815301076,1909f56bfc062723c751e8b465ee728b)  -> (artifact id: 'b559b467e23f247e545a2a99c7994d05') in 0.029915 seconds
Number of updated asset objects reloaded before import = 0
Number of asset objects unloaded after import = 10
========================================================================
Received Import Request.
  Time since last request: 0.000017 seconds.
  path: Assets/Models/FBX format/terrain_roadEnd.fbx
  artifactKey: Guid(9d3bc22ff64bed248a90c660dd1f6c5f) Importer(815301076,1909f56bfc062723c751e8b465ee728b)
Start importing Assets/Models/FBX format/terrain_roadEnd.fbx using Guid(9d3bc22ff64bed248a90c660dd1f6c5f) Importer(815301076,1909f56bfc062723c751e8b465ee728b)  -> (artifact id: 'dd022b3b2e5b65bf236b45519d4b4333') in 0.024693 seconds
Number of updated asset objects reloaded before import = 0
Number of asset objects unloaded after import = 9
========================================================================
Received Import Request.
  Time since last request: 0.270884 seconds.
  path: Assets/Models/FBX format/turret_double.fbx
  artifactKey: Guid(e20fd93d3d528c14499f3b8f484b3426) Importer(815301076,1909f56bfc062723c751e8b465ee728b)
Start importing Assets/Models/FBX format/turret_double.fbx using Guid(e20fd93d3d528c14499f3b8f484b3426) Importer(815301076,1909f56bfc062723c751e8b465ee728b)  -> (artifact id: '2dccee6e1379e0e7abd89eadcda27ec7') in 0.043178 seconds
Number of updated asset objects reloaded before import = 0
Number of asset objects unloaded after import = 16
Editor requested this worker to shutdown with reason: Scaling down because of idle timeout
TcpMessagingSession - receive error: operation aborted. errorcode: 995, details: The I/O operation has been aborted because of either a thread exit or an application request.
AssetImportWorker is now disconnected from the server
Process exiting
Exiting without the bug reporter. Application will terminate with return code 0