Using pre-set license
Built from '2022.3/staging' branch; Version is '2022.3.8f1 (b5eafc012955) revision 11922172'; Using compiler version '192829333'; Build Type 'Release'
OS: 'Windows 10  (10.0.19045) 64bit Enterprise' Language: 'en' Physical Memory: 32467 MB
BatchMode: 1, IsHumanControllingUs: 0, StartBugReporterOnCrash: 0, Is64bit: 1, IsPro: 1

COMMAND LINE ARGUMENTS:
C:\Program Files\Unity\Hub\Editor\2022.3.8f1\Editor\Unity.exe
-adb2
-batchMode
-noUpm
-name
AssetImportWorker12
-projectPath
C:/Users/chenyufe/Documents/Rekordny_Github/RacerGame
-logFile
Logs/AssetImportWorker12.log
-srvPort
54047
Successfully changed project path to: C:/Users/chenyufe/Documents/Rekordny_Github/RacerGame
C:/Users/chenyufe/Documents/Rekordny_Github/RacerGame
[UnityMemory] Configuration Parameters - Can be set up in boot.config
    "memorysetup-bucket-allocator-granularity=16"
    "memorysetup-bucket-allocator-bucket-count=8"
    "memorysetup-bucket-allocator-block-size=33554432"
    "memorysetup-bucket-allocator-block-count=8"
    "memorysetup-main-allocator-block-size=16777216"
    "memorysetup-thread-allocator-block-size=16777216"
    "memorysetup-gfx-main-allocator-block-size=16777216"
    "memorysetup-gfx-thread-allocator-block-size=16777216"
    "memorysetup-cache-allocator-block-size=4194304"
    "memorysetup-typetree-allocator-block-size=2097152"
    "memorysetup-profiler-bucket-allocator-granularity=16"
    "memorysetup-profiler-bucket-allocator-bucket-count=8"
    "memorysetup-profiler-bucket-allocator-block-size=33554432"
    "memorysetup-profiler-bucket-allocator-block-count=8"
    "memorysetup-profiler-allocator-block-size=16777216"
    "memorysetup-profiler-editor-allocator-block-size=1048576"
    "memorysetup-temp-allocator-size-main=16777216"
    "memorysetup-job-temp-allocator-block-size=2097152"
    "memorysetup-job-temp-allocator-block-size-background=1048576"
    "memorysetup-job-temp-allocator-reduction-small-platforms=262144"
    "memorysetup-allocator-temp-initial-block-size-main=262144"
    "memorysetup-allocator-temp-initial-block-size-worker=262144"
    "memorysetup-temp-allocator-size-background-worker=32768"
    "memorysetup-temp-allocator-size-job-worker=262144"
    "memorysetup-temp-allocator-size-preload-manager=33554432"
    "memorysetup-temp-allocator-size-nav-mesh-worker=65536"
    "memorysetup-temp-allocator-size-audio-worker=65536"
    "memorysetup-temp-allocator-size-cloud-worker=32768"
    "memorysetup-temp-allocator-size-gi-baking-worker=262144"
    "memorysetup-temp-allocator-size-gfx=262144"
Player connection [27672] Host "[IP] 142.55.42.89 [Port] 0 [Flags] 2 [Guid] 3702903176 [EditorId] 3702903176 [Version] 1048832 [Id] WindowsEditor(7,oa-s142-23) [Debug] 1 [PackageName] WindowsEditor [ProjectName] Editor" joined multi-casting on [225.0.0.222:54997]...

Player connection [27672] Host "[IP] 142.55.42.89 [Port] 0 [Flags] 2 [Guid] 3702903176 [EditorId] 3702903176 [Version] 1048832 [Id] WindowsEditor(7,oa-s142-23) [Debug] 1 [PackageName] WindowsEditor [ProjectName] Editor" joined alternative multi-casting on [225.0.0.222:34997]...

[Physics::Module] Initialized MultithreadedJobDispatcher with 23 workers.
Refreshing native plugins compatible for Editor in 8.42 ms, found 2 plugins.
Preloading 0 native plugins for Editor in 0.00 ms.
Initialize engine version: 2022.3.8f1 (b5eafc012955)
[Subsystems] Discovering subsystems at path C:/Program Files/Unity/Hub/Editor/2022.3.8f1/Editor/Data/Resources/UnitySubsystems
[Subsystems] Discovering subsystems at path C:/Users/chenyufe/Documents/Rekordny_Github/RacerGame/Assets
GfxDevice: creating device client; threaded=0; jobified=0
Direct3D:
    Version:  Direct3D 11.0 [level 11.1]
    Renderer: NVIDIA GeForce GTX 1080 Ti (ID=0x1b06)
    Vendor:   NVIDIA
    VRAM:     11120 MB
    Driver:   31.0.15.3713
Initialize mono
Mono path[0] = 'C:/Program Files/Unity/Hub/Editor/2022.3.8f1/Editor/Data/Managed'
Mono path[1] = 'C:/Program Files/Unity/Hub/Editor/2022.3.8f1/Editor/Data/MonoBleedingEdge/lib/mono/unityjit-win32'
Mono config path = 'C:/Program Files/Unity/Hub/Editor/2022.3.8f1/Editor/Data/MonoBleedingEdge/etc'
Using monoOptions --debugger-agent=transport=dt_socket,embedding=1,server=y,suspend=n,address=127.0.0.1:56288
Begin MonoManager ReloadAssembly
Registering precompiled unity dll's ...
Register platform support module: C:/Program Files/Unity/Hub/Editor/2022.3.8f1/Editor/Data/PlaybackEngines/WebGLSupport/UnityEditor.WebGL.Extensions.dll
Register platform support module: C:/Program Files/Unity/Hub/Editor/2022.3.8f1/Editor/Data/PlaybackEngines/AndroidPlayer/UnityEditor.Android.Extensions.dll
Register platform support module: C:/Program Files/Unity/Hub/Editor/2022.3.8f1/Editor/Data/PlaybackEngines/WindowsStandaloneSupport/UnityEditor.WindowsStandalone.Extensions.dll
Registered in 0.022920 seconds.
- Loaded All Assemblies, in  0.588 seconds
Native extension for WindowsStandalone target not found
Native extension for Android target not found
Android Extension - Scanning For ADB Devices 1194 ms
Native extension for WebGL target not found
Mono: successfully reloaded assembly
- Finished resetting the current domain, in  1.671 seconds
Domain Reload Profiling: 2256ms
	BeginReloadAssembly (179ms)
		ExecutionOrderSort (0ms)
		DisableScriptedObjects (0ms)
		BackupInstance (0ms)
		ReleaseScriptingObjects (0ms)
		CreateAndSetChildDomain (1ms)
	RebuildCommonClasses (54ms)
	RebuildNativeTypeToScriptingClass (16ms)
	initialDomainReloadingComplete (96ms)
	LoadAllAssembliesAndSetupDomain (238ms)
		LoadAssemblies (178ms)
		RebuildTransferFunctionScriptingTraits (0ms)
		AnalyzeDomain (234ms)
			TypeCache.Refresh (231ms)
				TypeCache.ScanAssembly (211ms)
			ScanForSourceGeneratedMonoScriptInfo (1ms)
			ResolveRequiredComponents (1ms)
	FinalizeReload (1671ms)
		ReleaseScriptCaches (0ms)
		RebuildScriptCaches (0ms)
		SetupLoadedEditorAssemblies (1589ms)
			LogAssemblyErrors (0ms)
			InitializePlatformSupportModulesInManaged (1370ms)
			SetLoadedEditorAssemblies (4ms)
			RefreshPlugins (0ms)
			BeforeProcessingInitializeOnLoad (3ms)
			ProcessInitializeOnLoadAttributes (138ms)
			ProcessInitializeOnLoadMethodAttributes (74ms)
			AfterProcessingInitializeOnLoad (0ms)
			EditorAssembliesLoaded (0ms)
		ExecutionOrderSort2 (0ms)
		AwakeInstancesAfterBackupRestoration (0ms)
========================================================================
Worker process is ready to serve import requests
Begin MonoManager ReloadAssembly
- Loaded All Assemblies, in  0.788 seconds
Refreshing native plugins compatible for Editor in 4.17 ms, found 2 plugins.
Native extension for WindowsStandalone target not found
Native extension for Android target not found
Native extension for WebGL target not found
Package Manager log level set to [2]
[Package Manager] Server::EnsureServerProcessIsRunning -- launch failed, reason: Unity was launched with the -noUpm command-line argument
[Package Manager] UpmClient::Send -- Unable to send message (not connected to UPM process).
[Package Manager] Cannot connect to Unity Package Manager local server
Mono: successfully reloaded assembly
- Finished resetting the current domain, in  0.766 seconds
Domain Reload Profiling: 1550ms
	BeginReloadAssembly (243ms)
		ExecutionOrderSort (0ms)
		DisableScriptedObjects (8ms)
		BackupInstance (0ms)
		ReleaseScriptingObjects (0ms)
		CreateAndSetChildDomain (35ms)
	RebuildCommonClasses (62ms)
	RebuildNativeTypeToScriptingClass (16ms)
	initialDomainReloadingComplete (62ms)
	LoadAllAssembliesAndSetupDomain (400ms)
		LoadAssemblies (403ms)
		RebuildTransferFunctionScriptingTraits (0ms)
		AnalyzeDomain (147ms)
			TypeCache.Refresh (128ms)
				TypeCache.ScanAssembly (105ms)
			ScanForSourceGeneratedMonoScriptInfo (12ms)
			ResolveRequiredComponents (5ms)
	FinalizeReload (767ms)
		ReleaseScriptCaches (0ms)
		RebuildScriptCaches (0ms)
		SetupLoadedEditorAssemblies (530ms)
			LogAssemblyErrors (0ms)
			InitializePlatformSupportModulesInManaged (38ms)
			SetLoadedEditorAssemblies (4ms)
			RefreshPlugins (0ms)
			BeforeProcessingInitializeOnLoad (70ms)
			ProcessInitializeOnLoadAttributes (382ms)
			ProcessInitializeOnLoadMethodAttributes (23ms)
			AfterProcessingInitializeOnLoad (13ms)
			EditorAssembliesLoaded (0ms)
		ExecutionOrderSort2 (0ms)
		AwakeInstancesAfterBackupRestoration (16ms)
Launched and connected shader compiler UnityShaderCompiler.exe after 0.16 seconds
Refreshing native plugins compatible for Editor in 7.38 ms, found 2 plugins.
Preloading 0 native plugins for Editor in 0.00 ms.
Unloading 1574 Unused Serialized files (Serialized files now loaded: 0)
Unloading 34 unused Assets / (130.0 KB). Loaded Objects now: 2046.
Memory consumption went from 92.1 MB to 91.9 MB.
Total: 6.962800 ms (FindLiveObjects: 0.245500 ms CreateObjectMapping: 0.121100 ms MarkObjects: 6.246100 ms  DeleteObjects: 0.349100 ms)

AssetImportParameters requested are different than current active one (requested -> active):
  custom:video-decoder-webm-vp8: 9c59270c3fd7afecdb556c50c9e8de78 -> 
  custom:SearchIndexIgnoredProperties: e643bd26f0fe6173181afceb89e7c659 -> 
  custom:container-demuxer-ogg: 62fdf1f143b41e24485cea50d1cbac27 -> 
  custom:AudioImporter_EditorPlatform: d09bf68614088b80899f8185d706f6e7 -> 
  custom:video-decoder-ogg-theora: a1e56fd34408186e4bbccfd4996cb3dc -> 
  custom:framework-win-MediaFoundation: 216162199b28c13a410421893ffa2e32 -> 
  custom:video-encoder-webm-vp8: eb34c28f22e8b96e1ab97ce403110664 -> 
  custom:audio-decoder-ogg-vorbis: bf7c407c2cedff20999df2af8eb42d56 -> 
  custom:CustomObjectIndexerAttribute: 756ad292c208cfabdd7b50bc23989ffe -> 
  custom:container-demuxer-webm: 4f35f7cbe854078d1ac9338744f61a02 -> 
  custom:audio-encoder-webm-vorbis: bf7c407c2cedff20999df2af8eb42d56 -> 
  custom:container-muxer-webm: aa71ff27fc2769a1b78a27578f13a17b -> 
========================================================================
Received Prepare
Begin MonoManager ReloadAssembly
- Loaded All Assemblies, in  0.760 seconds
Refreshing native plugins compatible for Editor in 3.49 ms, found 2 plugins.
Native extension for WindowsStandalone target not found
Native extension for Android target not found
Native extension for WebGL target not found
[Package Manager] Server::EnsureServerProcessIsRunning -- launch failed, reason: Unity was launched with the -noUpm command-line argument
[Package Manager] UpmClient::Send -- Unable to send message (not connected to UPM process).
[Package Manager] Cannot connect to Unity Package Manager local server
Mono: successfully reloaded assembly
- Finished resetting the current domain, in  1.218 seconds
Domain Reload Profiling: 1974ms
	BeginReloadAssembly (426ms)
		ExecutionOrderSort (0ms)
		DisableScriptedObjects (8ms)
		BackupInstance (0ms)
		ReleaseScriptingObjects (0ms)
		CreateAndSetChildDomain (43ms)
	RebuildCommonClasses (45ms)
	RebuildNativeTypeToScriptingClass (21ms)
	initialDomainReloadingComplete (42ms)
	LoadAllAssembliesAndSetupDomain (220ms)
		LoadAssemblies (328ms)
		RebuildTransferFunctionScriptingTraits (0ms)
		AnalyzeDomain (17ms)
			TypeCache.Refresh (8ms)
				TypeCache.ScanAssembly (0ms)
			ScanForSourceGeneratedMonoScriptInfo (0ms)
			ResolveRequiredComponents (7ms)
	FinalizeReload (1218ms)
		ReleaseScriptCaches (0ms)
		RebuildScriptCaches (0ms)
		SetupLoadedEditorAssemblies (567ms)
			LogAssemblyErrors (0ms)
			InitializePlatformSupportModulesInManaged (44ms)
			SetLoadedEditorAssemblies (4ms)
			RefreshPlugins (0ms)
			BeforeProcessingInitializeOnLoad (74ms)
			ProcessInitializeOnLoadAttributes (406ms)
			ProcessInitializeOnLoadMethodAttributes (25ms)
			AfterProcessingInitializeOnLoad (14ms)
			EditorAssembliesLoaded (0ms)
		ExecutionOrderSort2 (0ms)
		AwakeInstancesAfterBackupRestoration (14ms)
Refreshing native plugins compatible for Editor in 5.56 ms, found 2 plugins.
Preloading 0 native plugins for Editor in 0.00 ms.
Unloading 1553 Unused Serialized files (Serialized files now loaded: 0)
Unloading 29 unused Assets / (98.8 KB). Loaded Objects now: 2049.
Memory consumption went from 86.9 MB to 86.8 MB.
Total: 4.171900 ms (FindLiveObjects: 0.208000 ms CreateObjectMapping: 0.070900 ms MarkObjects: 3.818400 ms  DeleteObjects: 0.073500 ms)

Prepare: number of updated asset objects reloaded= 0
AssetImportParameters requested are different than current active one (requested -> active):
  custom:video-decoder-webm-vp8: 9c59270c3fd7afecdb556c50c9e8de78 -> 
  custom:SearchIndexIgnoredProperties: e643bd26f0fe6173181afceb89e7c659 -> 
  custom:container-demuxer-ogg: 62fdf1f143b41e24485cea50d1cbac27 -> 
  custom:AudioImporter_EditorPlatform: d09bf68614088b80899f8185d706f6e7 -> 
  custom:video-decoder-ogg-theora: a1e56fd34408186e4bbccfd4996cb3dc -> 
  custom:framework-win-MediaFoundation: 216162199b28c13a410421893ffa2e32 -> 
  custom:video-encoder-webm-vp8: eb34c28f22e8b96e1ab97ce403110664 -> 
  custom:audio-decoder-ogg-vorbis: bf7c407c2cedff20999df2af8eb42d56 -> 
  custom:CustomObjectIndexerAttribute: 756ad292c208cfabdd7b50bc23989ffe -> 
  custom:container-demuxer-webm: 4f35f7cbe854078d1ac9338744f61a02 -> 
  custom:audio-encoder-webm-vorbis: bf7c407c2cedff20999df2af8eb42d56 -> 
  custom:container-muxer-webm: aa71ff27fc2769a1b78a27578f13a17b -> 
========================================================================
Received Prepare
Begin MonoManager ReloadAssembly
- Loaded All Assemblies, in  0.724 seconds
Refreshing native plugins compatible for Editor in 3.88 ms, found 2 plugins.
Native extension for WindowsStandalone target not found
Native extension for Android target not found
Native extension for WebGL target not found
[Package Manager] Server::EnsureServerProcessIsRunning -- launch failed, reason: Unity was launched with the -noUpm command-line argument
[Package Manager] UpmClient::Send -- Unable to send message (not connected to UPM process).
[Package Manager] Cannot connect to Unity Package Manager local server
Mono: successfully reloaded assembly
- Finished resetting the current domain, in  1.121 seconds
Domain Reload Profiling: 1842ms
	BeginReloadAssembly (409ms)
		ExecutionOrderSort (0ms)
		DisableScriptedObjects (7ms)
		BackupInstance (0ms)
		ReleaseScriptingObjects (0ms)
		CreateAndSetChildDomain (39ms)
	RebuildCommonClasses (45ms)
	RebuildNativeTypeToScriptingClass (17ms)
	initialDomainReloadingComplete (41ms)
	LoadAllAssembliesAndSetupDomain (208ms)
		LoadAssemblies (318ms)
		RebuildTransferFunctionScriptingTraits (0ms)
		AnalyzeDomain (13ms)
			TypeCache.Refresh (6ms)
				TypeCache.ScanAssembly (0ms)
			ScanForSourceGeneratedMonoScriptInfo (0ms)
			ResolveRequiredComponents (5ms)
	FinalizeReload (1122ms)
		ReleaseScriptCaches (0ms)
		RebuildScriptCaches (0ms)
		SetupLoadedEditorAssemblies (518ms)
			LogAssemblyErrors (0ms)
			InitializePlatformSupportModulesInManaged (43ms)
			SetLoadedEditorAssemblies (4ms)
			RefreshPlugins (0ms)
			BeforeProcessingInitializeOnLoad (74ms)
			ProcessInitializeOnLoadAttributes (357ms)
			ProcessInitializeOnLoadMethodAttributes (27ms)
			AfterProcessingInitializeOnLoad (12ms)
			EditorAssembliesLoaded (0ms)
		ExecutionOrderSort2 (0ms)
		AwakeInstancesAfterBackupRestoration (15ms)
Refreshing native plugins compatible for Editor in 5.11 ms, found 2 plugins.
Preloading 0 native plugins for Editor in 0.00 ms.
Unloading 1553 Unused Serialized files (Serialized files now loaded: 0)
Unloading 29 unused Assets / (98.7 KB). Loaded Objects now: 2052.
Memory consumption went from 86.9 MB to 86.8 MB.
Total: 4.027800 ms (FindLiveObjects: 0.257000 ms CreateObjectMapping: 0.147800 ms MarkObjects: 3.552500 ms  DeleteObjects: 0.069300 ms)

Prepare: number of updated asset objects reloaded= 0
AssetImportParameters requested are different than current active one (requested -> active):
  custom:video-decoder-webm-vp8: 9c59270c3fd7afecdb556c50c9e8de78 -> 
  custom:SearchIndexIgnoredProperties: e643bd26f0fe6173181afceb89e7c659 -> 
  custom:container-demuxer-ogg: 62fdf1f143b41e24485cea50d1cbac27 -> 
  custom:AudioImporter_EditorPlatform: d09bf68614088b80899f8185d706f6e7 -> 
  custom:video-decoder-ogg-theora: a1e56fd34408186e4bbccfd4996cb3dc -> 
  custom:framework-win-MediaFoundation: 216162199b28c13a410421893ffa2e32 -> 
  custom:video-encoder-webm-vp8: eb34c28f22e8b96e1ab97ce403110664 -> 
  custom:audio-decoder-ogg-vorbis: bf7c407c2cedff20999df2af8eb42d56 -> 
  custom:CustomObjectIndexerAttribute: 756ad292c208cfabdd7b50bc23989ffe -> 
  custom:container-demuxer-webm: 4f35f7cbe854078d1ac9338744f61a02 -> 
  custom:audio-encoder-webm-vorbis: bf7c407c2cedff20999df2af8eb42d56 -> 
  custom:container-muxer-webm: aa71ff27fc2769a1b78a27578f13a17b -> 
========================================================================
Received Prepare
Begin MonoManager ReloadAssembly
- Loaded All Assemblies, in  0.729 seconds
Refreshing native plugins compatible for Editor in 3.40 ms, found 2 plugins.
Native extension for WindowsStandalone target not found
Native extension for Android target not found
Native extension for WebGL target not found
[Package Manager] Server::EnsureServerProcessIsRunning -- launch failed, reason: Unity was launched with the -noUpm command-line argument
[Package Manager] UpmClient::Send -- Unable to send message (not connected to UPM process).
[Package Manager] Cannot connect to Unity Package Manager local server
Mono: successfully reloaded assembly
- Finished resetting the current domain, in  1.232 seconds
Domain Reload Profiling: 1957ms
	BeginReloadAssembly (421ms)
		ExecutionOrderSort (0ms)
		DisableScriptedObjects (7ms)
		BackupInstance (0ms)
		ReleaseScriptingObjects (0ms)
		CreateAndSetChildDomain (43ms)
	RebuildCommonClasses (52ms)
	RebuildNativeTypeToScriptingClass (16ms)
	initialDomainReloadingComplete (37ms)
	LoadAllAssembliesAndSetupDomain (199ms)
		LoadAssemblies (318ms)
		RebuildTransferFunctionScriptingTraits (0ms)
		AnalyzeDomain (12ms)
			TypeCache.Refresh (6ms)
				TypeCache.ScanAssembly (0ms)
			ScanForSourceGeneratedMonoScriptInfo (0ms)
			ResolveRequiredComponents (5ms)
	FinalizeReload (1233ms)
		ReleaseScriptCaches (0ms)
		RebuildScriptCaches (0ms)
		SetupLoadedEditorAssemblies (562ms)
			LogAssemblyErrors (0ms)
			InitializePlatformSupportModulesInManaged (43ms)
			SetLoadedEditorAssemblies (4ms)
			RefreshPlugins (0ms)
			BeforeProcessingInitializeOnLoad (77ms)
			ProcessInitializeOnLoadAttributes (399ms)
			ProcessInitializeOnLoadMethodAttributes (27ms)
			AfterProcessingInitializeOnLoad (12ms)
			EditorAssembliesLoaded (0ms)
		ExecutionOrderSort2 (0ms)
		AwakeInstancesAfterBackupRestoration (15ms)
Refreshing native plugins compatible for Editor in 6.14 ms, found 2 plugins.
Preloading 0 native plugins for Editor in 0.00 ms.
Unloading 1553 Unused Serialized files (Serialized files now loaded: 0)
Unloading 29 unused Assets / (98.7 KB). Loaded Objects now: 2055.
Memory consumption went from 86.9 MB to 86.8 MB.
Total: 4.191400 ms (FindLiveObjects: 0.202000 ms CreateObjectMapping: 0.061100 ms MarkObjects: 3.854200 ms  DeleteObjects: 0.073100 ms)

Prepare: number of updated asset objects reloaded= 0
AssetImportParameters requested are different than current active one (requested -> active):
  custom:video-decoder-webm-vp8: 9c59270c3fd7afecdb556c50c9e8de78 -> 
  custom:SearchIndexIgnoredProperties: e643bd26f0fe6173181afceb89e7c659 -> 
  custom:container-demuxer-ogg: 62fdf1f143b41e24485cea50d1cbac27 -> 
  custom:AudioImporter_EditorPlatform: d09bf68614088b80899f8185d706f6e7 -> 
  custom:video-decoder-ogg-theora: a1e56fd34408186e4bbccfd4996cb3dc -> 
  custom:framework-win-MediaFoundation: 216162199b28c13a410421893ffa2e32 -> 
  custom:video-encoder-webm-vp8: eb34c28f22e8b96e1ab97ce403110664 -> 
  custom:audio-decoder-ogg-vorbis: bf7c407c2cedff20999df2af8eb42d56 -> 
  custom:CustomObjectIndexerAttribute: 756ad292c208cfabdd7b50bc23989ffe -> 
  custom:container-demuxer-webm: 4f35f7cbe854078d1ac9338744f61a02 -> 
  custom:audio-encoder-webm-vorbis: bf7c407c2cedff20999df2af8eb42d56 -> 
  custom:container-muxer-webm: aa71ff27fc2769a1b78a27578f13a17b -> 
========================================================================
Received Prepare
Begin MonoManager ReloadAssembly
- Loaded All Assemblies, in  0.719 seconds
Refreshing native plugins compatible for Editor in 3.41 ms, found 2 plugins.
Native extension for WindowsStandalone target not found
Native extension for Android target not found
Native extension for WebGL target not found
[Package Manager] Server::EnsureServerProcessIsRunning -- launch failed, reason: Unity was launched with the -noUpm command-line argument
[Package Manager] UpmClient::Send -- Unable to send message (not connected to UPM process).
[Package Manager] Cannot connect to Unity Package Manager local server
Mono: successfully reloaded assembly
- Finished resetting the current domain, in  1.226 seconds
Domain Reload Profiling: 1942ms
	BeginReloadAssembly (407ms)
		ExecutionOrderSort (0ms)
		DisableScriptedObjects (7ms)
		BackupInstance (0ms)
		ReleaseScriptingObjects (0ms)
		CreateAndSetChildDomain (38ms)
	RebuildCommonClasses (46ms)
	RebuildNativeTypeToScriptingClass (16ms)
	initialDomainReloadingComplete (37ms)
	LoadAllAssembliesAndSetupDomain (211ms)
		LoadAssemblies (324ms)
		RebuildTransferFunctionScriptingTraits (0ms)
		AnalyzeDomain (14ms)
			TypeCache.Refresh (7ms)
				TypeCache.ScanAssembly (0ms)
			ScanForSourceGeneratedMonoScriptInfo (0ms)
			ResolveRequiredComponents (6ms)
	FinalizeReload (1227ms)
		ReleaseScriptCaches (0ms)
		RebuildScriptCaches (0ms)
		SetupLoadedEditorAssemblies (573ms)
			LogAssemblyErrors (0ms)
			InitializePlatformSupportModulesInManaged (43ms)
			SetLoadedEditorAssemblies (4ms)
			RefreshPlugins (0ms)
			BeforeProcessingInitializeOnLoad (75ms)
			ProcessInitializeOnLoadAttributes (414ms)
			ProcessInitializeOnLoadMethodAttributes (25ms)
			AfterProcessingInitializeOnLoad (12ms)
			EditorAssembliesLoaded (0ms)
		ExecutionOrderSort2 (0ms)
		AwakeInstancesAfterBackupRestoration (14ms)
Refreshing native plugins compatible for Editor in 5.13 ms, found 2 plugins.
Preloading 0 native plugins for Editor in 0.00 ms.
Unloading 1553 Unused Serialized files (Serialized files now loaded: 0)
Unloading 29 unused Assets / (98.7 KB). Loaded Objects now: 2058.
Memory consumption went from 86.9 MB to 86.8 MB.
Total: 3.956100 ms (FindLiveObjects: 0.205300 ms CreateObjectMapping: 0.067000 ms MarkObjects: 3.608700 ms  DeleteObjects: 0.074000 ms)

Prepare: number of updated asset objects reloaded= 0
AssetImportParameters requested are different than current active one (requested -> active):
  custom:video-decoder-webm-vp8: 9c59270c3fd7afecdb556c50c9e8de78 -> 
  custom:SearchIndexIgnoredProperties: e643bd26f0fe6173181afceb89e7c659 -> 
  custom:container-demuxer-ogg: 62fdf1f143b41e24485cea50d1cbac27 -> 
  custom:AudioImporter_EditorPlatform: d09bf68614088b80899f8185d706f6e7 -> 
  custom:video-decoder-ogg-theora: a1e56fd34408186e4bbccfd4996cb3dc -> 
  custom:framework-win-MediaFoundation: 216162199b28c13a410421893ffa2e32 -> 
  custom:video-encoder-webm-vp8: eb34c28f22e8b96e1ab97ce403110664 -> 
  custom:audio-decoder-ogg-vorbis: bf7c407c2cedff20999df2af8eb42d56 -> 
  custom:CustomObjectIndexerAttribute: 756ad292c208cfabdd7b50bc23989ffe -> 
  custom:container-demuxer-webm: 4f35f7cbe854078d1ac9338744f61a02 -> 
  custom:audio-encoder-webm-vorbis: bf7c407c2cedff20999df2af8eb42d56 -> 
  custom:container-muxer-webm: aa71ff27fc2769a1b78a27578f13a17b -> 
========================================================================
Received Import Request.
  Time since last request: 81123.495357 seconds.
  path: Assets/Assets/Tracks/Track_05.fbx
  artifactKey: Guid(93ea70cec4a73364a8f97d684588d53e) Importer(815301076,1909f56bfc062723c751e8b465ee728b)
Start importing Assets/Assets/Tracks/Track_05.fbx using Guid(93ea70cec4a73364a8f97d684588d53e) Importer(815301076,1909f56bfc062723c751e8b465ee728b)  -> (artifact id: '9b0009193724ecbbe06c942dc59a6e6c') in 2.255035 seconds
Number of updated asset objects reloaded before import = 0
Number of asset objects unloaded after import = 1221
========================================================================
Received Import Request.
  Time since last request: 1784.796917 seconds.
  path: Assets/Assets/Tracks/Track_05.fbx
  artifactKey: Guid(93ea70cec4a73364a8f97d684588d53e) Importer(815301076,1909f56bfc062723c751e8b465ee728b)
Start importing Assets/Assets/Tracks/Track_05.fbx using Guid(93ea70cec4a73364a8f97d684588d53e) Importer(815301076,1909f56bfc062723c751e8b465ee728b)  -> (artifact id: 'a3a58d3c861fcaf4a7c205bf12328687') in 1.878604 seconds
Number of updated asset objects reloaded before import = 0
Number of asset objects unloaded after import = 1462
========================================================================
Received Prepare
Begin MonoManager ReloadAssembly
- Loaded All Assemblies, in  0.737 seconds
Refreshing native plugins compatible for Editor in 3.57 ms, found 2 plugins.
Native extension for WindowsStandalone target not found
Native extension for Android target not found
Native extension for WebGL target not found
[Package Manager] Server::EnsureServerProcessIsRunning -- launch failed, reason: Unity was launched with the -noUpm command-line argument
[Package Manager] UpmClient::Send -- Unable to send message (not connected to UPM process).
[Package Manager] Cannot connect to Unity Package Manager local server
Mono: successfully reloaded assembly
- Finished resetting the current domain, in  1.184 seconds
Domain Reload Profiling: 1918ms
	BeginReloadAssembly (415ms)
		ExecutionOrderSort (0ms)
		DisableScriptedObjects (5ms)
		BackupInstance (0ms)
		ReleaseScriptingObjects (0ms)
		CreateAndSetChildDomain (44ms)
	RebuildCommonClasses (47ms)
	RebuildNativeTypeToScriptingClass (16ms)
	initialDomainReloadingComplete (43ms)
	LoadAllAssembliesAndSetupDomain (211ms)
		LoadAssemblies (322ms)
		RebuildTransferFunctionScriptingTraits (0ms)
		AnalyzeDomain (14ms)
			TypeCache.Refresh (6ms)
				TypeCache.ScanAssembly (0ms)
			ScanForSourceGeneratedMonoScriptInfo (0ms)
			ResolveRequiredComponents (6ms)
	FinalizeReload (1185ms)
		ReleaseScriptCaches (0ms)
		RebuildScriptCaches (0ms)
		SetupLoadedEditorAssemblies (564ms)
			LogAssemblyErrors (0ms)
			InitializePlatformSupportModulesInManaged (47ms)
			SetLoadedEditorAssemblies (5ms)
			RefreshPlugins (0ms)
			BeforeProcessingInitializeOnLoad (75ms)
			ProcessInitializeOnLoadAttributes (400ms)
			ProcessInitializeOnLoadMethodAttributes (24ms)
			AfterProcessingInitializeOnLoad (13ms)
			EditorAssembliesLoaded (0ms)
		ExecutionOrderSort2 (0ms)
		AwakeInstancesAfterBackupRestoration (16ms)
Refreshing native plugins compatible for Editor in 6.03 ms, found 2 plugins.
Preloading 0 native plugins for Editor in 0.00 ms.
Unloading 1553 Unused Serialized files (Serialized files now loaded: 0)
Unloading 29 unused Assets / (98.7 KB). Loaded Objects now: 2104.
Memory consumption went from 88.9 MB to 88.8 MB.
Total: 4.109800 ms (FindLiveObjects: 0.207200 ms CreateObjectMapping: 0.064600 ms MarkObjects: 3.761500 ms  DeleteObjects: 0.075500 ms)

Prepare: number of updated asset objects reloaded= 0
AssetImportParameters requested are different than current active one (requested -> active):
  custom:video-decoder-webm-vp8: 9c59270c3fd7afecdb556c50c9e8de78 -> 
  custom:SearchIndexIgnoredProperties: e643bd26f0fe6173181afceb89e7c659 -> 
  custom:container-demuxer-ogg: 62fdf1f143b41e24485cea50d1cbac27 -> 
  custom:AudioImporter_EditorPlatform: d09bf68614088b80899f8185d706f6e7 -> 
  custom:video-decoder-ogg-theora: a1e56fd34408186e4bbccfd4996cb3dc -> 
  custom:framework-win-MediaFoundation: 216162199b28c13a410421893ffa2e32 -> 
  custom:video-encoder-webm-vp8: eb34c28f22e8b96e1ab97ce403110664 -> 
  custom:audio-decoder-ogg-vorbis: bf7c407c2cedff20999df2af8eb42d56 -> 
  custom:CustomObjectIndexerAttribute: 756ad292c208cfabdd7b50bc23989ffe -> 
  custom:container-demuxer-webm: 4f35f7cbe854078d1ac9338744f61a02 -> 
  custom:audio-encoder-webm-vorbis: bf7c407c2cedff20999df2af8eb42d56 -> 
  custom:container-muxer-webm: aa71ff27fc2769a1b78a27578f13a17b -> 
========================================================================
Received Import Request.
  Time since last request: 49.125833 seconds.
  path: ProjectSettings/TagManager.asset
  artifactKey: Guid(00000000000000003000000000000000) Importer(815301076,1909f56bfc062723c751e8b465ee728b)
Start importing ProjectSettings/TagManager.asset using Guid(00000000000000003000000000000000) Importer(815301076,1909f56bfc062723c751e8b465ee728b)  -> (artifact id: 'b8fb5e967f285a5e39f55bdb3d75f71b') in 0.017043 seconds
Number of updated asset objects reloaded before import = 0
Number of asset objects unloaded after import = 0
========================================================================
Received Prepare
Begin MonoManager ReloadAssembly
- Loaded All Assemblies, in  0.724 seconds
Refreshing native plugins compatible for Editor in 3.67 ms, found 2 plugins.
Native extension for WindowsStandalone target not found
Native extension for Android target not found
Native extension for WebGL target not found
[Package Manager] Server::EnsureServerProcessIsRunning -- launch failed, reason: Unity was launched with the -noUpm command-line argument
[Package Manager] UpmClient::Send -- Unable to send message (not connected to UPM process).
[Package Manager] Cannot connect to Unity Package Manager local server
Mono: successfully reloaded assembly
- Finished resetting the current domain, in  1.233 seconds
Domain Reload Profiling: 1954ms
	BeginReloadAssembly (415ms)
		ExecutionOrderSort (0ms)
		DisableScriptedObjects (7ms)
		BackupInstance (0ms)
		ReleaseScriptingObjects (0ms)
		CreateAndSetChildDomain (39ms)
	RebuildCommonClasses (45ms)
	RebuildNativeTypeToScriptingClass (16ms)
	initialDomainReloadingComplete (38ms)
	LoadAllAssembliesAndSetupDomain (207ms)
		LoadAssemblies (319ms)
		RebuildTransferFunctionScriptingTraits (0ms)
		AnalyzeDomain (12ms)
			TypeCache.Refresh (6ms)
				TypeCache.ScanAssembly (0ms)
			ScanForSourceGeneratedMonoScriptInfo (0ms)
			ResolveRequiredComponents (5ms)
	FinalizeReload (1233ms)
		ReleaseScriptCaches (0ms)
		RebuildScriptCaches (0ms)
		SetupLoadedEditorAssemblies (568ms)
			LogAssemblyErrors (0ms)
			InitializePlatformSupportModulesInManaged (42ms)
			SetLoadedEditorAssemblies (4ms)
			RefreshPlugins (0ms)
			BeforeProcessingInitializeOnLoad (74ms)
			ProcessInitializeOnLoadAttributes (406ms)
			ProcessInitializeOnLoadMethodAttributes (28ms)
			AfterProcessingInitializeOnLoad (13ms)
			EditorAssembliesLoaded (0ms)
		ExecutionOrderSort2 (0ms)
		AwakeInstancesAfterBackupRestoration (15ms)
Refreshing native plugins compatible for Editor in 5.45 ms, found 2 plugins.
Preloading 0 native plugins for Editor in 0.00 ms.
Unloading 1553 Unused Serialized files (Serialized files now loaded: 0)
Unloading 29 unused Assets / (98.8 KB). Loaded Objects now: 2107.
Memory consumption went from 88.9 MB to 88.8 MB.
Total: 3.795200 ms (FindLiveObjects: 0.205200 ms CreateObjectMapping: 0.060300 ms MarkObjects: 3.455200 ms  DeleteObjects: 0.073500 ms)

Prepare: number of updated asset objects reloaded= 0
AssetImportParameters requested are different than current active one (requested -> active):
  custom:video-decoder-webm-vp8: 9c59270c3fd7afecdb556c50c9e8de78 -> 
  custom:SearchIndexIgnoredProperties: e643bd26f0fe6173181afceb89e7c659 -> 
  custom:container-demuxer-ogg: 62fdf1f143b41e24485cea50d1cbac27 -> 
  custom:AudioImporter_EditorPlatform: d09bf68614088b80899f8185d706f6e7 -> 
  custom:video-decoder-ogg-theora: a1e56fd34408186e4bbccfd4996cb3dc -> 
  custom:framework-win-MediaFoundation: 216162199b28c13a410421893ffa2e32 -> 
  custom:video-encoder-webm-vp8: eb34c28f22e8b96e1ab97ce403110664 -> 
  custom:audio-decoder-ogg-vorbis: bf7c407c2cedff20999df2af8eb42d56 -> 
  custom:CustomObjectIndexerAttribute: 756ad292c208cfabdd7b50bc23989ffe -> 
  custom:container-demuxer-webm: 4f35f7cbe854078d1ac9338744f61a02 -> 
  custom:audio-encoder-webm-vorbis: bf7c407c2cedff20999df2af8eb42d56 -> 
  custom:container-muxer-webm: aa71ff27fc2769a1b78a27578f13a17b -> 
========================================================================
Received Import Request.
  Time since last request: 223.356176 seconds.
  path: Assets/Assets/Models/Kenney/Nature Kit/rock_smallTopB.fbx
  artifactKey: Guid(2b73cd96ec13f4c45b18a5a6bde3e9c8) Importer(815301076,1909f56bfc062723c751e8b465ee728b)
Start importing Assets/Assets/Models/Kenney/Nature Kit/rock_smallTopB.fbx using Guid(2b73cd96ec13f4c45b18a5a6bde3e9c8) Importer(815301076,1909f56bfc062723c751e8b465ee728b)  -> (artifact id: '29e7be2f61f7e8722e2146340a76cceb') in 0.158398 seconds
Number of updated asset objects reloaded before import = 0
Number of asset objects unloaded after import = 9
========================================================================
Received Import Request.
  Time since last request: 0.000025 seconds.
  path: Assets/Assets/Models/Kenney/Nature Kit/statue_columnDamaged.fbx
  artifactKey: Guid(2ec7c77d0762ffb49ad21b95d2c10ade) Importer(815301076,1909f56bfc062723c751e8b465ee728b)
Start importing Assets/Assets/Models/Kenney/Nature Kit/statue_columnDamaged.fbx using Guid(2ec7c77d0762ffb49ad21b95d2c10ade) Importer(815301076,1909f56bfc062723c751e8b465ee728b)  -> (artifact id: '5ab28731ba4cb80857b9ebcf688e7de2') in 0.025771 seconds
Number of updated asset objects reloaded before import = 0
Number of asset objects unloaded after import = 9
========================================================================
Received Import Request.
  Time since last request: 0.000031 seconds.
  path: Assets/Assets/Models/Kenney/Nature Kit/statue_head.fbx
  artifactKey: Guid(c76c9d0e6c6a34145ad823c9e54f2168) Importer(815301076,1909f56bfc062723c751e8b465ee728b)
Start importing Assets/Assets/Models/Kenney/Nature Kit/statue_head.fbx using Guid(c76c9d0e6c6a34145ad823c9e54f2168) Importer(815301076,1909f56bfc062723c751e8b465ee728b)  -> (artifact id: '14469ee5921c01423729ef5a9a2cbb02') in 0.029603 seconds
Number of updated asset objects reloaded before import = 0
Number of asset objects unloaded after import = 10
========================================================================
Received Import Request.
  Time since last request: 0.000020 seconds.
  path: Assets/Assets/Models/Kenney/Nature Kit/rock_tallD.fbx
  artifactKey: Guid(97452a4776251cd41bb462430d53ea95) Importer(815301076,1909f56bfc062723c751e8b465ee728b)
Start importing Assets/Assets/Models/Kenney/Nature Kit/rock_tallD.fbx using Guid(97452a4776251cd41bb462430d53ea95) Importer(815301076,1909f56bfc062723c751e8b465ee728b)  -> (artifact id: '88d7fc896a05bc8d1f4651da967238ea') in 0.031437 seconds
Number of updated asset objects reloaded before import = 0
Number of asset objects unloaded after import = 10
========================================================================
Received Import Request.
  Time since last request: 0.000023 seconds.
  path: Assets/Assets/Models/Kenney/Nature Kit/sign.fbx
  artifactKey: Guid(8c4bebb76fa27b5458c008fcfe9cf31a) Importer(815301076,1909f56bfc062723c751e8b465ee728b)
Start importing Assets/Assets/Models/Kenney/Nature Kit/sign.fbx using Guid(8c4bebb76fa27b5458c008fcfe9cf31a) Importer(815301076,1909f56bfc062723c751e8b465ee728b)  -> (artifact id: '3e5423a8dd410634efc91bb7bf9026c2') in 0.031245 seconds
Number of updated asset objects reloaded before import = 0
Number of asset objects unloaded after import = 10
========================================================================
Received Import Request.
  Time since last request: 0.000021 seconds.
  path: Assets/Assets/Models/Kenney/Nature Kit/rock_tallG.fbx
  artifactKey: Guid(5f6749005a8da8043ba5c422d3c9edbc) Importer(815301076,1909f56bfc062723c751e8b465ee728b)
Start importing Assets/Assets/Models/Kenney/Nature Kit/rock_tallG.fbx using Guid(5f6749005a8da8043ba5c422d3c9edbc) Importer(815301076,1909f56bfc062723c751e8b465ee728b)  -> (artifact id: 'cf41ff6869ef86bffd50d2547a882cb2') in 0.031145 seconds
Number of updated asset objects reloaded before import = 0
Number of asset objects unloaded after import = 10
========================================================================
Received Import Request.
  Time since last request: 0.000022 seconds.
  path: Assets/Assets/Models/Kenney/Nature Kit/statue_column.fbx
  artifactKey: Guid(0432d7cba2848cd439c57b978059a0d2) Importer(815301076,1909f56bfc062723c751e8b465ee728b)
Start importing Assets/Assets/Models/Kenney/Nature Kit/statue_column.fbx using Guid(0432d7cba2848cd439c57b978059a0d2) Importer(815301076,1909f56bfc062723c751e8b465ee728b)  -> (artifact id: 'b0b0ae34f3833c1690e29b0aa64f22d3') in 0.031135 seconds
Number of updated asset objects reloaded before import = 0
Number of asset objects unloaded after import = 10
========================================================================
Received Import Request.
  Time since last request: 0.000018 seconds.
  path: Assets/Assets/Models/Kenney/Nature Kit/statue_block.fbx
  artifactKey: Guid(9a3316654038dc247a96485a72991fac) Importer(815301076,1909f56bfc062723c751e8b465ee728b)
Start importing Assets/Assets/Models/Kenney/Nature Kit/statue_block.fbx using Guid(9a3316654038dc247a96485a72991fac) Importer(815301076,1909f56bfc062723c751e8b465ee728b)  -> (artifact id: '501296e2342a704ba86a07ec99014c53') in 0.023453 seconds
Number of updated asset objects reloaded before import = 0
Number of asset objects unloaded after import = 9
========================================================================
Received Import Request.
  Time since last request: 5.881828 seconds.
  path: Assets/Assets/Models/Kenney/Nature Kit/statue_obelisk.fbx
  artifactKey: Guid(55ea6944f5245d44c878c962cc03174d) Importer(815301076,1909f56bfc062723c751e8b465ee728b)
Start importing Assets/Assets/Models/Kenney/Nature Kit/statue_obelisk.fbx using Guid(55ea6944f5245d44c878c962cc03174d) Importer(815301076,1909f56bfc062723c751e8b465ee728b)  -> (artifact id: 'c90e8f5162c3e02fba2e2bf9b99f5ddb') in 0.024905 seconds
Number of updated asset objects reloaded before import = 0
Number of asset objects unloaded after import = 9
========================================================================
Received Import Request.
  Time since last request: 0.000019 seconds.
  path: Assets/Assets/Models/Kenney/Nature Kit/stone_smallD.fbx
  artifactKey: Guid(2b0f2f8416e4ca147993b7083982d99a) Importer(815301076,1909f56bfc062723c751e8b465ee728b)
Start importing Assets/Assets/Models/Kenney/Nature Kit/stone_smallD.fbx using Guid(2b0f2f8416e4ca147993b7083982d99a) Importer(815301076,1909f56bfc062723c751e8b465ee728b)  -> (artifact id: '8a2daeeeeb82daade082ab57c511b806') in 0.019299 seconds
Number of updated asset objects reloaded before import = 0
Number of asset objects unloaded after import = 8
========================================================================
Received Import Request.
  Time since last request: 0.000024 seconds.
  path: Assets/Assets/Models/Kenney/Nature Kit/stone_largeF.fbx
  artifactKey: Guid(6445f22017d825a4cb27e4650ef262ac) Importer(815301076,1909f56bfc062723c751e8b465ee728b)
Start importing Assets/Assets/Models/Kenney/Nature Kit/stone_largeF.fbx using Guid(6445f22017d825a4cb27e4650ef262ac) Importer(815301076,1909f56bfc062723c751e8b465ee728b)  -> (artifact id: '6754233a60b8da95418c85b4c8682761') in 0.025458 seconds
Number of updated asset objects reloaded before import = 0
Number of asset objects unloaded after import = 9
========================================================================
Received Import Request.
  Time since last request: 0.000042 seconds.
  path: Assets/Assets/Models/Kenney/Nature Kit/stone_smallB.fbx
  artifactKey: Guid(f3df837ce2f1409429248efd6f2202d1) Importer(815301076,1909f56bfc062723c751e8b465ee728b)
Start importing Assets/Assets/Models/Kenney/Nature Kit/stone_smallB.fbx using Guid(f3df837ce2f1409429248efd6f2202d1) Importer(815301076,1909f56bfc062723c751e8b465ee728b)  -> (artifact id: 'fd1a8ce23e6485f8c480c9513a59e21e') in 0.021787 seconds
Number of updated asset objects reloaded before import = 0
Number of asset objects unloaded after import = 8
========================================================================
Received Import Request.
  Time since last request: 0.000019 seconds.
  path: Assets/Assets/Models/Kenney/Nature Kit/stone_smallF.fbx
  artifactKey: Guid(fad170ff92df048488f2ed10d8980418) Importer(815301076,1909f56bfc062723c751e8b465ee728b)
Start importing Assets/Assets/Models/Kenney/Nature Kit/stone_smallF.fbx using Guid(fad170ff92df048488f2ed10d8980418) Importer(815301076,1909f56bfc062723c751e8b465ee728b)  -> (artifact id: '6391531801f0433a7eceaa80c6c96583') in 0.021448 seconds
Number of updated asset objects reloaded before import = 0
Number of asset objects unloaded after import = 8
========================================================================
Received Import Request.
  Time since last request: 0.000020 seconds.
  path: Assets/Assets/Models/Kenney/Nature Kit/stone_smallFlatB.fbx
  artifactKey: Guid(842cde35eef3a1b458a002042b5fa8fc) Importer(815301076,1909f56bfc062723c751e8b465ee728b)
Start importing Assets/Assets/Models/Kenney/Nature Kit/stone_smallFlatB.fbx using Guid(842cde35eef3a1b458a002042b5fa8fc) Importer(815301076,1909f56bfc062723c751e8b465ee728b)  -> (artifact id: '17ed12a42e5751ef15b0ba4571da7e7a') in 0.021422 seconds
Number of updated asset objects reloaded before import = 0
Number of asset objects unloaded after import = 8
========================================================================
Received Import Request.
  Time since last request: 0.000083 seconds.
  path: Assets/Assets/Models/Kenney/Nature Kit/stone_largeB.fbx
  artifactKey: Guid(f2be5aaa9a8527447b98c6fc13b7c190) Importer(815301076,1909f56bfc062723c751e8b465ee728b)
Start importing Assets/Assets/Models/Kenney/Nature Kit/stone_largeB.fbx using Guid(f2be5aaa9a8527447b98c6fc13b7c190) Importer(815301076,1909f56bfc062723c751e8b465ee728b)  -> (artifact id: 'c2b7aa664a6ce495b722e11ca0da9f00') in 0.032531 seconds
Number of updated asset objects reloaded before import = 0
Number of asset objects unloaded after import = 9
========================================================================
Received Import Request.
  Time since last request: 0.000028 seconds.
  path: Assets/Assets/Models/Kenney/Nature Kit/stone_smallC.fbx
  artifactKey: Guid(6076c3e2a6ce6574486a48cd9e9e7195) Importer(815301076,1909f56bfc062723c751e8b465ee728b)
Start importing Assets/Assets/Models/Kenney/Nature Kit/stone_smallC.fbx using Guid(6076c3e2a6ce6574486a48cd9e9e7195) Importer(815301076,1909f56bfc062723c751e8b465ee728b)  -> (artifact id: '5c59732c0886270b9119c6858af08110') in 0.024723 seconds
Number of updated asset objects reloaded before import = 0
Number of asset objects unloaded after import = 8
========================================================================
Received Import Request.
  Time since last request: 0.181153 seconds.
  path: Assets/Assets/Models/Kenney/Nature Kit/stone_smallG.fbx
  artifactKey: Guid(982909b57e676bb42ab50d452339364b) Importer(815301076,1909f56bfc062723c751e8b465ee728b)
Start importing Assets/Assets/Models/Kenney/Nature Kit/stone_smallG.fbx using Guid(982909b57e676bb42ab50d452339364b) Importer(815301076,1909f56bfc062723c751e8b465ee728b)  -> (artifact id: '9c8558ea420cf126399e084c4e82e2bb') in 0.019188 seconds
Number of updated asset objects reloaded before import = 0
Number of asset objects unloaded after import = 8
========================================================================
Received Import Request.
  Time since last request: 0.000018 seconds.
  path: Assets/Assets/Models/Kenney/Nature Kit/stone_tallJ.fbx
  artifactKey: Guid(89748772a2dd6ae42b65d93299a95638) Importer(815301076,1909f56bfc062723c751e8b465ee728b)
Start importing Assets/Assets/Models/Kenney/Nature Kit/stone_tallJ.fbx using Guid(89748772a2dd6ae42b65d93299a95638) Importer(815301076,1909f56bfc062723c751e8b465ee728b)  -> (artifact id: 'e43017edcf86e95e9cf2808c64375b47') in 0.024040 seconds
Number of updated asset objects reloaded before import = 0
Number of asset objects unloaded after import = 9
========================================================================
Received Import Request.
  Time since last request: 0.000019 seconds.
  path: Assets/Assets/Models/Kenney/Nature Kit/stone_tallA.fbx
  artifactKey: Guid(a1db6a0b9d2ddf64e824d261223be459) Importer(815301076,1909f56bfc062723c751e8b465ee728b)
Start importing Assets/Assets/Models/Kenney/Nature Kit/stone_tallA.fbx using Guid(a1db6a0b9d2ddf64e824d261223be459) Importer(815301076,1909f56bfc062723c751e8b465ee728b)  -> (artifact id: '7af958b486a65f1f0d6d75dca471c3e7') in 0.024803 seconds
Number of updated asset objects reloaded before import = 0
Number of asset objects unloaded after import = 9
========================================================================
Received Import Request.
  Time since last request: 0.000017 seconds.
  path: Assets/Assets/Models/Kenney/Nature Kit/stone_tallF.fbx
  artifactKey: Guid(d3ab351ce02f74c40ba3d57ea38686f3) Importer(815301076,1909f56bfc062723c751e8b465ee728b)
Start importing Assets/Assets/Models/Kenney/Nature Kit/stone_tallF.fbx using Guid(d3ab351ce02f74c40ba3d57ea38686f3) Importer(815301076,1909f56bfc062723c751e8b465ee728b)  -> (artifact id: 'd46f6efbe42047c2f9f8f4f7a868a054') in 0.023126 seconds
Number of updated asset objects reloaded before import = 0
Number of asset objects unloaded after import = 9
========================================================================
Received Import Request.
  Time since last request: 0.000018 seconds.
  path: Assets/Assets/Models/Kenney/Nature Kit/stump_oldTall.fbx
  artifactKey: Guid(020bdc3643159e44381a4a222605a4ba) Importer(815301076,1909f56bfc062723c751e8b465ee728b)
Start importing Assets/Assets/Models/Kenney/Nature Kit/stump_oldTall.fbx using Guid(020bdc3643159e44381a4a222605a4ba) Importer(815301076,1909f56bfc062723c751e8b465ee728b)  -> (artifact id: '70f09185800cb1d3ce94a4ccc3751064') in 0.018671 seconds
Number of updated asset objects reloaded before import = 0
Number of asset objects unloaded after import = 8
========================================================================
Received Import Request.
  Time since last request: 0.000023 seconds.
  path: Assets/Assets/Models/Kenney/Nature Kit/tree_blocks.fbx
  artifactKey: Guid(d5226f862030dd24eb0362e9bcafc5a4) Importer(815301076,1909f56bfc062723c751e8b465ee728b)
Start importing Assets/Assets/Models/Kenney/Nature Kit/tree_blocks.fbx using Guid(d5226f862030dd24eb0362e9bcafc5a4) Importer(815301076,1909f56bfc062723c751e8b465ee728b)  -> (artifact id: '6d27284af501fe85df594f08719445dd') in 0.026695 seconds
Number of updated asset objects reloaded before import = 0
Number of asset objects unloaded after import = 9
========================================================================
Received Import Request.
  Time since last request: 0.000029 seconds.
  path: Assets/Assets/Models/Kenney/Nature Kit/stump_square.fbx
  artifactKey: Guid(59f22a7079492f142ad9ba98cdd431ea) Importer(815301076,1909f56bfc062723c751e8b465ee728b)
Start importing Assets/Assets/Models/Kenney/Nature Kit/stump_square.fbx using Guid(59f22a7079492f142ad9ba98cdd431ea) Importer(815301076,1909f56bfc062723c751e8b465ee728b)  -> (artifact id: '3d347d8725dd630fac56cb224dead586') in 0.024877 seconds
Number of updated asset objects reloaded before import = 0
Number of asset objects unloaded after import = 9
========================================================================
Received Import Request.
  Time since last request: 0.000020 seconds.
  path: Assets/Assets/Models/Kenney/Nature Kit/tree_cone.fbx
  artifactKey: Guid(2d0404b0d4206454c87b305fd5e60ba7) Importer(815301076,1909f56bfc062723c751e8b465ee728b)
Start importing Assets/Assets/Models/Kenney/Nature Kit/tree_cone.fbx using Guid(2d0404b0d4206454c87b305fd5e60ba7) Importer(815301076,1909f56bfc062723c751e8b465ee728b)  -> (artifact id: '914ff6fa0377d23c528dc862fa4f187c') in 0.025187 seconds
Number of updated asset objects reloaded before import = 0
Number of asset objects unloaded after import = 9
========================================================================
Received Import Request.
  Time since last request: 0.000019 seconds.
  path: Assets/Assets/Models/Kenney/Nature Kit/stone_tallG.fbx
  artifactKey: Guid(aee9ba0cef3d65042b4ccb18302bd3da) Importer(815301076,1909f56bfc062723c751e8b465ee728b)
Start importing Assets/Assets/Models/Kenney/Nature Kit/stone_tallG.fbx using Guid(aee9ba0cef3d65042b4ccb18302bd3da) Importer(815301076,1909f56bfc062723c751e8b465ee728b)  -> (artifact id: 'db34887fd9a8b710d382dbd2e73b92b5') in 0.024348 seconds
Number of updated asset objects reloaded before import = 0
Number of asset objects unloaded after import = 9
========================================================================
Received Import Request.
  Time since last request: 0.000020 seconds.
  path: Assets/Assets/Models/Kenney/Nature Kit/stump_squareDetailedWide.fbx
  artifactKey: Guid(dd779dec793e30c40bf162b6ec785ba5) Importer(815301076,1909f56bfc062723c751e8b465ee728b)
Start importing Assets/Assets/Models/Kenney/Nature Kit/stump_squareDetailedWide.fbx using Guid(dd779dec793e30c40bf162b6ec785ba5) Importer(815301076,1909f56bfc062723c751e8b465ee728b)  -> (artifact id: '6b252582254a6941d085231fc2934e76') in 0.023183 seconds
Number of updated asset objects reloaded before import = 0
Number of asset objects unloaded after import = 9
========================================================================
Received Import Request.
  Time since last request: 0.625643 seconds.
  path: Assets/Assets/Models/Kenney/Nature Kit/tree_default.fbx
  artifactKey: Guid(0c4fd0fb1fbce0746804a34e6d15a5e9) Importer(815301076,1909f56bfc062723c751e8b465ee728b)
Start importing Assets/Assets/Models/Kenney/Nature Kit/tree_default.fbx using Guid(0c4fd0fb1fbce0746804a34e6d15a5e9) Importer(815301076,1909f56bfc062723c751e8b465ee728b)  -> (artifact id: '79f89080c95b0e28974f26dd3d7be98b') in 0.023879 seconds
Number of updated asset objects reloaded before import = 0
Number of asset objects unloaded after import = 9
========================================================================
Received Import Request.
  Time since last request: 0.000018 seconds.
  path: Assets/Assets/Models/Kenney/Nature Kit/tree_oak.fbx
  artifactKey: Guid(9c52cf3ecad9b9e45bf6833b0e4ac7d5) Importer(815301076,1909f56bfc062723c751e8b465ee728b)
Start importing Assets/Assets/Models/Kenney/Nature Kit/tree_oak.fbx using Guid(9c52cf3ecad9b9e45bf6833b0e4ac7d5) Importer(815301076,1909f56bfc062723c751e8b465ee728b)  -> (artifact id: '455390174d89b2e9c5401990f6658b56') in 0.024716 seconds
Number of updated asset objects reloaded before import = 0
Number of asset objects unloaded after import = 9
========================================================================
Received Import Request.
  Time since last request: 0.000019 seconds.
  path: Assets/Assets/Models/Kenney/Nature Kit/tree_fat.fbx
  artifactKey: Guid(2fef825f0f2a7af40bfcf009d7b70ff9) Importer(815301076,1909f56bfc062723c751e8b465ee728b)
Start importing Assets/Assets/Models/Kenney/Nature Kit/tree_fat.fbx using Guid(2fef825f0f2a7af40bfcf009d7b70ff9) Importer(815301076,1909f56bfc062723c751e8b465ee728b)  -> (artifact id: 'c6b25aff7b285303d1416f75b85d8c95') in 0.024352 seconds
Number of updated asset objects reloaded before import = 0
Number of asset objects unloaded after import = 9
========================================================================
Received Import Request.
  Time since last request: 0.000019 seconds.
  path: Assets/Assets/Models/Kenney/Nature Kit/tree_pineGroundA.fbx
  artifactKey: Guid(522a0cdd2d668614f8d30655472a3397) Importer(815301076,1909f56bfc062723c751e8b465ee728b)
Start importing Assets/Assets/Models/Kenney/Nature Kit/tree_pineGroundA.fbx using Guid(522a0cdd2d668614f8d30655472a3397) Importer(815301076,1909f56bfc062723c751e8b465ee728b)  -> (artifact id: '2e5c38f566a17c5106aefeeb0f286f14') in 0.019036 seconds
Number of updated asset objects reloaded before import = 0
Number of asset objects unloaded after import = 8
========================================================================
Received Import Request.
  Time since last request: 0.000022 seconds.
  path: Assets/Assets/Models/Kenney/Nature Kit/tree_pineRoundE.fbx
  artifactKey: Guid(f7a6963302d044345911df295b754f45) Importer(815301076,1909f56bfc062723c751e8b465ee728b)
Start importing Assets/Assets/Models/Kenney/Nature Kit/tree_pineRoundE.fbx using Guid(f7a6963302d044345911df295b754f45) Importer(815301076,1909f56bfc062723c751e8b465ee728b)  -> (artifact id: '358a401030ead8a038e678bce9dad455') in 0.024902 seconds
Number of updated asset objects reloaded before import = 0
Number of asset objects unloaded after import = 9
========================================================================
Received Import Request.
  Time since last request: 0.000030 seconds.
  path: Assets/Assets/Models/Kenney/Nature Kit/tree_pineRoundD.fbx
  artifactKey: Guid(27cf4364da0219b4d9d9ac9a44c9d0ce) Importer(815301076,1909f56bfc062723c751e8b465ee728b)
Start importing Assets/Assets/Models/Kenney/Nature Kit/tree_pineRoundD.fbx using Guid(27cf4364da0219b4d9d9ac9a44c9d0ce) Importer(815301076,1909f56bfc062723c751e8b465ee728b)  -> (artifact id: '2817a549d530260429ae49e9873faf74') in 0.022810 seconds
Number of updated asset objects reloaded before import = 0
Number of asset objects unloaded after import = 9
========================================================================
Received Import Request.
  Time since last request: 4.668314 seconds.
  path: Assets/Assets/Models/Kenney/Nature Kit/tree_pineTallA.fbx
  artifactKey: Guid(d7f5ef44850bf9841bd76b493c4a9aa9) Importer(815301076,1909f56bfc062723c751e8b465ee728b)
Start importing Assets/Assets/Models/Kenney/Nature Kit/tree_pineTallA.fbx using Guid(d7f5ef44850bf9841bd76b493c4a9aa9) Importer(815301076,1909f56bfc062723c751e8b465ee728b)  -> (artifact id: '75b68ae2c6ca60a0ab71a70b3f2f9cf2') in 0.026017 seconds
Number of updated asset objects reloaded before import = 0
Number of asset objects unloaded after import = 9
========================================================================
Received Import Request.
  Time since last request: 0.000017 seconds.
  path: Assets/Assets/Models/Kenney/Nature Kit/tree_plateau_dark.fbx
  artifactKey: Guid(3c6ea3dc68feda948a96807b6d2b2dda) Importer(815301076,1909f56bfc062723c751e8b465ee728b)
Start importing Assets/Assets/Models/Kenney/Nature Kit/tree_plateau_dark.fbx using Guid(3c6ea3dc68feda948a96807b6d2b2dda) Importer(815301076,1909f56bfc062723c751e8b465ee728b)  -> (artifact id: 'a8400df94a9ad7a6765171255e3300d5') in 0.027399 seconds
Number of updated asset objects reloaded before import = 0
Number of asset objects unloaded after import = 9
========================================================================
Received Import Request.
  Time since last request: 0.000021 seconds.
  path: Assets/Assets/Models/Kenney/Nature Kit/tree_simple.fbx
  artifactKey: Guid(f847a1c513c9a174bab5272e3914e1f3) Importer(815301076,1909f56bfc062723c751e8b465ee728b)
Start importing Assets/Assets/Models/Kenney/Nature Kit/tree_simple.fbx using Guid(f847a1c513c9a174bab5272e3914e1f3) Importer(815301076,1909f56bfc062723c751e8b465ee728b)  -> (artifact id: 'c29d7ff8cab226b56d3f724e72be9ef8') in 0.025645 seconds
Number of updated asset objects reloaded before import = 0
Number of asset objects unloaded after import = 9
========================================================================
Received Import Request.
  Time since last request: 0.020642 seconds.
  path: Assets/Assets/Models/Kenney/Nature Kit/tree_small_fall.fbx
  artifactKey: Guid(b0dc0f2121bcdb743a30e8191bd1af04) Importer(815301076,1909f56bfc062723c751e8b465ee728b)
Start importing Assets/Assets/Models/Kenney/Nature Kit/tree_small_fall.fbx using Guid(b0dc0f2121bcdb743a30e8191bd1af04) Importer(815301076,1909f56bfc062723c751e8b465ee728b)  -> (artifact id: 'dbf03c3496e4773cae978ba02cc25ade') in 0.025026 seconds
Number of updated asset objects reloaded before import = 0
Number of asset objects unloaded after import = 9
========================================================================
Received Import Request.
  Time since last request: 0.000018 seconds.
  path: Assets/Assets/Models/Kenney/Nature Kit/tree_thin_fall.fbx
  artifactKey: Guid(e07e1b4e61cd375439c32bffc367dc0f) Importer(815301076,1909f56bfc062723c751e8b465ee728b)
Start importing Assets/Assets/Models/Kenney/Nature Kit/tree_thin_fall.fbx using Guid(e07e1b4e61cd375439c32bffc367dc0f) Importer(815301076,1909f56bfc062723c751e8b465ee728b)  -> (artifact id: '33daddaf919789d6323b7850ac92b8c0') in 0.023107 seconds
Number of updated asset objects reloaded before import = 0
Number of asset objects unloaded after import = 9
========================================================================
Received Import Request.
  Time since last request: 7033.990319 seconds.
  path: Assets/Unvik_3D/AshMoor/FBX/Grass_02.fbx
  artifactKey: Guid(6c4cb9d32944d3442ab784a00e0d0dca) Importer(815301076,1909f56bfc062723c751e8b465ee728b)
Start importing Assets/Unvik_3D/AshMoor/FBX/Grass_02.fbx using Guid(6c4cb9d32944d3442ab784a00e0d0dca) Importer(815301076,1909f56bfc062723c751e8b465ee728b)  -> (artifact id: '5d169f32d9729ef7ed1de1bc40ce95c7') in 0.030542 seconds
Number of updated asset objects reloaded before import = 0
Number of asset objects unloaded after import = 9
========================================================================
Received Import Request.
  Time since last request: 0.072339 seconds.
  path: Assets/Unvik_3D/AshMoor/FBX/Rock_02.fbx
  artifactKey: Guid(70f55cbf15b64414da88783ab40ffe81) Importer(815301076,1909f56bfc062723c751e8b465ee728b)
Start importing Assets/Unvik_3D/AshMoor/FBX/Rock_02.fbx using Guid(70f55cbf15b64414da88783ab40ffe81) Importer(815301076,1909f56bfc062723c751e8b465ee728b)  -> (artifact id: 'cbc726bebfa616eab6790197aadf198a') in 0.035975 seconds
Number of updated asset objects reloaded before import = 0
Number of asset objects unloaded after import = 16
========================================================================
Received Import Request.
  Time since last request: 0.005874 seconds.
  path: Assets/Unvik_3D/AshMoor/FBX/Tree_01.fbx
  artifactKey: Guid(c9ed10e1c5bd0b64d8c3d17e0eb65b78) Importer(815301076,1909f56bfc062723c751e8b465ee728b)
Start importing Assets/Unvik_3D/AshMoor/FBX/Tree_01.fbx using Guid(c9ed10e1c5bd0b64d8c3d17e0eb65b78) Importer(815301076,1909f56bfc062723c751e8b465ee728b)  -> (artifact id: 'c49348d345e66c162ca74dbe886df108') in 0.017652 seconds
Number of updated asset objects reloaded before import = 0
Number of asset objects unloaded after import = 9
========================================================================
Received Import Request.
  Time since last request: 0.003885 seconds.
  path: Assets/Unvik_3D/AshMoor/FBX/Tree_03.fbx
  artifactKey: Guid(385a6d70b66d6d34db45d17df7c43829) Importer(815301076,1909f56bfc062723c751e8b465ee728b)
Start importing Assets/Unvik_3D/AshMoor/FBX/Tree_03.fbx using Guid(385a6d70b66d6d34db45d17df7c43829) Importer(815301076,1909f56bfc062723c751e8b465ee728b)  -> (artifact id: '74c8f6d187f6c419fa668527e1278a43') in 0.019325 seconds
Number of updated asset objects reloaded before import = 0
Number of asset objects unloaded after import = 9
========================================================================
Received Import Request.
  Time since last request: 0.000034 seconds.
  path: Assets/Unvik_3D/AshMoor/FBX/roots_01.fbx
  artifactKey: Guid(a657ea77b295d9f48972c1521662504b) Importer(815301076,1909f56bfc062723c751e8b465ee728b)
Start importing Assets/Unvik_3D/AshMoor/FBX/roots_01.fbx using Guid(a657ea77b295d9f48972c1521662504b) Importer(815301076,1909f56bfc062723c751e8b465ee728b)  -> (artifact id: '49744c1cf2332cad1e41ad7f31b70b4e') in 0.019430 seconds
Number of updated asset objects reloaded before import = 0
Number of asset objects unloaded after import = 9
========================================================================
Received Import Request.
  Time since last request: 0.000025 seconds.
  path: Assets/Unvik_3D/AshMoor/FBX/Rock_03.fbx
  artifactKey: Guid(98082ddc05973fa4a91a901d93192a34) Importer(815301076,1909f56bfc062723c751e8b465ee728b)
Start importing Assets/Unvik_3D/AshMoor/FBX/Rock_03.fbx using Guid(98082ddc05973fa4a91a901d93192a34) Importer(815301076,1909f56bfc062723c751e8b465ee728b)  -> (artifact id: '409c2385681cbd11d1c87a67fdfdc6ca') in 0.016934 seconds
Number of updated asset objects reloaded before import = 0
Number of asset objects unloaded after import = 9
========================================================================
Received Import Request.
  Time since last request: 0.000030 seconds.
  path: Assets/Unvik_3D/AshMoor/FBX/Tree_02.fbx
  artifactKey: Guid(89562f136e7b5b749a78d470eb926513) Importer(815301076,1909f56bfc062723c751e8b465ee728b)
Start importing Assets/Unvik_3D/AshMoor/FBX/Tree_02.fbx using Guid(89562f136e7b5b749a78d470eb926513) Importer(815301076,1909f56bfc062723c751e8b465ee728b)  -> (artifact id: '4a63f4582d8381307c8659580cf50981') in 0.015857 seconds
Number of updated asset objects reloaded before import = 0
Number of asset objects unloaded after import = 9
========================================================================
Received Import Request.
  Time since last request: 0.000018 seconds.
  path: Assets/Unvik_3D/AshMoor/FBX/Trunk_03.fbx
  artifactKey: Guid(bc98a350d584ef64995c531529593f19) Importer(815301076,1909f56bfc062723c751e8b465ee728b)
Start importing Assets/Unvik_3D/AshMoor/FBX/Trunk_03.fbx using Guid(bc98a350d584ef64995c531529593f19) Importer(815301076,1909f56bfc062723c751e8b465ee728b)  -> (artifact id: 'a2647d43d5637548df33d0b73495023f') in 0.018557 seconds
Number of updated asset objects reloaded before import = 0
Number of asset objects unloaded after import = 9
========================================================================
Received Import Request.
  Time since last request: 2.691364 seconds.
  path: Assets/Unvik_3D/AshMoor/Prefabs/Ashmoor_Grass_01.prefab
  artifactKey: Guid(18a1ec5a135b2074d96f1d329d53108e) Importer(815301076,1909f56bfc062723c751e8b465ee728b)
Start importing Assets/Unvik_3D/AshMoor/Prefabs/Ashmoor_Grass_01.prefab using Guid(18a1ec5a135b2074d96f1d329d53108e) Importer(815301076,1909f56bfc062723c751e8b465ee728b)  -> (artifact id: '0f823a3a41a4f10c2ce263e0210477b2') in 0.011619 seconds
Number of updated asset objects reloaded before import = 0
Number of asset objects unloaded after import = 10
========================================================================
Received Import Request.
  Time since last request: 0.000024 seconds.
  path: Assets/Unvik_3D/AshMoor/Prefabs/Ashmoor_Tree_03.prefab
  artifactKey: Guid(b11704d4e0843594f8d8df47ac4504b7) Importer(815301076,1909f56bfc062723c751e8b465ee728b)
Start importing Assets/Unvik_3D/AshMoor/Prefabs/Ashmoor_Tree_03.prefab using Guid(b11704d4e0843594f8d8df47ac4504b7) Importer(815301076,1909f56bfc062723c751e8b465ee728b)  -> (artifact id: 'd80d290f0f379ca91f4767d8c3f5b79d') in 0.014013 seconds
Number of updated asset objects reloaded before import = 0
Number of asset objects unloaded after import = 10
========================================================================
Received Import Request.
  Time since last request: 0.000026 seconds.
  path: Assets/Unvik_3D/AshMoor/Prefabs/Ashmoor_Trunk_02.prefab
  artifactKey: Guid(777f10215763ebc48b9c97d61b29f6f3) Importer(815301076,1909f56bfc062723c751e8b465ee728b)
Start importing Assets/Unvik_3D/AshMoor/Prefabs/Ashmoor_Trunk_02.prefab using Guid(777f10215763ebc48b9c97d61b29f6f3) Importer(815301076,1909f56bfc062723c751e8b465ee728b)  -> (artifact id: 'ae125f354adac4a056ab405a48bd0987') in 0.011551 seconds
Number of updated asset objects reloaded before import = 0
Number of asset objects unloaded after import = 10
========================================================================
Received Import Request.
  Time since last request: 0.000021 seconds.
  path: Assets/Unvik_3D/AshMoor/Prefabs/Ashmoor_Trunk_03.prefab
  artifactKey: Guid(abb3f7e035629dd409a1554f0b04136d) Importer(815301076,1909f56bfc062723c751e8b465ee728b)
Start importing Assets/Unvik_3D/AshMoor/Prefabs/Ashmoor_Trunk_03.prefab using Guid(abb3f7e035629dd409a1554f0b04136d) Importer(815301076,1909f56bfc062723c751e8b465ee728b)  -> (artifact id: '770c3dabe525f7247a34f47c4eb84698') in 0.012321 seconds
Number of updated asset objects reloaded before import = 0
Number of asset objects unloaded after import = 10
========================================================================
Received Import Request.
  Time since last request: 0.000022 seconds.
  path: Assets/Unvik_3D/AshMoor/Prefabs/Ashmoor_Tree_02.prefab
  artifactKey: Guid(c5a74388702bbaf4d8e36e9e6f6c5645) Importer(815301076,1909f56bfc062723c751e8b465ee728b)
Start importing Assets/Unvik_3D/AshMoor/Prefabs/Ashmoor_Tree_02.prefab using Guid(c5a74388702bbaf4d8e36e9e6f6c5645) Importer(815301076,1909f56bfc062723c751e8b465ee728b)  -> (artifact id: '75d6015fb03763919ad17f020a5cfd12') in 0.012488 seconds
Number of updated asset objects reloaded before import = 0
Number of asset objects unloaded after import = 10
========================================================================
Received Import Request.
  Time since last request: 0.000022 seconds.
  path: Assets/Unvik_3D/AshMoor/Prefabs/Ashmoor_Tree_01.prefab
  artifactKey: Guid(cdd4d3c65026ba94aaa2fd47b4d2b4b5) Importer(815301076,1909f56bfc062723c751e8b465ee728b)
Start importing Assets/Unvik_3D/AshMoor/Prefabs/Ashmoor_Tree_01.prefab using Guid(cdd4d3c65026ba94aaa2fd47b4d2b4b5) Importer(815301076,1909f56bfc062723c751e8b465ee728b)  -> (artifact id: '72f71d890e88d709956e90375823cf00') in 0.011473 seconds
Number of updated asset objects reloaded before import = 0
Number of asset objects unloaded after import = 10
========================================================================
Received Import Request.
  Time since last request: 0.000025 seconds.
  path: Assets/Unvik_3D/AshMoor/Prefabs/Ashmoor_Grass_02.prefab
  artifactKey: Guid(5edbf2b22446f1440bd3047f3646d7fa) Importer(815301076,1909f56bfc062723c751e8b465ee728b)
Start importing Assets/Unvik_3D/AshMoor/Prefabs/Ashmoor_Grass_02.prefab using Guid(5edbf2b22446f1440bd3047f3646d7fa) Importer(815301076,1909f56bfc062723c751e8b465ee728b)  -> (artifact id: 'b61f7cb6820936221a1bb9b208317f6d') in 0.010745 seconds
Number of updated asset objects reloaded before import = 0
Number of asset objects unloaded after import = 10
========================================================================
Received Import Request.
  Time since last request: 0.000038 seconds.
  path: Assets/Unvik_3D/AshMoor/Prefabs/Ashmoor_roots_02.prefab
  artifactKey: Guid(94e6e8c0644d8c549af7923829aa13aa) Importer(815301076,1909f56bfc062723c751e8b465ee728b)
Start importing Assets/Unvik_3D/AshMoor/Prefabs/Ashmoor_roots_02.prefab using Guid(94e6e8c0644d8c549af7923829aa13aa) Importer(815301076,1909f56bfc062723c751e8b465ee728b)  -> (artifact id: 'c0a39a5bd15de44a52e43959d6c80a06') in 0.012150 seconds
Number of updated asset objects reloaded before import = 0
Number of asset objects unloaded after import = 10
========================================================================
Received Import Request.
  Time since last request: 0.000025 seconds.
  path: Assets/Unvik_3D/AshMoor/Prefabs/Ashmoor_Mushroom_01.prefab
  artifactKey: Guid(52cc190fae5ff3846926646c00e5db8b) Importer(815301076,1909f56bfc062723c751e8b465ee728b)
Start importing Assets/Unvik_3D/AshMoor/Prefabs/Ashmoor_Mushroom_01.prefab using Guid(52cc190fae5ff3846926646c00e5db8b) Importer(815301076,1909f56bfc062723c751e8b465ee728b)  -> (artifact id: '44a2810cec0166fcb2ce156ee3e9c31c') in 0.010920 seconds
Number of updated asset objects reloaded before import = 0
Number of asset objects unloaded after import = 10
========================================================================
Received Import Request.
  Time since last request: 0.000024 seconds.
  path: Assets/Unvik_3D/AshMoor/Prefabs/Ashmoor_Trunk_04.prefab
  artifactKey: Guid(9d8b954565e1c6c49815173562f3c29c) Importer(815301076,1909f56bfc062723c751e8b465ee728b)
Start importing Assets/Unvik_3D/AshMoor/Prefabs/Ashmoor_Trunk_04.prefab using Guid(9d8b954565e1c6c49815173562f3c29c) Importer(815301076,1909f56bfc062723c751e8b465ee728b)  -> (artifact id: '8fecba8e7e50227bef448f91a6c1ac8c') in 0.012042 seconds
Number of updated asset objects reloaded before import = 0
Number of asset objects unloaded after import = 10
Editor requested this worker to shutdown with reason: Scaling down because of idle timeout
TcpMessagingSession - receive error: operation aborted. errorcode: 995, details: The I/O operation has been aborted because of either a thread exit or an application request.
AssetImportWorker is now disconnected from the server
Process exiting
Exiting without the bug reporter. Application will terminate with return code 0